This is XeTeX, Version 3.141592653-2.6-0.999996 (TeX Live 2024) (preloaded format=xelatex 2024.6.29)  23 JUL 2024 23:14
entering extended mode
 restricted \write18 enabled.
 %&-line parsing enabled.
**XB2.tex
(./XB2.tex
LaTeX2e <2023-11-01> patch level 1
L3 programming layer <2024-02-20>
(/usr/local/texlive/2024/texmf-dist/tex/latex/base/article.cls
Document Class: article 2023/05/17 v1.4n Standard LaTeX document class
(/usr/local/texlive/2024/texmf-dist/tex/latex/base/size10.clo
File: size10.clo 2023/05/17 v1.4n Standard LaTeX file (size option)
)
\c@part=\count184
\c@section=\count185
\c@subsection=\count186
\c@subsubsection=\count187
\c@paragraph=\count188
\c@subparagraph=\count189
\c@figure=\count190
\c@table=\count191
\abovecaptionskip=\skip48
\belowcaptionskip=\skip49
\bibindent=\dimen140
)
(/usr/local/texlive/2024/texmf-dist/tex/latex/base/inputenc.sty
Package: inputenc 2021/02/14 v1.3d Input encoding file
\inpenc@prehook=\toks17
\inpenc@posthook=\toks18


Package inputenc Warning: inputenc package ignored with utf8 based engines.

) (/usr/local/texlive/2024/texmf-dist/tex/latex/base/fontenc.sty
Package: fontenc 2021/04/29 v2.0v Standard LaTeX package
LaTeX Font Info:    Trying to load font information for T1+lmr on input line 11
2.

(/usr/local/texlive/2024/texmf-dist/tex/latex/lm/t1lmr.fd
File: t1lmr.fd 2015/05/01 v1.6.1 Font defs for Latin Modern
))
(/usr/local/texlive/2024/texmf-dist/tex/latex/amsmath/amsmath.sty
Package: amsmath 2023/05/13 v2.17o AMS math features
\@mathmargin=\skip50

For additional information on amsmath, use the `?' option.
(/usr/local/texlive/2024/texmf-dist/tex/latex/amsmath/amstext.sty
Package: amstext 2021/08/26 v2.01 AMS text

(/usr/local/texlive/2024/texmf-dist/tex/latex/amsmath/amsgen.sty
File: amsgen.sty 1999/11/30 v2.0 generic functions
\@emptytoks=\toks19
\ex@=\dimen141
))
(/usr/local/texlive/2024/texmf-dist/tex/latex/amsmath/amsbsy.sty
Package: amsbsy 1999/11/29 v1.2d Bold Symbols
\pmbraise@=\dimen142
)
(/usr/local/texlive/2024/texmf-dist/tex/latex/amsmath/amsopn.sty
Package: amsopn 2022/04/08 v2.04 operator names
)
\inf@bad=\count192
LaTeX Info: Redefining \frac on input line 234.
\uproot@=\count193
\leftroot@=\count194
LaTeX Info: Redefining \overline on input line 399.
LaTeX Info: Redefining \colon on input line 410.
\classnum@=\count195
\DOTSCASE@=\count196
LaTeX Info: Redefining \ldots on input line 496.
LaTeX Info: Redefining \dots on input line 499.
LaTeX Info: Redefining \cdots on input line 620.
\Mathstrutbox@=\box51
\strutbox@=\box52
LaTeX Info: Redefining \big on input line 722.
LaTeX Info: Redefining \Big on input line 723.
LaTeX Info: Redefining \bigg on input line 724.
LaTeX Info: Redefining \Bigg on input line 725.
\big@size=\dimen143
LaTeX Font Info:    Redeclaring font encoding OML on input line 743.
LaTeX Font Info:    Redeclaring font encoding OMS on input line 744.
\macc@depth=\count197
LaTeX Info: Redefining \bmod on input line 905.
LaTeX Info: Redefining \pmod on input line 910.
LaTeX Info: Redefining \smash on input line 940.
LaTeX Info: Redefining \relbar on input line 970.
LaTeX Info: Redefining \Relbar on input line 971.
\c@MaxMatrixCols=\count198
\dotsspace@=\muskip16
\c@parentequation=\count199
\dspbrk@lvl=\count266
\tag@help=\toks20
\row@=\count267
\column@=\count268
\maxfields@=\count269
\andhelp@=\toks21
\eqnshift@=\dimen144
\alignsep@=\dimen145
\tagshift@=\dimen146
\tagwidth@=\dimen147
\totwidth@=\dimen148
\lineht@=\dimen149
\@envbody=\toks22
\multlinegap=\skip51
\multlinetaggap=\skip52
\mathdisplay@stack=\toks23
LaTeX Info: Redefining \[ on input line 2953.
LaTeX Info: Redefining \] on input line 2954.
)
(/usr/local/texlive/2024/texmf-dist/tex/latex/amsfonts/amsfonts.sty
Package: amsfonts 2013/01/14 v3.01 Basic AMSFonts support
\symAMSa=\mathgroup4
\symAMSb=\mathgroup5
LaTeX Font Info:    Redeclaring math symbol \hbar on input line 98.
LaTeX Font Info:    Overwriting math alphabet `\mathfrak' in version `bold'
(Font)                  U/euf/m/n --> U/euf/b/n on input line 106.
)
(/usr/local/texlive/2024/texmf-dist/tex/latex/amsfonts/amssymb.sty
Package: amssymb 2013/01/14 v3.01 AMS font symbols
)
(/usr/local/texlive/2024/texmf-dist/tex/latex/stmaryrd/stmaryrd.sty
Package: stmaryrd 1994/03/03 St Mary's Road symbol package
\symstmry=\mathgroup6
LaTeX Font Info:    Overwriting symbol font `stmry' in version `bold'
(Font)                  U/stmry/m/n --> U/stmry/b/n on input line 89.
)
(/usr/local/texlive/2024/texmf-dist/tex/latex/hyperref/hyperref.sty
Package: hyperref 2024-01-20 v7.01h Hypertext links for LaTeX

(/usr/local/texlive/2024/texmf-dist/tex/generic/iftex/iftex.sty
Package: iftex 2022/02/03 v1.0f TeX engine tests
)
(/usr/local/texlive/2024/texmf-dist/tex/latex/graphics/keyval.sty
Package: keyval 2022/05/29 v1.15 key=value parser (DPC)
\KV@toks@=\toks24
)
(/usr/local/texlive/2024/texmf-dist/tex/latex/kvsetkeys/kvsetkeys.sty
Package: kvsetkeys 2022-10-05 v1.19 Key value parser (HO)
)
(/usr/local/texlive/2024/texmf-dist/tex/generic/kvdefinekeys/kvdefinekeys.sty
Package: kvdefinekeys 2019-12-19 v1.6 Define keys (HO)
)
(/usr/local/texlive/2024/texmf-dist/tex/generic/pdfescape/pdfescape.sty
Package: pdfescape 2019/12/09 v1.15 Implements pdfTeX's escape features (HO)

(/usr/local/texlive/2024/texmf-dist/tex/generic/ltxcmds/ltxcmds.sty
Package: ltxcmds 2023-12-04 v1.26 LaTeX kernel commands for general use (HO)
)
(/usr/local/texlive/2024/texmf-dist/tex/generic/pdftexcmds/pdftexcmds.sty
Package: pdftexcmds 2020-06-27 v0.33 Utility functions of pdfTeX for LuaTeX (HO
)

(/usr/local/texlive/2024/texmf-dist/tex/generic/infwarerr/infwarerr.sty
Package: infwarerr 2019/12/03 v1.5 Providing info/warning/error messages (HO)
)
Package pdftexcmds Info: \pdf@primitive is available.
Package pdftexcmds Info: \pdf@ifprimitive is available.
Package pdftexcmds Info: \pdfdraftmode not found.
))
(/usr/local/texlive/2024/texmf-dist/tex/latex/hycolor/hycolor.sty
Package: hycolor 2020-01-27 v1.10 Color options for hyperref/bookmark (HO)
)
(/usr/local/texlive/2024/texmf-dist/tex/latex/auxhook/auxhook.sty
Package: auxhook 2019-12-17 v1.6 Hooks for auxiliary files (HO)
)
(/usr/local/texlive/2024/texmf-dist/tex/latex/hyperref/nameref.sty
Package: nameref 2023-11-26 v2.56 Cross-referencing by name of section

(/usr/local/texlive/2024/texmf-dist/tex/latex/refcount/refcount.sty
Package: refcount 2019/12/15 v3.6 Data extraction from label references (HO)
)
(/usr/local/texlive/2024/texmf-dist/tex/generic/gettitlestring/gettitlestring.s
ty
Package: gettitlestring 2019/12/15 v1.6 Cleanup title references (HO)
 (/usr/local/texlive/2024/texmf-dist/tex/latex/kvoptions/kvoptions.sty
Package: kvoptions 2022-06-15 v3.15 Key value format for package options (HO)
))
\c@section@level=\count270
)
(/usr/local/texlive/2024/texmf-dist/tex/latex/etoolbox/etoolbox.sty
Package: etoolbox 2020/10/05 v2.5k e-TeX tools for LaTeX (JAW)
\etb@tempcnta=\count271
)
\@linkdim=\dimen150
\Hy@linkcounter=\count272
\Hy@pagecounter=\count273

(/usr/local/texlive/2024/texmf-dist/tex/latex/hyperref/pd1enc.def
File: pd1enc.def 2024-01-20 v7.01h Hyperref: PDFDocEncoding definition (HO)
)
(/usr/local/texlive/2024/texmf-dist/tex/generic/intcalc/intcalc.sty
Package: intcalc 2019/12/15 v1.3 Expandable calculations with integers (HO)
)
\Hy@SavedSpaceFactor=\count274

(/usr/local/texlive/2024/texmf-dist/tex/latex/hyperref/puenc.def
File: puenc.def 2024-01-20 v7.01h Hyperref: PDF Unicode definition (HO)
)
Package hyperref Info: Hyper figures OFF on input line 4179.
Package hyperref Info: Link nesting OFF on input line 4184.
Package hyperref Info: Hyper index ON on input line 4187.
Package hyperref Info: Plain pages OFF on input line 4194.
Package hyperref Info: Backreferencing OFF on input line 4199.
Package hyperref Info: Implicit mode ON; LaTeX internals redefined.
Package hyperref Info: Bookmarks ON on input line 4446.
\c@Hy@tempcnt=\count275

(/usr/local/texlive/2024/texmf-dist/tex/latex/url/url.sty
\Urlmuskip=\muskip17
Package: url 2013/09/16  ver 3.4  Verb mode for urls, etc.
)
LaTeX Info: Redefining \url on input line 4784.
\XeTeXLinkMargin=\dimen151

(/usr/local/texlive/2024/texmf-dist/tex/generic/bitset/bitset.sty
Package: bitset 2019/12/09 v1.3 Handle bit-vector datatype (HO)

(/usr/local/texlive/2024/texmf-dist/tex/generic/bigintcalc/bigintcalc.sty
Package: bigintcalc 2019/12/15 v1.5 Expandable calculations on big integers (HO
)
))
\Fld@menulength=\count276
\Field@Width=\dimen152
\Fld@charsize=\dimen153
Package hyperref Info: Hyper figures OFF on input line 6063.
Package hyperref Info: Link nesting OFF on input line 6068.
Package hyperref Info: Hyper index ON on input line 6071.
Package hyperref Info: backreferencing OFF on input line 6078.
Package hyperref Info: Link coloring OFF on input line 6083.
Package hyperref Info: Link coloring with OCG OFF on input line 6088.
Package hyperref Info: PDF/A mode OFF on input line 6093.

(/usr/local/texlive/2024/texmf-dist/tex/latex/base/atbegshi-ltx.sty
Package: atbegshi-ltx 2021/01/10 v1.0c Emulation of the original atbegshi
package with kernel methods
)
\Hy@abspage=\count277
\c@Item=\count278
\c@Hfootnote=\count279
)
Package hyperref Info: Driver (autodetected): hxetex.

(/usr/local/texlive/2024/texmf-dist/tex/latex/hyperref/hxetex.def
File: hxetex.def 2024-01-20 v7.01h Hyperref driver for XeTeX

(/usr/local/texlive/2024/texmf-dist/tex/generic/stringenc/stringenc.sty
Package: stringenc 2019/11/29 v1.12 Convert strings between diff. encodings (HO
)
)
\pdfm@box=\box53
\c@Hy@AnnotLevel=\count280
\HyField@AnnotCount=\count281
\Fld@listcount=\count282
\c@bookmark@seq@number=\count283

(/usr/local/texlive/2024/texmf-dist/tex/latex/rerunfilecheck/rerunfilecheck.sty
Package: rerunfilecheck 2022-07-10 v1.10 Rerun checks for auxiliary files (HO)
(/usr/local/texlive/2024/texmf-dist/tex/latex/base/atveryend-ltx.sty
Package: atveryend-ltx 2020/08/19 v1.0a Emulation of the original atveryend pac
kage
with kernel methods
)
(/usr/local/texlive/2024/texmf-dist/tex/generic/uniquecounter/uniquecounter.sty
Package: uniquecounter 2019/12/15 v1.4 Provide unlimited unique counter (HO)
)
Package uniquecounter Info: New unique counter `rerunfilecheck' on input line 2
85.
)
\Hy@SectionHShift=\skip53
)
Package hyperref Info: Option `colorlinks' set `true' on input line 9.
 (/usr/local/texlive/2024/texmf-dist/tex/latex/graphics/graphicx.sty
Package: graphicx 2021/09/16 v1.2d Enhanced LaTeX Graphics (DPC,SPQR)

(/usr/local/texlive/2024/texmf-dist/tex/latex/graphics/graphics.sty
Package: graphics 2022/03/10 v1.4e Standard LaTeX Graphics (DPC,SPQR)

(/usr/local/texlive/2024/texmf-dist/tex/latex/graphics/trig.sty
Package: trig 2021/08/11 v1.11 sin cos tan (DPC)
)
(/usr/local/texlive/2024/texmf-dist/tex/latex/graphics-cfg/graphics.cfg
File: graphics.cfg 2016/06/04 v1.11 sample graphics configuration
)
Package graphics Info: Driver file: xetex.def on input line 107.

(/usr/local/texlive/2024/texmf-dist/tex/latex/graphics-def/xetex.def
File: xetex.def 2022/09/22 v5.0n Graphics/color driver for xetex
))
\Gin@req@height=\dimen154
\Gin@req@width=\dimen155
)
(/usr/local/texlive/2024/texmf-dist/tex/latex/adjustbox/adjustbox.sty
Package: adjustbox 2022/10/17 v1.3a Adjusting TeX boxes (trim, clip, ...)

(/usr/local/texlive/2024/texmf-dist/tex/latex/xkeyval/xkeyval.sty
Package: xkeyval 2022/06/16 v2.9 package option processing (HA)

(/usr/local/texlive/2024/texmf-dist/tex/generic/xkeyval/xkeyval.tex
(/usr/local/texlive/2024/texmf-dist/tex/generic/xkeyval/xkvutils.tex
\XKV@toks=\toks25
\XKV@tempa@toks=\toks26
)
\XKV@depth=\count284
File: xkeyval.tex 2014/12/03 v2.7a key=value parser (HA)
))
(/usr/local/texlive/2024/texmf-dist/tex/latex/adjustbox/adjcalc.sty
Package: adjcalc 2012/05/16 v1.1 Provides advanced setlength with multiple back
-ends (calc, etex, pgfmath)
)
(/usr/local/texlive/2024/texmf-dist/tex/latex/adjustbox/trimclip.sty
Package: trimclip 2020/08/19 v1.2 Trim and clip general TeX material

(/usr/local/texlive/2024/texmf-dist/tex/latex/collectbox/collectbox.sty
Package: collectbox 2022/10/17 v0.4c Collect macro arguments as boxes
\collectedbox=\box54
)
\tc@llx=\dimen156
\tc@lly=\dimen157
\tc@urx=\dimen158
\tc@ury=\dimen159
Package trimclip Info: Using driver 'tc-xetex.def'.

(/usr/local/texlive/2024/texmf-dist/tex/latex/adjustbox/tc-xetex.def
File: tc-xetex.def 2019/01/04 v2.2 Clipping driver for xetex
))
\adjbox@Width=\dimen160
\adjbox@Height=\dimen161
\adjbox@Depth=\dimen162
\adjbox@Totalheight=\dimen163
\adjbox@pwidth=\dimen164
\adjbox@pheight=\dimen165
\adjbox@pdepth=\dimen166
\adjbox@ptotalheight=\dimen167

(/usr/local/texlive/2024/texmf-dist/tex/latex/ifoddpage/ifoddpage.sty
Package: ifoddpage 2022/10/18 v1.2 Conditionals for odd/even page detection
\c@checkoddpage=\count285
)
(/usr/local/texlive/2024/texmf-dist/tex/latex/varwidth/varwidth.sty
Package: varwidth 2009/03/30 ver 0.92;  Variable-width minipages
\@vwid@box=\box55
\sift@deathcycles=\count286
\@vwid@loff=\dimen168
\@vwid@roff=\dimen169
))
(/usr/local/texlive/2024/texmf-dist/tex/latex/mdframed/mdframed.sty
Package: mdframed 2013/07/01 1.9b: mdframed

(/usr/local/texlive/2024/texmf-dist/tex/latex/l3packages/xparse/xparse.sty
(/usr/local/texlive/2024/texmf-dist/tex/latex/l3kernel/expl3.sty
Package: expl3 2024-02-20 L3 programming layer (loader) 

(/usr/local/texlive/2024/texmf-dist/tex/latex/l3backend/l3backend-xetex.def
File: l3backend-xetex.def 2024-02-20 L3 backend support: XeTeX
\g__graphics_track_int=\count287
\l__pdf_internal_box=\box56
\g__pdf_backend_object_int=\count288
\g__pdf_backend_annotation_int=\count289
\g__pdf_backend_link_int=\count290
))
Package: xparse 2024-02-18 L3 Experimental document command parser
)
(/usr/local/texlive/2024/texmf-dist/tex/latex/zref/zref-abspage.sty
Package: zref-abspage 2023-09-14 v2.35 Module abspage for zref (HO)

(/usr/local/texlive/2024/texmf-dist/tex/latex/zref/zref-base.sty
Package: zref-base 2023-09-14 v2.35 Module base for zref (HO)

(/usr/local/texlive/2024/texmf-dist/tex/generic/etexcmds/etexcmds.sty
Package: etexcmds 2019/12/15 v1.7 Avoid name clashes with e-TeX commands (HO)
)
Package zref Info: New property list: main on input line 767.
Package zref Info: New property: default on input line 768.
Package zref Info: New property: page on input line 769.
)
\c@abspage=\count291
Package zref Info: New property: abspage on input line 67.
)
(/usr/local/texlive/2024/texmf-dist/tex/latex/needspace/needspace.sty
Package: needspace 2010/09/12 v1.3d reserve vertical space
)
(/usr/local/texlive/2024/texmf-dist/tex/latex/graphics/color.sty
Package: color 2022/01/06 v1.3d Standard LaTeX Color (DPC)

(/usr/local/texlive/2024/texmf-dist/tex/latex/graphics-cfg/color.cfg
File: color.cfg 2016/01/02 v1.6 sample color configuration
)
Package color Info: Driver file: xetex.def on input line 149.

(/usr/local/texlive/2024/texmf-dist/tex/latex/graphics/mathcolor.ltx))
\mdf@templength=\skip54
\c@mdf@globalstyle@cnt=\count292
\mdf@skipabove@length=\skip55
\mdf@skipbelow@length=\skip56
\mdf@leftmargin@length=\skip57
\mdf@rightmargin@length=\skip58
\mdf@innerleftmargin@length=\skip59
\mdf@innerrightmargin@length=\skip60
\mdf@innertopmargin@length=\skip61
\mdf@innerbottommargin@length=\skip62
\mdf@splittopskip@length=\skip63
\mdf@splitbottomskip@length=\skip64
\mdf@outermargin@length=\skip65
\mdf@innermargin@length=\skip66
\mdf@linewidth@length=\skip67
\mdf@innerlinewidth@length=\skip68
\mdf@middlelinewidth@length=\skip69
\mdf@outerlinewidth@length=\skip70
\mdf@roundcorner@length=\skip71
\mdf@footenotedistance@length=\skip72
\mdf@userdefinedwidth@length=\skip73
\mdf@needspace@length=\skip74
\mdf@frametitleaboveskip@length=\skip75
\mdf@frametitlebelowskip@length=\skip76
\mdf@frametitlerulewidth@length=\skip77
\mdf@frametitleleftmargin@length=\skip78
\mdf@frametitlerightmargin@length=\skip79
\mdf@shadowsize@length=\skip80
\mdf@extratopheight@length=\skip81
\mdf@subtitleabovelinewidth@length=\skip82
\mdf@subtitlebelowlinewidth@length=\skip83
\mdf@subtitleaboveskip@length=\skip84
\mdf@subtitlebelowskip@length=\skip85
\mdf@subtitleinneraboveskip@length=\skip86
\mdf@subtitleinnerbelowskip@length=\skip87
\mdf@subsubtitleabovelinewidth@length=\skip88
\mdf@subsubtitlebelowlinewidth@length=\skip89
\mdf@subsubtitleaboveskip@length=\skip90
\mdf@subsubtitlebelowskip@length=\skip91
\mdf@subsubtitleinneraboveskip@length=\skip92
\mdf@subsubtitleinnerbelowskip@length=\skip93

(/usr/local/texlive/2024/texmf-dist/tex/latex/mdframed/md-frame-0.mdf
File: md-frame-0.mdf 2013/07/01\ 1.9b: md-frame-0
)
\mdf@frametitlebox=\box57
\mdf@footnotebox=\box58
\mdf@splitbox@one=\box59
\mdf@splitbox@two=\box60
\mdf@splitbox@save=\box61
\mdfsplitboxwidth=\skip94
\mdfsplitboxtotalwidth=\skip95
\mdfsplitboxheight=\skip96
\mdfsplitboxdepth=\skip97
\mdfsplitboxtotalheight=\skip98
\mdfframetitleboxwidth=\skip99
\mdfframetitleboxtotalwidth=\skip100
\mdfframetitleboxheight=\skip101
\mdfframetitleboxdepth=\skip102
\mdfframetitleboxtotalheight=\skip103
\mdffootnoteboxwidth=\skip104
\mdffootnoteboxtotalwidth=\skip105
\mdffootnoteboxheight=\skip106
\mdffootnoteboxdepth=\skip107
\mdffootnoteboxtotalheight=\skip108
\mdftotallinewidth=\skip109
\mdfboundingboxwidth=\skip110
\mdfboundingboxtotalwidth=\skip111
\mdfboundingboxheight=\skip112
\mdfboundingboxdepth=\skip113
\mdfboundingboxtotalheight=\skip114
\mdf@freevspace@length=\skip115
\mdf@horizontalwidthofbox@length=\skip116
\mdf@verticalmarginwhole@length=\skip117
\mdf@horizontalspaceofbox=\skip118
\mdfsubtitleheight=\skip119
\mdfsubsubtitleheight=\skip120
\c@mdfcountframes=\count293

****** mdframed patching \endmdf@trivlist

****** -- success******

\mdf@envdepth=\count294
\c@mdf@env@i=\count295
\c@mdf@env@ii=\count296
\c@mdf@zref@counter=\count297
Package zref Info: New property: mdf@pagevalue on input line 895.
)
(/usr/local/texlive/2024/texmf-dist/tex/latex/booktabs/booktabs.sty
Package: booktabs 2020/01/12 v1.61803398 Publication quality tables
\heavyrulewidth=\dimen170
\lightrulewidth=\dimen171
\cmidrulewidth=\dimen172
\belowrulesep=\dimen173
\belowbottomsep=\dimen174
\aboverulesep=\dimen175
\abovetopsep=\dimen176
\cmidrulesep=\dimen177
\cmidrulekern=\dimen178
\defaultaddspace=\dimen179
\@cmidla=\count298
\@cmidlb=\count299
\@aboverulesep=\dimen180
\@belowrulesep=\dimen181
\@thisruleclass=\count300
\@lastruleclass=\count301
\@thisrulewidth=\dimen182
)
(/usr/local/texlive/2024/texmf-dist/tex/latex/tools/array.sty
Package: array 2023/10/16 v2.5g Tabular extension package (FMi)
\col@sep=\dimen183
\ar@mcellbox=\box62
\extrarowheight=\dimen184
\NC@list=\toks27
\extratabsurround=\skip121
\backup@length=\skip122
\ar@cellbox=\box63
)
(/usr/local/texlive/2024/texmf-dist/tex/latex/multirow/multirow.sty
Package: multirow 2021/03/15 v2.8 Span multiple rows of a table
\multirow@colwidth=\skip123
\multirow@cntb=\count302
\multirow@dima=\skip124
\bigstrutjot=\dimen185
)
(/usr/local/texlive/2024/texmf-dist/tex/latex/esint/esint.sty
Package: esint 
\symlargesymbolsA=\mathgroup7
)
(/usr/local/texlive/2024/texmf-dist/tex/xelatex/xecjk/xeCJK.sty
Package: xeCJK 2022/08/05 v3.9.1 Typesetting CJK scripts with XeLaTeX

(/usr/local/texlive/2024/texmf-dist/tex/latex/ctex/ctexhook.sty
Package: ctexhook 2022/07/14 v2.5.10 Document and package hooks (CTEX)
)
(/usr/local/texlive/2024/texmf-dist/tex/latex/l3packages/xtemplate/xtemplate.st
y
(/usr/local/texlive/2024/texmf-dist/tex/latex/l3packages/xtemplate/xtemplate-20
23-10-10.sty
Package: xtemplate 2023-10-10 L3 Experimental prototype document functions
\l__xtemplate_tmp_dim=\dimen186
\l__xtemplate_tmp_int=\count303
\l__xtemplate_tmp_muskip=\muskip18
\l__xtemplate_tmp_skip=\skip125
))
\l__xeCJK_tmp_int=\count304
\l__xeCJK_tmp_box=\box64
\l__xeCJK_tmp_dim=\dimen187
\l__xeCJK_tmp_skip=\skip126
\g__xeCJK_space_factor_int=\count305
\l__xeCJK_begin_int=\count306
\l__xeCJK_end_int=\count307
\c__xeCJK_CJK_class_int=\XeTeXcharclass1
\c__xeCJK_FullLeft_class_int=\XeTeXcharclass2
\c__xeCJK_FullRight_class_int=\XeTeXcharclass3
\c__xeCJK_HalfLeft_class_int=\XeTeXcharclass4
\c__xeCJK_HalfRight_class_int=\XeTeXcharclass5
\c__xeCJK_NormalSpace_class_int=\XeTeXcharclass6
\c__xeCJK_CM_class_int=\XeTeXcharclass7
\c__xeCJK_HangulJamo_class_int=\XeTeXcharclass8
\l__xeCJK_last_skip=\skip127
\c__xeCJK_none_node=\count308
\g__xeCJK_node_int=\count309
\c__xeCJK_CJK_node_dim=\dimen188
\c__xeCJK_CJK-space_node_dim=\dimen189
\c__xeCJK_default_node_dim=\dimen190
\c__xeCJK_CJK-widow_node_dim=\dimen191
\c__xeCJK_normalspace_node_dim=\dimen192
\c__xeCJK_default-space_node_skip=\skip128
\l__xeCJK_ccglue_skip=\skip129
\l__xeCJK_ecglue_skip=\skip130
\l__xeCJK_punct_kern_skip=\skip131
\l__xeCJK_indent_box=\box65
\l__xeCJK_last_penalty_int=\count310
\l__xeCJK_last_bound_dim=\dimen193
\l__xeCJK_last_kern_dim=\dimen194
\l__xeCJK_widow_penalty_int=\count311

Package xtemplate Info: Declaring object type 'xeCJK/punctuation' taking 0
(xtemplate)             argument(s) on line 2396.

\l__xeCJK_fixed_punct_width_dim=\dimen195
\l__xeCJK_mixed_punct_width_dim=\dimen196
\l__xeCJK_middle_punct_width_dim=\dimen197
\l__xeCJK_fixed_margin_width_dim=\dimen198
\l__xeCJK_mixed_margin_width_dim=\dimen199
\l__xeCJK_middle_margin_width_dim=\dimen256
\l__xeCJK_bound_punct_width_dim=\dimen257
\l__xeCJK_bound_margin_width_dim=\dimen258
\l__xeCJK_margin_minimum_dim=\dimen259
\l__xeCJK_kerning_total_width_dim=\dimen260
\l__xeCJK_same_align_margin_dim=\dimen261
\l__xeCJK_different_align_margin_dim=\dimen262
\l__xeCJK_kerning_margin_width_dim=\dimen263
\l__xeCJK_kerning_margin_minimum_dim=\dimen264
\l__xeCJK_bound_dim=\dimen265
\l__xeCJK_reverse_bound_dim=\dimen266
\l__xeCJK_margin_dim=\dimen267
\l__xeCJK_minimum_bound_dim=\dimen268
\l__xeCJK_kerning_margin_dim=\dimen269
\g__xeCJK_family_int=\count312
\l__xeCJK_fam_int=\count313
\g__xeCJK_fam_allocation_int=\count314
\l__xeCJK_verb_case_int=\count315
\l__xeCJK_verb_exspace_skip=\skip132

(/usr/local/texlive/2024/texmf-dist/tex/latex/fontspec/fontspec.sty
Package: fontspec 2024/02/13 v2.9a Font selection for XeLaTeX and LuaLaTeX

(/usr/local/texlive/2024/texmf-dist/tex/latex/fontspec/fontspec-xetex.sty
Package: fontspec-xetex 2024/02/13 v2.9a Font selection for XeLaTeX and LuaLaTe
X
\l__fontspec_script_int=\count316
\l__fontspec_language_int=\count317
\l__fontspec_strnum_int=\count318
\l__fontspec_tmp_int=\count319
\l__fontspec_tmpa_int=\count320
\l__fontspec_tmpb_int=\count321
\l__fontspec_tmpc_int=\count322
\l__fontspec_em_int=\count323
\l__fontspec_emdef_int=\count324
\l__fontspec_strong_int=\count325
\l__fontspec_strongdef_int=\count326
\l__fontspec_tmpa_dim=\dimen270
\l__fontspec_tmpb_dim=\dimen271
\l__fontspec_tmpc_dim=\dimen272

(/usr/local/texlive/2024/texmf-dist/tex/latex/base/fontenc.sty
Package: fontenc 2021/04/29 v2.0v Standard LaTeX package
)
(/usr/local/texlive/2024/texmf-dist/tex/latex/fontspec/fontspec.cfg)))
(/usr/local/texlive/2024/texmf-dist/tex/xelatex/xecjk/xeCJK.cfg
File: xeCJK.cfg 2022/08/05 v3.9.1 Configuration file for xeCJK package
))

Package xeCJK Warning: Fandol is being set as the default font for CJK text.
(xeCJK)                Please make sure it has been properly installed.


Package fontspec Warning: Font "FandolSong-Regular" does not contain requested
(fontspec)                Script "CJK".


Package fontspec Info: Font family 'FandolSong-Regular(0)' created for font
(fontspec)             'FandolSong-Regular' with options
(fontspec)             [Script={CJK},Extension={.otf},BoldFont={FandolSong-Bold
},ItalicFont={FandolKai-Regular}].
(fontspec)              
(fontspec)              This font family consists of the following NFSS
(fontspec)             series/shapes:
(fontspec)              
(fontspec)             - 'normal' (m/n) with NFSS spec.:
(fontspec)             <->"[FandolSong-Regular.otf]/OT:language=dflt;"
(fontspec)             - 'small caps'  (m/sc) with NFSS spec.: 
(fontspec)             - 'bold' (b/n) with NFSS spec.:
(fontspec)             <->"[FandolSong-Bold.otf]/OT:language=dflt;"
(fontspec)             - 'bold small caps'  (b/sc) with NFSS spec.: 
(fontspec)             - 'italic' (m/it) with NFSS spec.:
(fontspec)             <->"[FandolKai-Regular.otf]/OT:language=dflt;"
(fontspec)             - 'italic small caps'  (m/scit) with NFSS spec.: 

(./XB2.aux)
\openout1 = `XB2.aux'.

LaTeX Font Info:    Checking defaults for OML/cmm/m/it on input line 20.
LaTeX Font Info:    ... okay on input line 20.
LaTeX Font Info:    Checking defaults for OMS/cmsy/m/n on input line 20.
LaTeX Font Info:    ... okay on input line 20.
LaTeX Font Info:    Checking defaults for OT1/cmr/m/n on input line 20.
LaTeX Font Info:    ... okay on input line 20.
LaTeX Font Info:    Checking defaults for T1/cmr/m/n on input line 20.
LaTeX Font Info:    ... okay on input line 20.
LaTeX Font Info:    Checking defaults for TS1/cmr/m/n on input line 20.
LaTeX Font Info:    Trying to load font information for TS1+cmr on input line 2
0.
 (/usr/local/texlive/2024/texmf-dist/tex/latex/base/ts1cmr.fd
File: ts1cmr.fd 2023/04/13 v2.5m Standard LaTeX font definitions
)
LaTeX Font Info:    ... okay on input line 20.
LaTeX Font Info:    Checking defaults for TU/lmr/m/n on input line 20.
LaTeX Font Info:    ... okay on input line 20.
LaTeX Font Info:    Checking defaults for OMX/cmex/m/n on input line 20.
LaTeX Font Info:    ... okay on input line 20.
LaTeX Font Info:    Checking defaults for U/cmr/m/n on input line 20.
LaTeX Font Info:    ... okay on input line 20.
LaTeX Font Info:    Checking defaults for PD1/pdf/m/n on input line 20.
LaTeX Font Info:    ... okay on input line 20.
LaTeX Font Info:    Checking defaults for PU/pdf/m/n on input line 20.
LaTeX Font Info:    ... okay on input line 20.
Package hyperref Info: Link coloring ON on input line 20.

(./XB2.out) (./XB2.out)
\@outlinefile=\write3
\openout3 = `XB2.out'.


Package fontspec Info: Adjusting the maths setup (use [no-math] to avoid
(fontspec)             this).

\symlegacymaths=\mathgroup8
LaTeX Font Info:    Overwriting symbol font `legacymaths' in version `bold'
(Font)                  OT1/cmr/m/n --> OT1/cmr/bx/n on input line 20.
LaTeX Font Info:    Redeclaring math accent \acute on input line 20.
LaTeX Font Info:    Redeclaring math accent \grave on input line 20.
LaTeX Font Info:    Redeclaring math accent \ddot on input line 20.
LaTeX Font Info:    Redeclaring math accent \tilde on input line 20.
LaTeX Font Info:    Redeclaring math accent \bar on input line 20.
LaTeX Font Info:    Redeclaring math accent \breve on input line 20.
LaTeX Font Info:    Redeclaring math accent \check on input line 20.
LaTeX Font Info:    Redeclaring math accent \hat on input line 20.
LaTeX Font Info:    Redeclaring math accent \dot on input line 20.
LaTeX Font Info:    Redeclaring math accent \mathring on input line 20.
LaTeX Font Info:    Redeclaring math symbol \Gamma on input line 20.
LaTeX Font Info:    Redeclaring math symbol \Delta on input line 20.
LaTeX Font Info:    Redeclaring math symbol \Theta on input line 20.
LaTeX Font Info:    Redeclaring math symbol \Lambda on input line 20.
LaTeX Font Info:    Redeclaring math symbol \Xi on input line 20.
LaTeX Font Info:    Redeclaring math symbol \Pi on input line 20.
LaTeX Font Info:    Redeclaring math symbol \Sigma on input line 20.
LaTeX Font Info:    Redeclaring math symbol \Upsilon on input line 20.
LaTeX Font Info:    Redeclaring math symbol \Phi on input line 20.
LaTeX Font Info:    Redeclaring math symbol \Psi on input line 20.
LaTeX Font Info:    Redeclaring math symbol \Omega on input line 20.
LaTeX Font Info:    Redeclaring math symbol \mathdollar on input line 20.
LaTeX Font Info:    Redeclaring symbol font `operators' on input line 20.
LaTeX Font Info:    Encoding `OT1' has changed to `TU' for symbol font
(Font)              `operators' in the math version `normal' on input line 20.
LaTeX Font Info:    Overwriting symbol font `operators' in version `normal'
(Font)                  OT1/cmr/m/n --> TU/lmr/m/n on input line 20.
LaTeX Font Info:    Encoding `OT1' has changed to `TU' for symbol font
(Font)              `operators' in the math version `bold' on input line 20.
LaTeX Font Info:    Overwriting symbol font `operators' in version `bold'
(Font)                  OT1/cmr/bx/n --> TU/lmr/m/n on input line 20.
LaTeX Font Info:    Overwriting symbol font `operators' in version `normal'
(Font)                  TU/lmr/m/n --> TU/lmr/m/n on input line 20.
LaTeX Font Info:    Overwriting math alphabet `\mathit' in version `normal'
(Font)                  OT1/cmr/m/it --> TU/lmr/m/it on input line 20.
LaTeX Font Info:    Overwriting math alphabet `\mathbf' in version `normal'
(Font)                  OT1/cmr/bx/n --> TU/lmr/b/n on input line 20.
LaTeX Font Info:    Overwriting math alphabet `\mathsf' in version `normal'
(Font)                  OT1/cmss/m/n --> TU/lmss/m/n on input line 20.
LaTeX Font Info:    Overwriting math alphabet `\mathtt' in version `normal'
(Font)                  OT1/cmtt/m/n --> TU/lmtt/m/n on input line 20.
LaTeX Font Info:    Overwriting symbol font `operators' in version `bold'
(Font)                  TU/lmr/m/n --> TU/lmr/b/n on input line 20.
LaTeX Font Info:    Overwriting math alphabet `\mathit' in version `bold'
(Font)                  OT1/cmr/bx/it --> TU/lmr/b/it on input line 20.
LaTeX Font Info:    Overwriting math alphabet `\mathsf' in version `bold'
(Font)                  OT1/cmss/bx/n --> TU/lmss/b/n on input line 20.
LaTeX Font Info:    Overwriting math alphabet `\mathtt' in version `bold'
(Font)                  OT1/cmtt/m/n --> TU/lmtt/b/n on input line 20.
File: images/0190e026-5a11-7df7-bd27-54d09026ba7a_4_281964.jpg Graphic file (ty
pe bmp)
<images/0190e026-5a11-7df7-bd27-54d09026ba7a_4_281964.jpg>
 [1

]
File: images/0190e026-5a11-7df7-bd27-54d09026ba7a_4_884539.jpg Graphic file (ty
pe bmp)
<images/0190e026-5a11-7df7-bd27-54d09026ba7a_4_884539.jpg>
LaTeX Font Info:    Trying to load font information for U+msa on input line 126
.

(/usr/local/texlive/2024/texmf-dist/tex/latex/amsfonts/umsa.fd
File: umsa.fd 2013/01/14 v3.01 AMS symbols A
)
LaTeX Font Info:    Trying to load font information for U+msb on input line 126
.

(/usr/local/texlive/2024/texmf-dist/tex/latex/amsfonts/umsb.fd
File: umsb.fd 2013/01/14 v3.01 AMS symbols B
)
LaTeX Font Info:    Trying to load font information for U+stmry on input line 1
26.

(/usr/local/texlive/2024/texmf-dist/tex/latex/stmaryrd/Ustmry.fd)
LaTeX Font Info:    Trying to load font information for U+esint on input line 1
26.

(/usr/local/texlive/2024/texmf-dist/tex/latex/esint/uesint.fd
File: uesint.fd 
) [2]
File: images/0190e026-5a11-7df7-bd27-54d09026ba7a_6_374137.jpg Graphic file (ty
pe bmp)
<images/0190e026-5a11-7df7-bd27-54d09026ba7a_6_374137.jpg>
File: images/0190e026-5a11-7df7-bd27-54d09026ba7a_6_624545.jpg Graphic file (ty
pe bmp)
<images/0190e026-5a11-7df7-bd27-54d09026ba7a_6_624545.jpg>
 [3]
File: images/0190e026-5a11-7df7-bd27-54d09026ba7a_7_466466.jpg Graphic file (ty
pe bmp)
<images/0190e026-5a11-7df7-bd27-54d09026ba7a_7_466466.jpg>
File: images/0190e026-5a11-7df7-bd27-54d09026ba7a_7_311022.jpg Graphic file (ty
pe bmp)
<images/0190e026-5a11-7df7-bd27-54d09026ba7a_7_311022.jpg>
 [4]
File: images/0190e026-5a11-7df7-bd27-54d09026ba7a_9_102318.jpg Graphic file (ty
pe bmp)
<images/0190e026-5a11-7df7-bd27-54d09026ba7a_9_102318.jpg>

[5]
Package mdframed Info: Not enough space on this page on input line 220.
File: images/0190e026-5a11-7df7-bd27-54d09026ba7a_10_200042.jpg Graphic file (t
ype bmp)
<images/0190e026-5a11-7df7-bd27-54d09026ba7a_10_200042.jpg>
 [6]
Package mdframed Info: Not enough space on this page on input line 282.
File: images/0190e026-5a11-7df7-bd27-54d09026ba7a_10_117719.jpg Graphic file (t
ype bmp)
<images/0190e026-5a11-7df7-bd27-54d09026ba7a_10_117719.jpg>
File: images/0190e026-5a11-7df7-bd27-54d09026ba7a_11_758641.jpg Graphic file (t
ype bmp)
<images/0190e026-5a11-7df7-bd27-54d09026ba7a_11_758641.jpg>
 [7]
Package mdframed Info: Not enough space on this page on input line 312.
File: images/0190e026-5a11-7df7-bd27-54d09026ba7a_11_331090.jpg Graphic file (t
ype bmp)
<images/0190e026-5a11-7df7-bd27-54d09026ba7a_11_331090.jpg>
 [8] [9]
File: images/0190e026-5a11-7df7-bd27-54d09026ba7a_14_685798.jpg Graphic file (t
ype bmp)
<images/0190e026-5a11-7df7-bd27-54d09026ba7a_14_685798.jpg>
 [10]
File: images/0190e026-5a11-7df7-bd27-54d09026ba7a_15_444444.jpg Graphic file (t
ype bmp)
<images/0190e026-5a11-7df7-bd27-54d09026ba7a_15_444444.jpg>
File: images/0190e026-5a11-7df7-bd27-54d09026ba7a_15_553777.jpg Graphic file (t
ype bmp)
<images/0190e026-5a11-7df7-bd27-54d09026ba7a_15_553777.jpg>
File: images/0190e026-5a11-7df7-bd27-54d09026ba7a_16_785373.jpg Graphic file (t
ype bmp)
<images/0190e026-5a11-7df7-bd27-54d09026ba7a_16_785373.jpg>
 [11]
File: images/0190e026-5a11-7df7-bd27-54d09026ba7a_16_643274.jpg Graphic file (t
ype bmp)
<images/0190e026-5a11-7df7-bd27-54d09026ba7a_16_643274.jpg>
File: images/0190e026-5a11-7df7-bd27-54d09026ba7a_16_750584.jpg Graphic file (t
ype bmp)
<images/0190e026-5a11-7df7-bd27-54d09026ba7a_16_750584.jpg>
 [12]
File: images/0190e026-5a11-7df7-bd27-54d09026ba7a_17_671625.jpg Graphic file (t
ype bmp)
<images/0190e026-5a11-7df7-bd27-54d09026ba7a_17_671625.jpg>
 [13]
Package mdframed Info: Not enough space on this page on input line 566.


Package hyperref Warning: Ignoring empty anchor on input line 572.

Missing character: There is no ① (U+2460) in font [lmroman8-regular]:mapping=te
x-text;!
File: images/0190e026-5a11-7df7-bd27-54d09026ba7a_18_472867.jpg Graphic file (t
ype bmp)
<images/0190e026-5a11-7df7-bd27-54d09026ba7a_18_472867.jpg>
File: images/0190e026-5a11-7df7-bd27-54d09026ba7a_18_238820.jpg Graphic file (t
ype bmp)
<images/0190e026-5a11-7df7-bd27-54d09026ba7a_18_238820.jpg>
File: images/0190e026-5a11-7df7-bd27-54d09026ba7a_18_503436.jpg Graphic file (t
ype bmp)
<images/0190e026-5a11-7df7-bd27-54d09026ba7a_18_503436.jpg>
File: images/0190e026-5a11-7df7-bd27-54d09026ba7a_18_282590.jpg Graphic file (t
ype bmp)
<images/0190e026-5a11-7df7-bd27-54d09026ba7a_18_282590.jpg>
[14]
File: images/0190e026-5a11-7df7-bd27-54d09026ba7a_18_111776.jpg Graphic file (t
ype bmp)
<images/0190e026-5a11-7df7-bd27-54d09026ba7a_18_111776.jpg>
File: images/0190e026-5a11-7df7-bd27-54d09026ba7a_19_950847.jpg Graphic file (t
ype bmp)
<images/0190e026-5a11-7df7-bd27-54d09026ba7a_19_950847.jpg>
File: images/0190e026-5a11-7df7-bd27-54d09026ba7a_19_200919.jpg Graphic file (t
ype bmp)
<images/0190e026-5a11-7df7-bd27-54d09026ba7a_19_200919.jpg>
File: images/0190e026-5a11-7df7-bd27-54d09026ba7a_19_769393.jpg Graphic file (t
ype bmp)
<images/0190e026-5a11-7df7-bd27-54d09026ba7a_19_769393.jpg>
File: images/0190e026-5a11-7df7-bd27-54d09026ba7a_19_899274.jpg Graphic file (t
ype bmp)
<images/0190e026-5a11-7df7-bd27-54d09026ba7a_19_899274.jpg>
 [15]
File: images/0190e026-5a11-7df7-bd27-54d09026ba7a_20_758173.jpg Graphic file (t
ype bmp)
<images/0190e026-5a11-7df7-bd27-54d09026ba7a_20_758173.jpg>
 [16] [17]
Missing character: There is no Ⅷ (U+2167) in font [lmroman10-regular]:mapping=t
ex-text;!
[18]
File: images/0190e026-5a11-7df7-bd27-54d09026ba7a_22_200880.jpg Graphic file (t
ype bmp)
<images/0190e026-5a11-7df7-bd27-54d09026ba7a_22_200880.jpg>
File: images/0190e026-5a11-7df7-bd27-54d09026ba7a_23_708524.jpg Graphic file (t
ype bmp)
<images/0190e026-5a11-7df7-bd27-54d09026ba7a_23_708524.jpg>
 [19]
File: images/0190e026-5a11-7df7-bd27-54d09026ba7a_24_331990.jpg Graphic file (t
ype bmp)
<images/0190e026-5a11-7df7-bd27-54d09026ba7a_24_331990.jpg>
File: images/0190e026-5a11-7df7-bd27-54d09026ba7a_24_958653.jpg Graphic file (t
ype bmp)
<images/0190e026-5a11-7df7-bd27-54d09026ba7a_24_958653.jpg>
 [20]
Missing character: There is no ① (U+2460) in font [lmroman10-regular]:mapping=t
ex-text;!
Missing character: There is no ① (U+2460) in font [lmroman10-regular]:mapping=t
ex-text;!
Missing character: There is no ① (U+2460) in font [lmroman7-regular]:mapping=te
x-text;!
Missing character: There is no ① (U+2460) in font [lmroman5-regular]:mapping=te
x-text;!

Package hyperref Warning: Ignoring empty anchor on input line 920.

Missing character: There is no ① (U+2460) in font [lmroman8-regular]:mapping=te
x-text;!
File: images/0190e026-5a11-7df7-bd27-54d09026ba7a_25_449617.jpg Graphic file (t
ype bmp)
<images/0190e026-5a11-7df7-bd27-54d09026ba7a_25_449617.jpg>
[21]
File: images/0190e026-5a11-7df7-bd27-54d09026ba7a_25_688678.jpg Graphic file (t
ype bmp)
<images/0190e026-5a11-7df7-bd27-54d09026ba7a_25_688678.jpg>
File: images/0190e026-5a11-7df7-bd27-54d09026ba7a_26_460312.jpg Graphic file (t
ype bmp)
<images/0190e026-5a11-7df7-bd27-54d09026ba7a_26_460312.jpg>
 [22] [23]
File: images/0190e026-5a11-7df7-bd27-54d09026ba7a_28_476213.jpg Graphic file (t
ype bmp)
<images/0190e026-5a11-7df7-bd27-54d09026ba7a_28_476213.jpg>
File: images/0190e026-5a11-7df7-bd27-54d09026ba7a_28_821065.jpg Graphic file (t
ype bmp)
<images/0190e026-5a11-7df7-bd27-54d09026ba7a_28_821065.jpg>
 [24]
File: images/0190e026-5a11-7df7-bd27-54d09026ba7a_28_544678.jpg Graphic file (t
ype bmp)
<images/0190e026-5a11-7df7-bd27-54d09026ba7a_28_544678.jpg>
 [25]
Missing character: There is no Ⅶ (U+2166) in font [lmroman10-regular]:mapping=t
ex-text;!
File: images/0190e026-5a11-7df7-bd27-54d09026ba7a_29_399209.jpg Graphic file (t
ype bmp)
<images/0190e026-5a11-7df7-bd27-54d09026ba7a_29_399209.jpg>
File: images/0190e026-5a11-7df7-bd27-54d09026ba7a_29_805627.jpg Graphic file (t
ype bmp)
<images/0190e026-5a11-7df7-bd27-54d09026ba7a_29_805627.jpg>
File: images/0190e026-5a11-7df7-bd27-54d09026ba7a_29_214727.jpg Graphic file (t
ype bmp)
<images/0190e026-5a11-7df7-bd27-54d09026ba7a_29_214727.jpg>
[26]
File: images/0190e026-5a11-7df7-bd27-54d09026ba7a_30_268867.jpg Graphic file (t
ype bmp)
<images/0190e026-5a11-7df7-bd27-54d09026ba7a_30_268867.jpg>
 [27]
File: images/0190e026-5a11-7df7-bd27-54d09026ba7a_30_313270.jpg Graphic file (t
ype bmp)
<images/0190e026-5a11-7df7-bd27-54d09026ba7a_30_313270.jpg>
File: images/0190e026-5a11-7df7-bd27-54d09026ba7a_30_792911.jpg Graphic file (t
ype bmp)
<images/0190e026-5a11-7df7-bd27-54d09026ba7a_30_792911.jpg>
File: images/0190e026-5a11-7df7-bd27-54d09026ba7a_31_565874.jpg Graphic file (t
ype bmp)
<images/0190e026-5a11-7df7-bd27-54d09026ba7a_31_565874.jpg>
 [28]
File: images/0190e026-5a11-7df7-bd27-54d09026ba7a_31_135171.jpg Graphic file (t
ype bmp)
<images/0190e026-5a11-7df7-bd27-54d09026ba7a_31_135171.jpg>
File: images/0190e026-5a11-7df7-bd27-54d09026ba7a_31_771339.jpg Graphic file (t
ype bmp)
<images/0190e026-5a11-7df7-bd27-54d09026ba7a_31_771339.jpg>
File: images/0190e026-5a11-7df7-bd27-54d09026ba7a_31_871216.jpg Graphic file (t
ype bmp)
<images/0190e026-5a11-7df7-bd27-54d09026ba7a_31_871216.jpg>
File: images/0190e026-5a11-7df7-bd27-54d09026ba7a_31_860441.jpg Graphic file (t
ype bmp)
<images/0190e026-5a11-7df7-bd27-54d09026ba7a_31_860441.jpg>
 [29] [30]
File: images/0190e026-5a11-7df7-bd27-54d09026ba7a_33_758165.jpg Graphic file (t
ype bmp)
<images/0190e026-5a11-7df7-bd27-54d09026ba7a_33_758165.jpg>
File: images/0190e026-5a11-7df7-bd27-54d09026ba7a_33_108880.jpg Graphic file (t
ype bmp)
<images/0190e026-5a11-7df7-bd27-54d09026ba7a_33_108880.jpg>
File: images/0190e026-5a11-7df7-bd27-54d09026ba7a_33_987268.jpg Graphic file (t
ype bmp)
<images/0190e026-5a11-7df7-bd27-54d09026ba7a_33_987268.jpg>
 [31]
Missing character: There is no Ⅶ (U+2166) in font [lmroman10-regular]:mapping=t
ex-text;!
Missing character: There is no ① (U+2460) in font [lmroman10-regular]:mapping=t
ex-text;!
Missing character: There is no ② (U+2461) in font [lmroman10-regular]:mapping=t
ex-text;!
Missing character: There is no ③ (U+2462) in font [lmroman10-regular]:mapping=t
ex-text;!
Missing character: There is no ④ (U+2463) in font [lmroman10-regular]:mapping=t
ex-text;!
Missing character: There is no ④ (U+2463) in font [lmroman10-regular]:mapping=t
ex-text;!
Missing character: There is no ④ (U+2463) in font [lmroman10-regular]:mapping=t
ex-text;!
Missing character: There is no ④ (U+2463) in font [lmroman7-regular]:mapping=te
x-text;!
Missing character: There is no ④ (U+2463) in font [lmroman5-regular]:mapping=te
x-text;!
Missing character: There is no ③ (U+2462) in font [lmroman10-regular]:mapping=t
ex-text;!
Missing character: There is no ③ (U+2462) in font [lmroman10-regular]:mapping=t
ex-text;!
Missing character: There is no ③ (U+2462) in font [lmroman7-regular]:mapping=te
x-text;!
Missing character: There is no ③ (U+2462) in font [lmroman5-regular]:mapping=te
x-text;!
Missing character: There is no ② (U+2461) in font [lmroman10-regular]:mapping=t
ex-text;!
Missing character: There is no ② (U+2461) in font [lmroman10-regular]:mapping=t
ex-text;!
Missing character: There is no ② (U+2461) in font [lmroman7-regular]:mapping=te
x-text;!
Missing character: There is no ② (U+2461) in font [lmroman5-regular]:mapping=te
x-text;!
Missing character: There is no ① (U+2460) in font [lmroman10-regular]:mapping=t
ex-text;!
Missing character: There is no ④ (U+2463) in font [lmroman10-regular]:mapping=t
ex-text;!
Missing character: There is no ④ (U+2463) in font [lmroman10-regular]:mapping=t
ex-text;!
Missing character: There is no ④ (U+2463) in font [lmroman7-regular]:mapping=te
x-text;!
Missing character: There is no ④ (U+2463) in font [lmroman5-regular]:mapping=te
x-text;!
Missing character: There is no ③ (U+2462) in font [lmroman10-regular]:mapping=t
ex-text;!
Missing character: There is no ③ (U+2462) in font [lmroman10-regular]:mapping=t
ex-text;!
Missing character: There is no ③ (U+2462) in font [lmroman7-regular]:mapping=te
x-text;!
Missing character: There is no ③ (U+2462) in font [lmroman5-regular]:mapping=te
x-text;!
Missing character: There is no ② (U+2461) in font [lmroman10-regular]:mapping=t
ex-text;!
Missing character: There is no ② (U+2461) in font [lmroman10-regular]:mapping=t
ex-text;!
Missing character: There is no ② (U+2461) in font [lmroman7-regular]:mapping=te
x-text;!
Missing character: There is no ② (U+2461) in font [lmroman5-regular]:mapping=te
x-text;!
Missing character: There is no ① (U+2460) in font [lmroman10-regular]:mapping=t
ex-text;!
Missing character: There is no ④ (U+2463) in font [lmroman10-regular]:mapping=t
ex-text;!
Missing character: There is no ④ (U+2463) in font [lmroman10-regular]:mapping=t
ex-text;!
Missing character: There is no ④ (U+2463) in font [lmroman7-regular]:mapping=te
x-text;!
Missing character: There is no ④ (U+2463) in font [lmroman5-regular]:mapping=te
x-text;!
Missing character: There is no ③ (U+2462) in font [lmroman10-regular]:mapping=t
ex-text;!
Missing character: There is no ③ (U+2462) in font [lmroman10-regular]:mapping=t
ex-text;!
Missing character: There is no ③ (U+2462) in font [lmroman7-regular]:mapping=te
x-text;!
Missing character: There is no ③ (U+2462) in font [lmroman5-regular]:mapping=te
x-text;!
Missing character: There is no ② (U+2461) in font [lmroman10-regular]:mapping=t
ex-text;!
Missing character: There is no ② (U+2461) in font [lmroman10-regular]:mapping=t
ex-text;!
Missing character: There is no ② (U+2461) in font [lmroman7-regular]:mapping=te
x-text;!
Missing character: There is no ② (U+2461) in font [lmroman5-regular]:mapping=te
x-text;!
Missing character: There is no ① (U+2460) in font [lmroman10-regular]:mapping=t
ex-text;!
Missing character: There is no ④ (U+2463) in font [lmroman10-regular]:mapping=t
ex-text;!
Missing character: There is no ④ (U+2463) in font [lmroman10-regular]:mapping=t
ex-text;!
Missing character: There is no ④ (U+2463) in font [lmroman7-regular]:mapping=te
x-text;!
Missing character: There is no ④ (U+2463) in font [lmroman5-regular]:mapping=te
x-text;!
Missing character: There is no ③ (U+2462) in font [lmroman10-regular]:mapping=t
ex-text;!
Missing character: There is no ③ (U+2462) in font [lmroman10-regular]:mapping=t
ex-text;!
Missing character: There is no ③ (U+2462) in font [lmroman7-regular]:mapping=te
x-text;!
Missing character: There is no ③ (U+2462) in font [lmroman5-regular]:mapping=te
x-text;!
Missing character: There is no ② (U+2461) in font [lmroman10-regular]:mapping=t
ex-text;!
Missing character: There is no ② (U+2461) in font [lmroman10-regular]:mapping=t
ex-text;!
Missing character: There is no ② (U+2461) in font [lmroman7-regular]:mapping=te
x-text;!
Missing character: There is no ② (U+2461) in font [lmroman5-regular]:mapping=te
x-text;!
Missing character: There is no ① (U+2460) in font [lmroman10-regular]:mapping=t
ex-text;!
File: images/0190e026-5a11-7df7-bd27-54d09026ba7a_34_277285.jpg Graphic file (t
ype bmp)
<images/0190e026-5a11-7df7-bd27-54d09026ba7a_34_277285.jpg>
File: images/0190e026-5a11-7df7-bd27-54d09026ba7a_34_332947.jpg Graphic file (t
ype bmp)
<images/0190e026-5a11-7df7-bd27-54d09026ba7a_34_332947.jpg>
File: images/0190e026-5a11-7df7-bd27-54d09026ba7a_34_794336.jpg Graphic file (t
ype bmp)
<images/0190e026-5a11-7df7-bd27-54d09026ba7a_34_794336.jpg>
[32]
File: images/0190e026-5a11-7df7-bd27-54d09026ba7a_34_217807.jpg Graphic file (t
ype bmp)
<images/0190e026-5a11-7df7-bd27-54d09026ba7a_34_217807.jpg>
 [33]
Missing character: There is no ① (U+2460) in font [lmroman10-regular]:mapping=t
ex-text;!
Missing character: There is no ② (U+2461) in font [lmroman10-regular]:mapping=t
ex-text;!
Missing character: There is no ③ (U+2462) in font [lmroman10-regular]:mapping=t
ex-text;!
File: images/0190e026-5a11-7df7-bd27-54d09026ba7a_36_355529.jpg Graphic file (t
ype bmp)
<images/0190e026-5a11-7df7-bd27-54d09026ba7a_36_355529.jpg>
[34]
File: images/0190e026-5a11-7df7-bd27-54d09026ba7a_37_632847.jpg Graphic file (t
ype bmp)
<images/0190e026-5a11-7df7-bd27-54d09026ba7a_37_632847.jpg>
 [35]
File: images/0190e026-5a11-7df7-bd27-54d09026ba7a_38_901976.jpg Graphic file (t
ype bmp)
<images/0190e026-5a11-7df7-bd27-54d09026ba7a_38_901976.jpg>
File: images/0190e026-5a11-7df7-bd27-54d09026ba7a_38_208591.jpg Graphic file (t
ype bmp)
<images/0190e026-5a11-7df7-bd27-54d09026ba7a_38_208591.jpg>
File: images/0190e026-5a11-7df7-bd27-54d09026ba7a_38_912017.jpg Graphic file (t
ype bmp)
<images/0190e026-5a11-7df7-bd27-54d09026ba7a_38_912017.jpg>
 [36]
File: images/0190e026-5a11-7df7-bd27-54d09026ba7a_39_920145.jpg Graphic file (t
ype bmp)
<images/0190e026-5a11-7df7-bd27-54d09026ba7a_39_920145.jpg>
File: images/0190e026-5a11-7df7-bd27-54d09026ba7a_39_140608.jpg Graphic file (t
ype bmp)
<images/0190e026-5a11-7df7-bd27-54d09026ba7a_39_140608.jpg>
File: images/0190e026-5a11-7df7-bd27-54d09026ba7a_39_503101.jpg Graphic file (t
ype bmp)
<images/0190e026-5a11-7df7-bd27-54d09026ba7a_39_503101.jpg>
File: images/0190e026-5a11-7df7-bd27-54d09026ba7a_39_620247.jpg Graphic file (t
ype bmp)
<images/0190e026-5a11-7df7-bd27-54d09026ba7a_39_620247.jpg>
File: images/0190e026-5a11-7df7-bd27-54d09026ba7a_39_605859.jpg Graphic file (t
ype bmp)
<images/0190e026-5a11-7df7-bd27-54d09026ba7a_39_605859.jpg>
 [37]
File: images/0190e026-5a11-7df7-bd27-54d09026ba7a_39_980722.jpg Graphic file (t
ype bmp)
<images/0190e026-5a11-7df7-bd27-54d09026ba7a_39_980722.jpg>
 [38] [39]

Package hyperref Warning: Ignoring empty anchor on input line 1704.

Missing character: There is no ① (U+2460) in font [lmroman8-regular]:mapping=te
x-text;!

Overfull \hbox (21.66501pt too wide) in paragraph at lines 1708--1709
\TU/FandolSong-Regular(0)/m/n/10 常 见 元 素 的 共 价 半 径\TU/lmr/m/n/10 : ____________
________________________ 
 []

[40]
File: images/0190e026-5a11-7df7-bd27-54d09026ba7a_44_518010.jpg Graphic file (t
ype bmp)
<images/0190e026-5a11-7df7-bd27-54d09026ba7a_44_518010.jpg>
File: images/0190e026-5a11-7df7-bd27-54d09026ba7a_44_587402.jpg Graphic file (t
ype bmp)
<images/0190e026-5a11-7df7-bd27-54d09026ba7a_44_587402.jpg>
 [41]
File: images/0190e026-5a11-7df7-bd27-54d09026ba7a_45_921611.jpg Graphic file (t
ype bmp)
<images/0190e026-5a11-7df7-bd27-54d09026ba7a_45_921611.jpg>
File: images/0190e026-5a11-7df7-bd27-54d09026ba7a_45_610417.jpg Graphic file (t
ype bmp)
<images/0190e026-5a11-7df7-bd27-54d09026ba7a_45_610417.jpg>
 [42]
File: images/0190e026-5a11-7df7-bd27-54d09026ba7a_45_586803.jpg Graphic file (t
ype bmp)
<images/0190e026-5a11-7df7-bd27-54d09026ba7a_45_586803.jpg>
File: images/0190e026-5a11-7df7-bd27-54d09026ba7a_46_902097.jpg Graphic file (t
ype bmp)
<images/0190e026-5a11-7df7-bd27-54d09026ba7a_46_902097.jpg>
File: images/0190e026-5a11-7df7-bd27-54d09026ba7a_46_618292.jpg Graphic file (t
ype bmp)
<images/0190e026-5a11-7df7-bd27-54d09026ba7a_46_618292.jpg>
 [43]
File: images/0190e026-5a11-7df7-bd27-54d09026ba7a_46_824885.jpg Graphic file (t
ype bmp)
<images/0190e026-5a11-7df7-bd27-54d09026ba7a_46_824885.jpg>
File: images/0190e026-5a11-7df7-bd27-54d09026ba7a_46_824886.jpg Graphic file (t
ype bmp)
<images/0190e026-5a11-7df7-bd27-54d09026ba7a_46_824886.jpg>
File: images/0190e026-5a11-7df7-bd27-54d09026ba7a_47_687567.jpg Graphic file (t
ype bmp)
<images/0190e026-5a11-7df7-bd27-54d09026ba7a_47_687567.jpg>


Package hyperref Warning: Ignoring empty anchor on input line 1900.

Missing character: There is no ① (U+2460) in font [lmroman8-regular]:mapping=te
x-text;!
[44]
File: images/0190e026-5a11-7df7-bd27-54d09026ba7a_49_788918.jpg Graphic file (t
ype bmp)
<images/0190e026-5a11-7df7-bd27-54d09026ba7a_49_788918.jpg>
 [45]
File: images/0190e026-5a11-7df7-bd27-54d09026ba7a_49_176882.jpg Graphic file (t
ype bmp)
<images/0190e026-5a11-7df7-bd27-54d09026ba7a_49_176882.jpg>
File: images/0190e026-5a11-7df7-bd27-54d09026ba7a_49_176883.jpg Graphic file (t
ype bmp)
<images/0190e026-5a11-7df7-bd27-54d09026ba7a_49_176883.jpg>
File: images/0190e026-5a11-7df7-bd27-54d09026ba7a_49_176884.jpg Graphic file (t
ype bmp)
<images/0190e026-5a11-7df7-bd27-54d09026ba7a_49_176884.jpg>
File: images/0190e026-5a11-7df7-bd27-54d09026ba7a_49_176885.jpg Graphic file (t
ype bmp)
<images/0190e026-5a11-7df7-bd27-54d09026ba7a_49_176885.jpg>
File: images/0190e026-5a11-7df7-bd27-54d09026ba7a_49_176886.jpg Graphic file (t
ype bmp)
<images/0190e026-5a11-7df7-bd27-54d09026ba7a_49_176886.jpg>
File: images/0190e026-5a11-7df7-bd27-54d09026ba7a_49_176887.jpg Graphic file (t
ype bmp)
<images/0190e026-5a11-7df7-bd27-54d09026ba7a_49_176887.jpg>
File: images/0190e026-5a11-7df7-bd27-54d09026ba7a_49_176888.jpg Graphic file (t
ype bmp)
<images/0190e026-5a11-7df7-bd27-54d09026ba7a_49_176888.jpg>
File: images/0190e026-5a11-7df7-bd27-54d09026ba7a_49_176889.jpg Graphic file (t
ype bmp)
<images/0190e026-5a11-7df7-bd27-54d09026ba7a_49_176889.jpg>
 [46]
Package mdframed Info: Not enough space on this page on input line 1984.
File: images/0190e026-5a11-7df7-bd27-54d09026ba7a_51_175399.jpg Graphic file (t
ype bmp)
<images/0190e026-5a11-7df7-bd27-54d09026ba7a_51_175399.jpg>
File: images/0190e026-5a11-7df7-bd27-54d09026ba7a_51_201775.jpg Graphic file (t
ype bmp)
<images/0190e026-5a11-7df7-bd27-54d09026ba7a_51_201775.jpg>
 [47]
File: images/0190e026-5a11-7df7-bd27-54d09026ba7a_52_781579.jpg Graphic file (t
ype bmp)
<images/0190e026-5a11-7df7-bd27-54d09026ba7a_52_781579.jpg>
File: images/0190e026-5a11-7df7-bd27-54d09026ba7a_52_781580.jpg Graphic file (t
ype bmp)
<images/0190e026-5a11-7df7-bd27-54d09026ba7a_52_781580.jpg>
File: images/0190e026-5a11-7df7-bd27-54d09026ba7a_52_781581.jpg Graphic file (t
ype bmp)
<images/0190e026-5a11-7df7-bd27-54d09026ba7a_52_781581.jpg>
File: images/0190e026-5a11-7df7-bd27-54d09026ba7a_52_781582.jpg Graphic file (t
ype bmp)
<images/0190e026-5a11-7df7-bd27-54d09026ba7a_52_781582.jpg>
File: images/0190e026-5a11-7df7-bd27-54d09026ba7a_52_781583.jpg Graphic file (t
ype bmp)
<images/0190e026-5a11-7df7-bd27-54d09026ba7a_52_781583.jpg>
File: images/0190e026-5a11-7df7-bd27-54d09026ba7a_52_781584.jpg Graphic file (t
ype bmp)
<images/0190e026-5a11-7df7-bd27-54d09026ba7a_52_781584.jpg>
 [48]
Missing character: There is no ① (U+2460) in font [lmroman10-regular]:mapping=t
ex-text;!
Missing character: There is no ② (U+2461) in font [lmroman10-regular]:mapping=t
ex-text;!
Missing character: There is no ③ (U+2462) in font [lmroman10-regular]:mapping=t
ex-text;!
Missing character: There is no ④ (U+2463) in font [lmroman10-regular]:mapping=t
ex-text;!
Missing character: There is no ⑤ (U+2464) in font [lmroman10-regular]:mapping=t
ex-text;!
Missing character: There is no ① (U+2460) in font [lmroman10-regular]:mapping=t
ex-text;!
Missing character: There is no ② (U+2461) in font [lmroman10-regular]:mapping=t
ex-text;!
Missing character: There is no ③ (U+2462) in font [lmroman10-regular]:mapping=t
ex-text;!
Missing character: There is no ⑤ (U+2464) in font [lmroman10-regular]:mapping=t
ex-text;!
[49]
Package mdframed Info: Not enough space on this page on input line 2200.
 [50]
Package mdframed Info: Not enough space on this page on input line 2200.
File: images/0190e026-5a11-7df7-bd27-54d09026ba7a_55_319366.jpg Graphic file (t
ype bmp)
<images/0190e026-5a11-7df7-bd27-54d09026ba7a_55_319366.jpg>
 [51]
File: images/0190e026-5a11-7df7-bd27-54d09026ba7a_56_528485.jpg Graphic file (t
ype bmp)
<images/0190e026-5a11-7df7-bd27-54d09026ba7a_56_528485.jpg>
File: images/0190e026-5a11-7df7-bd27-54d09026ba7a_57_615722.jpg Graphic file (t
ype bmp)
<images/0190e026-5a11-7df7-bd27-54d09026ba7a_57_615722.jpg>
 [52]
Missing character: There is no ① (U+2460) in font [lmroman10-regular]:mapping=t
ex-text;!
File: images/0190e026-5a11-7df7-bd27-54d09026ba7a_58_931420.jpg Graphic file (t
ype bmp)
<images/0190e026-5a11-7df7-bd27-54d09026ba7a_58_931420.jpg>
[53]
File: images/0190e026-5a11-7df7-bd27-54d09026ba7a_58_996313.jpg Graphic file (t
ype bmp)
<images/0190e026-5a11-7df7-bd27-54d09026ba7a_58_996313.jpg>
File: images/0190e026-5a11-7df7-bd27-54d09026ba7a_58_396057.jpg Graphic file (t
ype bmp)
<images/0190e026-5a11-7df7-bd27-54d09026ba7a_58_396057.jpg>
 [54]
File: images/0190e026-5a11-7df7-bd27-54d09026ba7a_59_864580.jpg Graphic file (t
ype bmp)
<images/0190e026-5a11-7df7-bd27-54d09026ba7a_59_864580.jpg>
 [55]
File: images/0190e026-5a11-7df7-bd27-54d09026ba7a_60_586054.jpg Graphic file (t
ype bmp)
<images/0190e026-5a11-7df7-bd27-54d09026ba7a_60_586054.jpg>
File: images/0190e026-5a11-7df7-bd27-54d09026ba7a_60_647091.jpg Graphic file (t
ype bmp)
<images/0190e026-5a11-7df7-bd27-54d09026ba7a_60_647091.jpg>
 [56]
File: images/0190e026-5a11-7df7-bd27-54d09026ba7a_61_290934.jpg Graphic file (t
ype bmp)
<images/0190e026-5a11-7df7-bd27-54d09026ba7a_61_290934.jpg>
File: images/0190e026-5a11-7df7-bd27-54d09026ba7a_61_582870.jpg Graphic file (t
ype bmp)
<images/0190e026-5a11-7df7-bd27-54d09026ba7a_61_582870.jpg>
 [57]
File: images/0190e026-5a11-7df7-bd27-54d09026ba7a_62_448837.jpg Graphic file (t
ype bmp)
<images/0190e026-5a11-7df7-bd27-54d09026ba7a_62_448837.jpg>
File: images/0190e026-5a11-7df7-bd27-54d09026ba7a_62_564932.jpg Graphic file (t
ype bmp)
<images/0190e026-5a11-7df7-bd27-54d09026ba7a_62_564932.jpg>
 [58]
File: images/0190e026-5a11-7df7-bd27-54d09026ba7a_63_213673.jpg Graphic file (t
ype bmp)
<images/0190e026-5a11-7df7-bd27-54d09026ba7a_63_213673.jpg>
File: images/0190e026-5a11-7df7-bd27-54d09026ba7a_63_205263.jpg Graphic file (t
ype bmp)
<images/0190e026-5a11-7df7-bd27-54d09026ba7a_63_205263.jpg>
File: images/0190e026-5a11-7df7-bd27-54d09026ba7a_63_367931.jpg Graphic file (t
ype bmp)
<images/0190e026-5a11-7df7-bd27-54d09026ba7a_63_367931.jpg>
 [59]
File: images/0190e026-5a11-7df7-bd27-54d09026ba7a_64_372882.jpg Graphic file (t
ype bmp)
<images/0190e026-5a11-7df7-bd27-54d09026ba7a_64_372882.jpg>
 [60]
File: images/0190e026-5a11-7df7-bd27-54d09026ba7a_64_404744.jpg Graphic file (t
ype bmp)
<images/0190e026-5a11-7df7-bd27-54d09026ba7a_64_404744.jpg>
 [61]
File: images/0190e026-5a11-7df7-bd27-54d09026ba7a_66_717979.jpg Graphic file (t
ype bmp)
<images/0190e026-5a11-7df7-bd27-54d09026ba7a_66_717979.jpg>
File: images/0190e026-5a11-7df7-bd27-54d09026ba7a_66_632028.jpg Graphic file (t
ype bmp)
<images/0190e026-5a11-7df7-bd27-54d09026ba7a_66_632028.jpg>
File: images/0190e026-5a11-7df7-bd27-54d09026ba7a_66_451137.jpg Graphic file (t
ype bmp)
<images/0190e026-5a11-7df7-bd27-54d09026ba7a_66_451137.jpg>
File: images/0190e026-5a11-7df7-bd27-54d09026ba7a_67_790080.jpg Graphic file (t
ype bmp)
<images/0190e026-5a11-7df7-bd27-54d09026ba7a_67_790080.jpg>
 [62] [63]
File: images/0190e026-5a11-7df7-bd27-54d09026ba7a_69_731187.jpg Graphic file (t
ype bmp)
<images/0190e026-5a11-7df7-bd27-54d09026ba7a_69_731187.jpg>
 [64]

Package hyperref Warning: Ignoring empty anchor on input line 2848.

Missing character: There is no ① (U+2460) in font [lmroman8-regular]:mapping=te
x-text;!
File: images/0190e026-5a11-7df7-bd27-54d09026ba7a_71_238373.jpg Graphic file (t
ype bmp)
<images/0190e026-5a11-7df7-bd27-54d09026ba7a_71_238373.jpg>
[65]
Missing character: There is no 奧 (U+5967) in font [FandolSong-Regular.otf]/OT:l
anguage=dflt;!
File: images/0190e026-5a11-7df7-bd27-54d09026ba7a_72_724359.jpg Graphic file (t
ype bmp)
<images/0190e026-5a11-7df7-bd27-54d09026ba7a_72_724359.jpg>
[66]
File: images/0190e026-5a11-7df7-bd27-54d09026ba7a_73_701370.jpg Graphic file (t
ype bmp)
<images/0190e026-5a11-7df7-bd27-54d09026ba7a_73_701370.jpg>
 [67]

Package hyperref Warning: Ignoring empty anchor on input line 2978.

Missing character: There is no ① (U+2460) in font [lmroman8-regular]:mapping=te
x-text;!
File: images/0190e026-5a11-7df7-bd27-54d09026ba7a_74_337054.jpg Graphic file (t
ype bmp)
<images/0190e026-5a11-7df7-bd27-54d09026ba7a_74_337054.jpg>
[68]
File: images/0190e026-5a11-7df7-bd27-54d09026ba7a_75_225935.jpg Graphic file (t
ype bmp)
<images/0190e026-5a11-7df7-bd27-54d09026ba7a_75_225935.jpg>
File: images/0190e026-5a11-7df7-bd27-54d09026ba7a_76_276893.jpg Graphic file (t
ype bmp)
<images/0190e026-5a11-7df7-bd27-54d09026ba7a_76_276893.jpg>
 [69]
File: images/0190e026-5a11-7df7-bd27-54d09026ba7a_76_157235.jpg Graphic file (t
ype bmp)
<images/0190e026-5a11-7df7-bd27-54d09026ba7a_76_157235.jpg>
File: images/0190e026-5a11-7df7-bd27-54d09026ba7a_77_683697.jpg Graphic file (t
ype bmp)
<images/0190e026-5a11-7df7-bd27-54d09026ba7a_77_683697.jpg>
File: images/0190e026-5a11-7df7-bd27-54d09026ba7a_77_105282.jpg Graphic file (t
ype bmp)
<images/0190e026-5a11-7df7-bd27-54d09026ba7a_77_105282.jpg>
File: images/0190e026-5a11-7df7-bd27-54d09026ba7a_77_998135.jpg Graphic file (t
ype bmp)
<images/0190e026-5a11-7df7-bd27-54d09026ba7a_77_998135.jpg>
 [70]
File: images/0190e026-5a11-7df7-bd27-54d09026ba7a_77_305403.jpg Graphic file (t
ype bmp)
<images/0190e026-5a11-7df7-bd27-54d09026ba7a_77_305403.jpg>
File: images/0190e026-5a11-7df7-bd27-54d09026ba7a_77_504949.jpg Graphic file (t
ype bmp)
<images/0190e026-5a11-7df7-bd27-54d09026ba7a_77_504949.jpg>
File: images/0190e026-5a11-7df7-bd27-54d09026ba7a_77_465562.jpg Graphic file (t
ype bmp)
<images/0190e026-5a11-7df7-bd27-54d09026ba7a_77_465562.jpg>
 [71]
File: images/0190e026-5a11-7df7-bd27-54d09026ba7a_78_939984.jpg Graphic file (t
ype bmp)
<images/0190e026-5a11-7df7-bd27-54d09026ba7a_78_939984.jpg>
File: images/0190e026-5a11-7df7-bd27-54d09026ba7a_78_486931.jpg Graphic file (t
ype bmp)
<images/0190e026-5a11-7df7-bd27-54d09026ba7a_78_486931.jpg>
 [72]
File: images/0190e026-5a11-7df7-bd27-54d09026ba7a_78_731967.jpg Graphic file (t
ype bmp)
<images/0190e026-5a11-7df7-bd27-54d09026ba7a_78_731967.jpg>
File: images/0190e026-5a11-7df7-bd27-54d09026ba7a_79_195377.jpg Graphic file (t
ype bmp)
<images/0190e026-5a11-7df7-bd27-54d09026ba7a_79_195377.jpg>
 [73]
File: images/0190e026-5a11-7df7-bd27-54d09026ba7a_79_346307.jpg Graphic file (t
ype bmp)
<images/0190e026-5a11-7df7-bd27-54d09026ba7a_79_346307.jpg>
File: images/0190e026-5a11-7df7-bd27-54d09026ba7a_79_225931.jpg Graphic file (t
ype bmp)
<images/0190e026-5a11-7df7-bd27-54d09026ba7a_79_225931.jpg>
 [74]
File: images/0190e026-5a11-7df7-bd27-54d09026ba7a_80_138890.jpg Graphic file (t
ype bmp)
<images/0190e026-5a11-7df7-bd27-54d09026ba7a_80_138890.jpg>
 [75]
File: images/0190e026-5a11-7df7-bd27-54d09026ba7a_80_500178.jpg Graphic file (t
ype bmp)
<images/0190e026-5a11-7df7-bd27-54d09026ba7a_80_500178.jpg>
File: images/0190e026-5a11-7df7-bd27-54d09026ba7a_80_325789.jpg Graphic file (t
ype bmp)
<images/0190e026-5a11-7df7-bd27-54d09026ba7a_80_325789.jpg>
File: images/0190e026-5a11-7df7-bd27-54d09026ba7a_80_627746.jpg Graphic file (t
ype bmp)
<images/0190e026-5a11-7df7-bd27-54d09026ba7a_80_627746.jpg>
File: images/0190e026-5a11-7df7-bd27-54d09026ba7a_81_267169.jpg Graphic file (t
ype bmp)
<images/0190e026-5a11-7df7-bd27-54d09026ba7a_81_267169.jpg>
 [76]
File: images/0190e026-5a11-7df7-bd27-54d09026ba7a_82_587111.jpg Graphic file (t
ype bmp)
<images/0190e026-5a11-7df7-bd27-54d09026ba7a_82_587111.jpg>
File: images/0190e026-5a11-7df7-bd27-54d09026ba7a_82_631322.jpg Graphic file (t
ype bmp)
<images/0190e026-5a11-7df7-bd27-54d09026ba7a_82_631322.jpg>
 [77]
Overfull \hbox (15.28653pt too wide) in paragraph at lines 3286--3287
[]\TU/FandolSong-Regular(0)/m/n/10 这 个 实 验 不 但 证 明 了 金 属 镁 可 以 跟 二 氧 化 碳 反 应 $[
]$
 []

File: images/0190e026-5a11-7df7-bd27-54d09026ba7a_83_507640.jpg Graphic file (t
ype bmp)
<images/0190e026-5a11-7df7-bd27-54d09026ba7a_83_507640.jpg>
[78]
File: images/0190e026-5a11-7df7-bd27-54d09026ba7a_83_242682.jpg Graphic file (t
ype bmp)
<images/0190e026-5a11-7df7-bd27-54d09026ba7a_83_242682.jpg>
File: images/0190e026-5a11-7df7-bd27-54d09026ba7a_84_935737.jpg Graphic file (t
ype bmp)
<images/0190e026-5a11-7df7-bd27-54d09026ba7a_84_935737.jpg>
 [79]
File: images/0190e026-5a11-7df7-bd27-54d09026ba7a_84_279058.jpg Graphic file (t
ype bmp)
<images/0190e026-5a11-7df7-bd27-54d09026ba7a_84_279058.jpg>
File: images/0190e026-5a11-7df7-bd27-54d09026ba7a_84_588925.jpg Graphic file (t
ype bmp)
<images/0190e026-5a11-7df7-bd27-54d09026ba7a_84_588925.jpg>
File: images/0190e026-5a11-7df7-bd27-54d09026ba7a_85_289011.jpg Graphic file (t
ype bmp)
<images/0190e026-5a11-7df7-bd27-54d09026ba7a_85_289011.jpg>
 [80]
File: images/0190e026-5a11-7df7-bd27-54d09026ba7a_85_283745.jpg Graphic file (t
ype bmp)
<images/0190e026-5a11-7df7-bd27-54d09026ba7a_85_283745.jpg>
 [81]
File: images/0190e026-5a11-7df7-bd27-54d09026ba7a_86_799813.jpg Graphic file (t
ype bmp)
<images/0190e026-5a11-7df7-bd27-54d09026ba7a_86_799813.jpg>
 [82]
File: images/0190e026-5a11-7df7-bd27-54d09026ba7a_87_332605.jpg Graphic file (t
ype bmp)
<images/0190e026-5a11-7df7-bd27-54d09026ba7a_87_332605.jpg>
File: images/0190e026-5a11-7df7-bd27-54d09026ba7a_87_114407.jpg Graphic file (t
ype bmp)
<images/0190e026-5a11-7df7-bd27-54d09026ba7a_87_114407.jpg>
 [83]
Missing character: There is no ① (U+2460) in font [lmroman10-regular]:mapping=t
ex-text;!
Missing character: There is no ② (U+2461) in font [lmroman10-regular]:mapping=t
ex-text;!
Missing character: There is no ③ (U+2462) in font [lmroman10-regular]:mapping=t
ex-text;!
Missing character: There is no ④ (U+2463) in font [lmroman10-regular]:mapping=t
ex-text;!
Missing character: There is no ① (U+2460) in font [lmroman10-regular]:mapping=t
ex-text;!
Missing character: There is no ② (U+2461) in font [lmroman10-regular]:mapping=t
ex-text;!
Missing character: There is no ① (U+2460) in font [lmroman10-regular]:mapping=t
ex-text;!
Missing character: There is no ④ (U+2463) in font [lmroman10-regular]:mapping=t
ex-text;!
Missing character: There is no ③ (U+2462) in font [lmroman10-regular]:mapping=t
ex-text;!
Missing character: There is no ④ (U+2463) in font [lmroman10-regular]:mapping=t
ex-text;!
File: images/0190e026-5a11-7df7-bd27-54d09026ba7a_89_356141.jpg Graphic file (t
ype bmp)
<images/0190e026-5a11-7df7-bd27-54d09026ba7a_89_356141.jpg>
[84]
File: images/0190e026-5a11-7df7-bd27-54d09026ba7a_89_768987.jpg Graphic file (t
ype bmp)
<images/0190e026-5a11-7df7-bd27-54d09026ba7a_89_768987.jpg>
File: images/0190e026-5a11-7df7-bd27-54d09026ba7a_90_237066.jpg Graphic file (t
ype bmp)
<images/0190e026-5a11-7df7-bd27-54d09026ba7a_90_237066.jpg>
File: images/0190e026-5a11-7df7-bd27-54d09026ba7a_90_715312.jpg Graphic file (t
ype bmp)
<images/0190e026-5a11-7df7-bd27-54d09026ba7a_90_715312.jpg>
 [85]
File: images/0190e026-5a11-7df7-bd27-54d09026ba7a_91_448409.jpg Graphic file (t
ype bmp)
<images/0190e026-5a11-7df7-bd27-54d09026ba7a_91_448409.jpg>
 [86]
Overfull \hbox (16.93065pt too wide) in paragraph at lines 3634--3635
[]\TU/FandolSong-Regular(0)/m/n/10 第 三 周 期 后 几 种 元 素 的 氧 化 物 的 晶 体 类 型 又 会 怎 样 
变 化 呢\TU/lmr/m/n/10 ? $[][][][][][][][][][][][]$
 []

[87]
File: images/0190e026-5a11-7df7-bd27-54d09026ba7a_93_690697.jpg Graphic file (t
ype bmp)
<images/0190e026-5a11-7df7-bd27-54d09026ba7a_93_690697.jpg>
File: images/0190e026-5a11-7df7-bd27-54d09026ba7a_93_601681.jpg Graphic file (t
ype bmp)
<images/0190e026-5a11-7df7-bd27-54d09026ba7a_93_601681.jpg>
File: images/0190e026-5a11-7df7-bd27-54d09026ba7a_93_810121.jpg Graphic file (t
ype bmp)
<images/0190e026-5a11-7df7-bd27-54d09026ba7a_93_810121.jpg>
 [88]
File: images/0190e026-5a11-7df7-bd27-54d09026ba7a_94_306812.jpg Graphic file (t
ype bmp)
<images/0190e026-5a11-7df7-bd27-54d09026ba7a_94_306812.jpg>
 [89]
File: images/0190e026-5a11-7df7-bd27-54d09026ba7a_95_203128.jpg Graphic file (t
ype bmp)
<images/0190e026-5a11-7df7-bd27-54d09026ba7a_95_203128.jpg>

Overfull \hbox (31.16443pt too wide) in paragraph at lines 3726--3727
[]|\TU/FandolSong-Regular(0)/m/n/10 （\TU/lmr/m/n/10 1\TU/FandolSong-Regular(0)/
m/n/10 ）|  在 玻 璃 杯 中 放 入 比 室 温 高 $[] \OMS/cmsy/m/n/10 ^^X [][][][]$ \TU/FandolS
ong-Regular(0)/m/n/10 的 水\TU/lmr/m/n/10 , \TU/FandolSong-Regular(0)/m/n/10 并 加 
入 明 矾 晶 体 $[]$
 []

[90]
Overfull \hbox (28.21391pt too wide) in paragraph at lines 3736--3737
[]\TU/lmr/m/n/10 ( 6 ) \TU/FandolSong-Regular(0)/m/n/10 将 所 得 明 矾 晶 体 放 进 铬 钾 矾
 的 饱 和 溶 液 中\TU/lmr/m/n/10 , \TU/FandolSong-Regular(0)/m/n/10 使 铬 钾 矾 晶 体 $[]$
 []

File: images/0190e026-5a11-7df7-bd27-54d09026ba7a_96_199934.jpg Graphic file (t
ype bmp)
<images/0190e026-5a11-7df7-bd27-54d09026ba7a_96_199934.jpg>
[91]
File: images/0190e026-5a11-7df7-bd27-54d09026ba7a_97_696374.jpg Graphic file (t
ype bmp)
<images/0190e026-5a11-7df7-bd27-54d09026ba7a_97_696374.jpg>

Missing character: There is no χ (U+03C7) in font [lmroman10-regular]:mapping=t
ex-text;!
File: images/0190e026-5a11-7df7-bd27-54d09026ba7a_97_812511.jpg Graphic file (t
ype bmp)
<images/0190e026-5a11-7df7-bd27-54d09026ba7a_97_812511.jpg>
Missing character: There is no ① (U+2460) in font [lmroman10-regular]:mapping=t
ex-text;!
Missing character: There is no ② (U+2461) in font [lmroman10-regular]:mapping=t
ex-text;!
Missing character: There is no ③ (U+2462) in font [lmroman10-regular]:mapping=t
ex-text;!
Missing character: There is no ④ (U+2463) in font [lmroman10-regular]:mapping=t
ex-text;!
Missing character: There is no ⑤ (U+2464) in font [lmroman10-regular]:mapping=t
ex-text;!
Missing character: There is no ⑥ (U+2465) in font [lmroman10-regular]:mapping=t
ex-text;!
File: images/0190e026-5a11-7df7-bd27-54d09026ba7a_98_743122.jpg Graphic file (t
ype bmp)
<images/0190e026-5a11-7df7-bd27-54d09026ba7a_98_743122.jpg>
[92]
File: images/0190e026-5a11-7df7-bd27-54d09026ba7a_99_150945.jpg Graphic file (t
ype bmp)
<images/0190e026-5a11-7df7-bd27-54d09026ba7a_99_150945.jpg>
File: images/0190e026-5a11-7df7-bd27-54d09026ba7a_99_554903.jpg Graphic file (t
ype bmp)
<images/0190e026-5a11-7df7-bd27-54d09026ba7a_99_554903.jpg>
File: images/0190e026-5a11-7df7-bd27-54d09026ba7a_99_539678.jpg Graphic file (t
ype bmp)
<images/0190e026-5a11-7df7-bd27-54d09026ba7a_99_539678.jpg>
 [93]
File: images/0190e026-5a11-7df7-bd27-54d09026ba7a_99_585088.jpg Graphic file (t
ype bmp)
<images/0190e026-5a11-7df7-bd27-54d09026ba7a_99_585088.jpg>
File: images/0190e026-5a11-7df7-bd27-54d09026ba7a_99_686664.jpg Graphic file (t
ype bmp)
<images/0190e026-5a11-7df7-bd27-54d09026ba7a_99_686664.jpg>
 [94]
File: images/0190e026-5a11-7df7-bd27-54d09026ba7a_100_966780.jpg Graphic file (
type bmp)
<images/0190e026-5a11-7df7-bd27-54d09026ba7a_100_966780.jpg>

Missing character: There is no ③ (U+2462) in font [lmroman12-bold]:mapping=tex-
text;!
File: images/0190e026-5a11-7df7-bd27-54d09026ba7a_100_873804.jpg Graphic file (
type bmp)
<images/0190e026-5a11-7df7-bd27-54d09026ba7a_100_873804.jpg>
[95]
File: images/0190e026-5a11-7df7-bd27-54d09026ba7a_101_398976.jpg Graphic file (
type bmp)
<images/0190e026-5a11-7df7-bd27-54d09026ba7a_101_398976.jpg>
 [96]
File: images/0190e026-5a11-7df7-bd27-54d09026ba7a_102_173714.jpg Graphic file (
type bmp)
<images/0190e026-5a11-7df7-bd27-54d09026ba7a_102_173714.jpg>
File: images/0190e026-5a11-7df7-bd27-54d09026ba7a_102_950380.jpg Graphic file (
type bmp)
<images/0190e026-5a11-7df7-bd27-54d09026ba7a_102_950380.jpg>
 [97]
File: images/0190e026-5a11-7df7-bd27-54d09026ba7a_103_454925.jpg Graphic file (
type bmp)
<images/0190e026-5a11-7df7-bd27-54d09026ba7a_103_454925.jpg>

Overfull \vbox (30.8338pt too high) detected at line 3972
 []

[98]
File: images/0190e026-5a11-7df7-bd27-54d09026ba7a_104_321594.jpg Graphic file (
type bmp)
<images/0190e026-5a11-7df7-bd27-54d09026ba7a_104_321594.jpg>
 [99]
Missing character: There is no ① (U+2460) in font [lmroman10-regular]:mapping=t
ex-text;!
Missing character: There is no ② (U+2461) in font [lmroman10-regular]:mapping=t
ex-text;!
Missing character: There is no ③ (U+2462) in font [lmroman10-regular]:mapping=t
ex-text;!
Missing character: There is no ④ (U+2463) in font [lmroman10-regular]:mapping=t
ex-text;!
Missing character: There is no ⑤ (U+2464) in font [lmroman10-regular]:mapping=t
ex-text;!
Missing character: There is no ① (U+2460) in font [lmroman10-regular]:mapping=t
ex-text;!
Missing character: There is no ② (U+2461) in font [lmroman10-regular]:mapping=t
ex-text;!
Missing character: There is no ④ (U+2463) in font [lmroman10-regular]:mapping=t
ex-text;!
[100]
File: images/0190e026-5a11-7df7-bd27-54d09026ba7a_106_352471.jpg Graphic file (
type bmp)
<images/0190e026-5a11-7df7-bd27-54d09026ba7a_106_352471.jpg>
File: images/0190e026-5a11-7df7-bd27-54d09026ba7a_106_171816.jpg Graphic file (
type bmp)
<images/0190e026-5a11-7df7-bd27-54d09026ba7a_106_171816.jpg>

Missing character: There is no ⑤ (U+2464) in font [lmroman12-bold]:mapping=tex-
text;!
[101] [102] [103]
Missing character: There is no 傢 (U+50A2) in font [FandolSong-Regular.otf]/OT:l
anguage=dflt;!
[104] (./XB2.aux)
 ***********
LaTeX2e <2023-11-01> patch level 1
L3 programming layer <2022/08/05>
 ***********
Package rerunfilecheck Info: File `XB2.out' has not changed.
(rerunfilecheck)             Checksum: D41D8CD98F00B204E9800998ECF8427E;0.
 ) 
Here is how much of TeX's memory you used:
 18314 strings out of 474773
 470984 string characters out of 5757724
 2004839 words of memory out of 5000000
 40017 multiletter control sequences out of 15000+600000
 570107 words of font info for 98 fonts, out of 8000000 for 9000
 1348 hyphenation exceptions out of 8191
 79i,14n,93p,1150b,466s stack positions out of 10000i,1000n,20000p,200000b,200000s

Output written on XB2.pdf (104 pages).
