This is XeTeX, Version 3.141592653-2.6-0.999996 (TeX Live 2024) (preloaded format=xelatex 2024.6.29)  22 JUL 2024 21:27
entering extended mode
 restricted \write18 enabled.
 %&-line parsing enabled.
**0190da9d-8bfd-732f-bc2c-0b21d0f13b91_tex.tex
(./0190da9d-8bfd-732f-bc2c-0b21d0f13b91_tex.tex
LaTeX2e <2023-11-01> patch level 1
L3 programming layer <2024-02-20>
(/usr/local/texlive/2024/texmf-dist/tex/latex/base/article.cls
Document Class: article 2023/05/17 v1.4n Standard LaTeX document class
(/usr/local/texlive/2024/texmf-dist/tex/latex/base/size10.clo
File: size10.clo 2023/05/17 v1.4n Standard LaTeX file (size option)
)
\c@part=\count184
\c@section=\count185
\c@subsection=\count186
\c@subsubsection=\count187
\c@paragraph=\count188
\c@subparagraph=\count189
\c@figure=\count190
\c@table=\count191
\abovecaptionskip=\skip48
\belowcaptionskip=\skip49
\bibindent=\dimen140
)
(/usr/local/texlive/2024/texmf-dist/tex/latex/base/inputenc.sty
Package: inputenc 2021/02/14 v1.3d Input encoding file
\inpenc@prehook=\toks17
\inpenc@posthook=\toks18


Package inputenc Warning: inputenc package ignored with utf8 based engines.

) (/usr/local/texlive/2024/texmf-dist/tex/latex/base/fontenc.sty
Package: fontenc 2021/04/29 v2.0v Standard LaTeX package
LaTeX Font Info:    Trying to load font information for T1+lmr on input line 11
2.

(/usr/local/texlive/2024/texmf-dist/tex/latex/lm/t1lmr.fd
File: t1lmr.fd 2015/05/01 v1.6.1 Font defs for Latin Modern
))
(/usr/local/texlive/2024/texmf-dist/tex/latex/amsmath/amsmath.sty
Package: amsmath 2023/05/13 v2.17o AMS math features
\@mathmargin=\skip50

For additional information on amsmath, use the `?' option.
(/usr/local/texlive/2024/texmf-dist/tex/latex/amsmath/amstext.sty
Package: amstext 2021/08/26 v2.01 AMS text

(/usr/local/texlive/2024/texmf-dist/tex/latex/amsmath/amsgen.sty
File: amsgen.sty 1999/11/30 v2.0 generic functions
\@emptytoks=\toks19
\ex@=\dimen141
))
(/usr/local/texlive/2024/texmf-dist/tex/latex/amsmath/amsbsy.sty
Package: amsbsy 1999/11/29 v1.2d Bold Symbols
\pmbraise@=\dimen142
)
(/usr/local/texlive/2024/texmf-dist/tex/latex/amsmath/amsopn.sty
Package: amsopn 2022/04/08 v2.04 operator names
)
\inf@bad=\count192
LaTeX Info: Redefining \frac on input line 234.
\uproot@=\count193
\leftroot@=\count194
LaTeX Info: Redefining \overline on input line 399.
LaTeX Info: Redefining \colon on input line 410.
\classnum@=\count195
\DOTSCASE@=\count196
LaTeX Info: Redefining \ldots on input line 496.
LaTeX Info: Redefining \dots on input line 499.
LaTeX Info: Redefining \cdots on input line 620.
\Mathstrutbox@=\box51
\strutbox@=\box52
LaTeX Info: Redefining \big on input line 722.
LaTeX Info: Redefining \Big on input line 723.
LaTeX Info: Redefining \bigg on input line 724.
LaTeX Info: Redefining \Bigg on input line 725.
\big@size=\dimen143
LaTeX Font Info:    Redeclaring font encoding OML on input line 743.
LaTeX Font Info:    Redeclaring font encoding OMS on input line 744.
\macc@depth=\count197
LaTeX Info: Redefining \bmod on input line 905.
LaTeX Info: Redefining \pmod on input line 910.
LaTeX Info: Redefining \smash on input line 940.
LaTeX Info: Redefining \relbar on input line 970.
LaTeX Info: Redefining \Relbar on input line 971.
\c@MaxMatrixCols=\count198
\dotsspace@=\muskip16
\c@parentequation=\count199
\dspbrk@lvl=\count266
\tag@help=\toks20
\row@=\count267
\column@=\count268
\maxfields@=\count269
\andhelp@=\toks21
\eqnshift@=\dimen144
\alignsep@=\dimen145
\tagshift@=\dimen146
\tagwidth@=\dimen147
\totwidth@=\dimen148
\lineht@=\dimen149
\@envbody=\toks22
\multlinegap=\skip51
\multlinetaggap=\skip52
\mathdisplay@stack=\toks23
LaTeX Info: Redefining \[ on input line 2953.
LaTeX Info: Redefining \] on input line 2954.
)
(/usr/local/texlive/2024/texmf-dist/tex/latex/amsfonts/amsfonts.sty
Package: amsfonts 2013/01/14 v3.01 Basic AMSFonts support
\symAMSa=\mathgroup4
\symAMSb=\mathgroup5
LaTeX Font Info:    Redeclaring math symbol \hbar on input line 98.
LaTeX Font Info:    Overwriting math alphabet `\mathfrak' in version `bold'
(Font)                  U/euf/m/n --> U/euf/b/n on input line 106.
)
(/usr/local/texlive/2024/texmf-dist/tex/latex/amsfonts/amssymb.sty
Package: amssymb 2013/01/14 v3.01 AMS font symbols
)
(/usr/local/texlive/2024/texmf-dist/tex/latex/stmaryrd/stmaryrd.sty
Package: stmaryrd 1994/03/03 St Mary's Road symbol package
\symstmry=\mathgroup6
LaTeX Font Info:    Overwriting symbol font `stmry' in version `bold'
(Font)                  U/stmry/m/n --> U/stmry/b/n on input line 89.
)
(/usr/local/texlive/2024/texmf-dist/tex/latex/hyperref/hyperref.sty
Package: hyperref 2024-01-20 v7.01h Hypertext links for LaTeX

(/usr/local/texlive/2024/texmf-dist/tex/generic/iftex/iftex.sty
Package: iftex 2022/02/03 v1.0f TeX engine tests
)
(/usr/local/texlive/2024/texmf-dist/tex/latex/graphics/keyval.sty
Package: keyval 2022/05/29 v1.15 key=value parser (DPC)
\KV@toks@=\toks24
)
(/usr/local/texlive/2024/texmf-dist/tex/latex/kvsetkeys/kvsetkeys.sty
Package: kvsetkeys 2022-10-05 v1.19 Key value parser (HO)
)
(/usr/local/texlive/2024/texmf-dist/tex/generic/kvdefinekeys/kvdefinekeys.sty
Package: kvdefinekeys 2019-12-19 v1.6 Define keys (HO)
)
(/usr/local/texlive/2024/texmf-dist/tex/generic/pdfescape/pdfescape.sty
Package: pdfescape 2019/12/09 v1.15 Implements pdfTeX's escape features (HO)

(/usr/local/texlive/2024/texmf-dist/tex/generic/ltxcmds/ltxcmds.sty
Package: ltxcmds 2023-12-04 v1.26 LaTeX kernel commands for general use (HO)
)
(/usr/local/texlive/2024/texmf-dist/tex/generic/pdftexcmds/pdftexcmds.sty
Package: pdftexcmds 2020-06-27 v0.33 Utility functions of pdfTeX for LuaTeX (HO
)

(/usr/local/texlive/2024/texmf-dist/tex/generic/infwarerr/infwarerr.sty
Package: infwarerr 2019/12/03 v1.5 Providing info/warning/error messages (HO)
)
Package pdftexcmds Info: \pdf@primitive is available.
Package pdftexcmds Info: \pdf@ifprimitive is available.
Package pdftexcmds Info: \pdfdraftmode not found.
))
(/usr/local/texlive/2024/texmf-dist/tex/latex/hycolor/hycolor.sty
Package: hycolor 2020-01-27 v1.10 Color options for hyperref/bookmark (HO)
)
(/usr/local/texlive/2024/texmf-dist/tex/latex/auxhook/auxhook.sty
Package: auxhook 2019-12-17 v1.6 Hooks for auxiliary files (HO)
)
(/usr/local/texlive/2024/texmf-dist/tex/latex/hyperref/nameref.sty
Package: nameref 2023-11-26 v2.56 Cross-referencing by name of section

(/usr/local/texlive/2024/texmf-dist/tex/latex/refcount/refcount.sty
Package: refcount 2019/12/15 v3.6 Data extraction from label references (HO)
)
(/usr/local/texlive/2024/texmf-dist/tex/generic/gettitlestring/gettitlestring.s
ty
Package: gettitlestring 2019/12/15 v1.6 Cleanup title references (HO)
 (/usr/local/texlive/2024/texmf-dist/tex/latex/kvoptions/kvoptions.sty
Package: kvoptions 2022-06-15 v3.15 Key value format for package options (HO)
))
\c@section@level=\count270
)
(/usr/local/texlive/2024/texmf-dist/tex/latex/etoolbox/etoolbox.sty
Package: etoolbox 2020/10/05 v2.5k e-TeX tools for LaTeX (JAW)
\etb@tempcnta=\count271
)
\@linkdim=\dimen150
\Hy@linkcounter=\count272
\Hy@pagecounter=\count273

(/usr/local/texlive/2024/texmf-dist/tex/latex/hyperref/pd1enc.def
File: pd1enc.def 2024-01-20 v7.01h Hyperref: PDFDocEncoding definition (HO)
)
(/usr/local/texlive/2024/texmf-dist/tex/generic/intcalc/intcalc.sty
Package: intcalc 2019/12/15 v1.3 Expandable calculations with integers (HO)
)
\Hy@SavedSpaceFactor=\count274

(/usr/local/texlive/2024/texmf-dist/tex/latex/hyperref/puenc.def
File: puenc.def 2024-01-20 v7.01h Hyperref: PDF Unicode definition (HO)
)
Package hyperref Info: Hyper figures OFF on input line 4179.
Package hyperref Info: Link nesting OFF on input line 4184.
Package hyperref Info: Hyper index ON on input line 4187.
Package hyperref Info: Plain pages OFF on input line 4194.
Package hyperref Info: Backreferencing OFF on input line 4199.
Package hyperref Info: Implicit mode ON; LaTeX internals redefined.
Package hyperref Info: Bookmarks ON on input line 4446.
\c@Hy@tempcnt=\count275

(/usr/local/texlive/2024/texmf-dist/tex/latex/url/url.sty
\Urlmuskip=\muskip17
Package: url 2013/09/16  ver 3.4  Verb mode for urls, etc.
)
LaTeX Info: Redefining \url on input line 4784.
\XeTeXLinkMargin=\dimen151

(/usr/local/texlive/2024/texmf-dist/tex/generic/bitset/bitset.sty
Package: bitset 2019/12/09 v1.3 Handle bit-vector datatype (HO)

(/usr/local/texlive/2024/texmf-dist/tex/generic/bigintcalc/bigintcalc.sty
Package: bigintcalc 2019/12/15 v1.5 Expandable calculations on big integers (HO
)
))
\Fld@menulength=\count276
\Field@Width=\dimen152
\Fld@charsize=\dimen153
Package hyperref Info: Hyper figures OFF on input line 6063.
Package hyperref Info: Link nesting OFF on input line 6068.
Package hyperref Info: Hyper index ON on input line 6071.
Package hyperref Info: backreferencing OFF on input line 6078.
Package hyperref Info: Link coloring OFF on input line 6083.
Package hyperref Info: Link coloring with OCG OFF on input line 6088.
Package hyperref Info: PDF/A mode OFF on input line 6093.

(/usr/local/texlive/2024/texmf-dist/tex/latex/base/atbegshi-ltx.sty
Package: atbegshi-ltx 2021/01/10 v1.0c Emulation of the original atbegshi
package with kernel methods
)
\Hy@abspage=\count277
\c@Item=\count278
\c@Hfootnote=\count279
)
Package hyperref Info: Driver (autodetected): hxetex.

(/usr/local/texlive/2024/texmf-dist/tex/latex/hyperref/hxetex.def
File: hxetex.def 2024-01-20 v7.01h Hyperref driver for XeTeX

(/usr/local/texlive/2024/texmf-dist/tex/generic/stringenc/stringenc.sty
Package: stringenc 2019/11/29 v1.12 Convert strings between diff. encodings (HO
)
)
\pdfm@box=\box53
\c@Hy@AnnotLevel=\count280
\HyField@AnnotCount=\count281
\Fld@listcount=\count282
\c@bookmark@seq@number=\count283

(/usr/local/texlive/2024/texmf-dist/tex/latex/rerunfilecheck/rerunfilecheck.sty
Package: rerunfilecheck 2022-07-10 v1.10 Rerun checks for auxiliary files (HO)
(/usr/local/texlive/2024/texmf-dist/tex/latex/base/atveryend-ltx.sty
Package: atveryend-ltx 2020/08/19 v1.0a Emulation of the original atveryend pac
kage
with kernel methods
)
(/usr/local/texlive/2024/texmf-dist/tex/generic/uniquecounter/uniquecounter.sty
Package: uniquecounter 2019/12/15 v1.4 Provide unlimited unique counter (HO)
)
Package uniquecounter Info: New unique counter `rerunfilecheck' on input line 2
85.
)
\Hy@SectionHShift=\skip53
)
Package hyperref Info: Option `colorlinks' set `true' on input line 9.
 (/usr/local/texlive/2024/texmf-dist/tex/latex/graphics/graphicx.sty
Package: graphicx 2021/09/16 v1.2d Enhanced LaTeX Graphics (DPC,SPQR)

(/usr/local/texlive/2024/texmf-dist/tex/latex/graphics/graphics.sty
Package: graphics 2022/03/10 v1.4e Standard LaTeX Graphics (DPC,SPQR)

(/usr/local/texlive/2024/texmf-dist/tex/latex/graphics/trig.sty
Package: trig 2021/08/11 v1.11 sin cos tan (DPC)
)
(/usr/local/texlive/2024/texmf-dist/tex/latex/graphics-cfg/graphics.cfg
File: graphics.cfg 2016/06/04 v1.11 sample graphics configuration
)
Package graphics Info: Driver file: xetex.def on input line 107.

(/usr/local/texlive/2024/texmf-dist/tex/latex/graphics-def/xetex.def
File: xetex.def 2022/09/22 v5.0n Graphics/color driver for xetex
))
\Gin@req@height=\dimen154
\Gin@req@width=\dimen155
)
(/usr/local/texlive/2024/texmf-dist/tex/latex/adjustbox/adjustbox.sty
Package: adjustbox 2022/10/17 v1.3a Adjusting TeX boxes (trim, clip, ...)

(/usr/local/texlive/2024/texmf-dist/tex/latex/xkeyval/xkeyval.sty
Package: xkeyval 2022/06/16 v2.9 package option processing (HA)

(/usr/local/texlive/2024/texmf-dist/tex/generic/xkeyval/xkeyval.tex
(/usr/local/texlive/2024/texmf-dist/tex/generic/xkeyval/xkvutils.tex
\XKV@toks=\toks25
\XKV@tempa@toks=\toks26
)
\XKV@depth=\count284
File: xkeyval.tex 2014/12/03 v2.7a key=value parser (HA)
))
(/usr/local/texlive/2024/texmf-dist/tex/latex/adjustbox/adjcalc.sty
Package: adjcalc 2012/05/16 v1.1 Provides advanced setlength with multiple back
-ends (calc, etex, pgfmath)
)
(/usr/local/texlive/2024/texmf-dist/tex/latex/adjustbox/trimclip.sty
Package: trimclip 2020/08/19 v1.2 Trim and clip general TeX material

(/usr/local/texlive/2024/texmf-dist/tex/latex/collectbox/collectbox.sty
Package: collectbox 2022/10/17 v0.4c Collect macro arguments as boxes
\collectedbox=\box54
)
\tc@llx=\dimen156
\tc@lly=\dimen157
\tc@urx=\dimen158
\tc@ury=\dimen159
Package trimclip Info: Using driver 'tc-xetex.def'.

(/usr/local/texlive/2024/texmf-dist/tex/latex/adjustbox/tc-xetex.def
File: tc-xetex.def 2019/01/04 v2.2 Clipping driver for xetex
))
\adjbox@Width=\dimen160
\adjbox@Height=\dimen161
\adjbox@Depth=\dimen162
\adjbox@Totalheight=\dimen163
\adjbox@pwidth=\dimen164
\adjbox@pheight=\dimen165
\adjbox@pdepth=\dimen166
\adjbox@ptotalheight=\dimen167

(/usr/local/texlive/2024/texmf-dist/tex/latex/ifoddpage/ifoddpage.sty
Package: ifoddpage 2022/10/18 v1.2 Conditionals for odd/even page detection
\c@checkoddpage=\count285
)
(/usr/local/texlive/2024/texmf-dist/tex/latex/varwidth/varwidth.sty
Package: varwidth 2009/03/30 ver 0.92;  Variable-width minipages
\@vwid@box=\box55
\sift@deathcycles=\count286
\@vwid@loff=\dimen168
\@vwid@roff=\dimen169
))
(/usr/local/texlive/2024/texmf-dist/tex/latex/mdframed/mdframed.sty
Package: mdframed 2013/07/01 1.9b: mdframed

(/usr/local/texlive/2024/texmf-dist/tex/latex/l3packages/xparse/xparse.sty
(/usr/local/texlive/2024/texmf-dist/tex/latex/l3kernel/expl3.sty
Package: expl3 2024-02-20 L3 programming layer (loader) 

(/usr/local/texlive/2024/texmf-dist/tex/latex/l3backend/l3backend-xetex.def
File: l3backend-xetex.def 2024-02-20 L3 backend support: XeTeX
\g__graphics_track_int=\count287
\l__pdf_internal_box=\box56
\g__pdf_backend_object_int=\count288
\g__pdf_backend_annotation_int=\count289
\g__pdf_backend_link_int=\count290
))
Package: xparse 2024-02-18 L3 Experimental document command parser
)
(/usr/local/texlive/2024/texmf-dist/tex/latex/zref/zref-abspage.sty
Package: zref-abspage 2023-09-14 v2.35 Module abspage for zref (HO)

(/usr/local/texlive/2024/texmf-dist/tex/latex/zref/zref-base.sty
Package: zref-base 2023-09-14 v2.35 Module base for zref (HO)

(/usr/local/texlive/2024/texmf-dist/tex/generic/etexcmds/etexcmds.sty
Package: etexcmds 2019/12/15 v1.7 Avoid name clashes with e-TeX commands (HO)
)
Package zref Info: New property list: main on input line 767.
Package zref Info: New property: default on input line 768.
Package zref Info: New property: page on input line 769.
)
\c@abspage=\count291
Package zref Info: New property: abspage on input line 67.
)
(/usr/local/texlive/2024/texmf-dist/tex/latex/needspace/needspace.sty
Package: needspace 2010/09/12 v1.3d reserve vertical space
)
(/usr/local/texlive/2024/texmf-dist/tex/latex/graphics/color.sty
Package: color 2022/01/06 v1.3d Standard LaTeX Color (DPC)

(/usr/local/texlive/2024/texmf-dist/tex/latex/graphics-cfg/color.cfg
File: color.cfg 2016/01/02 v1.6 sample color configuration
)
Package color Info: Driver file: xetex.def on input line 149.

(/usr/local/texlive/2024/texmf-dist/tex/latex/graphics/mathcolor.ltx))
\mdf@templength=\skip54
\c@mdf@globalstyle@cnt=\count292
\mdf@skipabove@length=\skip55
\mdf@skipbelow@length=\skip56
\mdf@leftmargin@length=\skip57
\mdf@rightmargin@length=\skip58
\mdf@innerleftmargin@length=\skip59
\mdf@innerrightmargin@length=\skip60
\mdf@innertopmargin@length=\skip61
\mdf@innerbottommargin@length=\skip62
\mdf@splittopskip@length=\skip63
\mdf@splitbottomskip@length=\skip64
\mdf@outermargin@length=\skip65
\mdf@innermargin@length=\skip66
\mdf@linewidth@length=\skip67
\mdf@innerlinewidth@length=\skip68
\mdf@middlelinewidth@length=\skip69
\mdf@outerlinewidth@length=\skip70
\mdf@roundcorner@length=\skip71
\mdf@footenotedistance@length=\skip72
\mdf@userdefinedwidth@length=\skip73
\mdf@needspace@length=\skip74
\mdf@frametitleaboveskip@length=\skip75
\mdf@frametitlebelowskip@length=\skip76
\mdf@frametitlerulewidth@length=\skip77
\mdf@frametitleleftmargin@length=\skip78
\mdf@frametitlerightmargin@length=\skip79
\mdf@shadowsize@length=\skip80
\mdf@extratopheight@length=\skip81
\mdf@subtitleabovelinewidth@length=\skip82
\mdf@subtitlebelowlinewidth@length=\skip83
\mdf@subtitleaboveskip@length=\skip84
\mdf@subtitlebelowskip@length=\skip85
\mdf@subtitleinneraboveskip@length=\skip86
\mdf@subtitleinnerbelowskip@length=\skip87
\mdf@subsubtitleabovelinewidth@length=\skip88
\mdf@subsubtitlebelowlinewidth@length=\skip89
\mdf@subsubtitleaboveskip@length=\skip90
\mdf@subsubtitlebelowskip@length=\skip91
\mdf@subsubtitleinneraboveskip@length=\skip92
\mdf@subsubtitleinnerbelowskip@length=\skip93

(/usr/local/texlive/2024/texmf-dist/tex/latex/mdframed/md-frame-0.mdf
File: md-frame-0.mdf 2013/07/01\ 1.9b: md-frame-0
)
\mdf@frametitlebox=\box57
\mdf@footnotebox=\box58
\mdf@splitbox@one=\box59
\mdf@splitbox@two=\box60
\mdf@splitbox@save=\box61
\mdfsplitboxwidth=\skip94
\mdfsplitboxtotalwidth=\skip95
\mdfsplitboxheight=\skip96
\mdfsplitboxdepth=\skip97
\mdfsplitboxtotalheight=\skip98
\mdfframetitleboxwidth=\skip99
\mdfframetitleboxtotalwidth=\skip100
\mdfframetitleboxheight=\skip101
\mdfframetitleboxdepth=\skip102
\mdfframetitleboxtotalheight=\skip103
\mdffootnoteboxwidth=\skip104
\mdffootnoteboxtotalwidth=\skip105
\mdffootnoteboxheight=\skip106
\mdffootnoteboxdepth=\skip107
\mdffootnoteboxtotalheight=\skip108
\mdftotallinewidth=\skip109
\mdfboundingboxwidth=\skip110
\mdfboundingboxtotalwidth=\skip111
\mdfboundingboxheight=\skip112
\mdfboundingboxdepth=\skip113
\mdfboundingboxtotalheight=\skip114
\mdf@freevspace@length=\skip115
\mdf@horizontalwidthofbox@length=\skip116
\mdf@verticalmarginwhole@length=\skip117
\mdf@horizontalspaceofbox=\skip118
\mdfsubtitleheight=\skip119
\mdfsubsubtitleheight=\skip120
\c@mdfcountframes=\count293

****** mdframed patching \endmdf@trivlist

****** -- success******

\mdf@envdepth=\count294
\c@mdf@env@i=\count295
\c@mdf@env@ii=\count296
\c@mdf@zref@counter=\count297
Package zref Info: New property: mdf@pagevalue on input line 895.
)
(/usr/local/texlive/2024/texmf-dist/tex/latex/booktabs/booktabs.sty
Package: booktabs 2020/01/12 v1.61803398 Publication quality tables
\heavyrulewidth=\dimen170
\lightrulewidth=\dimen171
\cmidrulewidth=\dimen172
\belowrulesep=\dimen173
\belowbottomsep=\dimen174
\aboverulesep=\dimen175
\abovetopsep=\dimen176
\cmidrulesep=\dimen177
\cmidrulekern=\dimen178
\defaultaddspace=\dimen179
\@cmidla=\count298
\@cmidlb=\count299
\@aboverulesep=\dimen180
\@belowrulesep=\dimen181
\@thisruleclass=\count300
\@lastruleclass=\count301
\@thisrulewidth=\dimen182
)
(/usr/local/texlive/2024/texmf-dist/tex/latex/tools/array.sty
Package: array 2023/10/16 v2.5g Tabular extension package (FMi)
\col@sep=\dimen183
\ar@mcellbox=\box62
\extrarowheight=\dimen184
\NC@list=\toks27
\extratabsurround=\skip121
\backup@length=\skip122
\ar@cellbox=\box63
)
(/usr/local/texlive/2024/texmf-dist/tex/latex/multirow/multirow.sty
Package: multirow 2021/03/15 v2.8 Span multiple rows of a table
\multirow@colwidth=\skip123
\multirow@cntb=\count302
\multirow@dima=\skip124
\bigstrutjot=\dimen185
)
(/usr/local/texlive/2024/texmf-dist/tex/latex/esint/esint.sty
Package: esint 
\symlargesymbolsA=\mathgroup7
)
(/usr/local/texlive/2024/texmf-dist/tex/xelatex/xecjk/xeCJK.sty
Package: xeCJK 2022/08/05 v3.9.1 Typesetting CJK scripts with XeLaTeX

(/usr/local/texlive/2024/texmf-dist/tex/latex/ctex/ctexhook.sty
Package: ctexhook 2022/07/14 v2.5.10 Document and package hooks (CTEX)
)
(/usr/local/texlive/2024/texmf-dist/tex/latex/l3packages/xtemplate/xtemplate.st
y
(/usr/local/texlive/2024/texmf-dist/tex/latex/l3packages/xtemplate/xtemplate-20
23-10-10.sty
Package: xtemplate 2023-10-10 L3 Experimental prototype document functions
\l__xtemplate_tmp_dim=\dimen186
\l__xtemplate_tmp_int=\count303
\l__xtemplate_tmp_muskip=\muskip18
\l__xtemplate_tmp_skip=\skip125
))
\l__xeCJK_tmp_int=\count304
\l__xeCJK_tmp_box=\box64
\l__xeCJK_tmp_dim=\dimen187
\l__xeCJK_tmp_skip=\skip126
\g__xeCJK_space_factor_int=\count305
\l__xeCJK_begin_int=\count306
\l__xeCJK_end_int=\count307
\c__xeCJK_CJK_class_int=\XeTeXcharclass1
\c__xeCJK_FullLeft_class_int=\XeTeXcharclass2
\c__xeCJK_FullRight_class_int=\XeTeXcharclass3
\c__xeCJK_HalfLeft_class_int=\XeTeXcharclass4
\c__xeCJK_HalfRight_class_int=\XeTeXcharclass5
\c__xeCJK_NormalSpace_class_int=\XeTeXcharclass6
\c__xeCJK_CM_class_int=\XeTeXcharclass7
\c__xeCJK_HangulJamo_class_int=\XeTeXcharclass8
\l__xeCJK_last_skip=\skip127
\c__xeCJK_none_node=\count308
\g__xeCJK_node_int=\count309
\c__xeCJK_CJK_node_dim=\dimen188
\c__xeCJK_CJK-space_node_dim=\dimen189
\c__xeCJK_default_node_dim=\dimen190
\c__xeCJK_CJK-widow_node_dim=\dimen191
\c__xeCJK_normalspace_node_dim=\dimen192
\c__xeCJK_default-space_node_skip=\skip128
\l__xeCJK_ccglue_skip=\skip129
\l__xeCJK_ecglue_skip=\skip130
\l__xeCJK_punct_kern_skip=\skip131
\l__xeCJK_indent_box=\box65
\l__xeCJK_last_penalty_int=\count310
\l__xeCJK_last_bound_dim=\dimen193
\l__xeCJK_last_kern_dim=\dimen194
\l__xeCJK_widow_penalty_int=\count311

Package xtemplate Info: Declaring object type 'xeCJK/punctuation' taking 0
(xtemplate)             argument(s) on line 2396.

\l__xeCJK_fixed_punct_width_dim=\dimen195
\l__xeCJK_mixed_punct_width_dim=\dimen196
\l__xeCJK_middle_punct_width_dim=\dimen197
\l__xeCJK_fixed_margin_width_dim=\dimen198
\l__xeCJK_mixed_margin_width_dim=\dimen199
\l__xeCJK_middle_margin_width_dim=\dimen256
\l__xeCJK_bound_punct_width_dim=\dimen257
\l__xeCJK_bound_margin_width_dim=\dimen258
\l__xeCJK_margin_minimum_dim=\dimen259
\l__xeCJK_kerning_total_width_dim=\dimen260
\l__xeCJK_same_align_margin_dim=\dimen261
\l__xeCJK_different_align_margin_dim=\dimen262
\l__xeCJK_kerning_margin_width_dim=\dimen263
\l__xeCJK_kerning_margin_minimum_dim=\dimen264
\l__xeCJK_bound_dim=\dimen265
\l__xeCJK_reverse_bound_dim=\dimen266
\l__xeCJK_margin_dim=\dimen267
\l__xeCJK_minimum_bound_dim=\dimen268
\l__xeCJK_kerning_margin_dim=\dimen269
\g__xeCJK_family_int=\count312
\l__xeCJK_fam_int=\count313
\g__xeCJK_fam_allocation_int=\count314
\l__xeCJK_verb_case_int=\count315
\l__xeCJK_verb_exspace_skip=\skip132

(/usr/local/texlive/2024/texmf-dist/tex/latex/fontspec/fontspec.sty
Package: fontspec 2024/02/13 v2.9a Font selection for XeLaTeX and LuaLaTeX

(/usr/local/texlive/2024/texmf-dist/tex/latex/fontspec/fontspec-xetex.sty
Package: fontspec-xetex 2024/02/13 v2.9a Font selection for XeLaTeX and LuaLaTe
X
\l__fontspec_script_int=\count316
\l__fontspec_language_int=\count317
\l__fontspec_strnum_int=\count318
\l__fontspec_tmp_int=\count319
\l__fontspec_tmpa_int=\count320
\l__fontspec_tmpb_int=\count321
\l__fontspec_tmpc_int=\count322
\l__fontspec_em_int=\count323
\l__fontspec_emdef_int=\count324
\l__fontspec_strong_int=\count325
\l__fontspec_strongdef_int=\count326
\l__fontspec_tmpa_dim=\dimen270
\l__fontspec_tmpb_dim=\dimen271
\l__fontspec_tmpc_dim=\dimen272

(/usr/local/texlive/2024/texmf-dist/tex/latex/base/fontenc.sty
Package: fontenc 2021/04/29 v2.0v Standard LaTeX package
)
(/usr/local/texlive/2024/texmf-dist/tex/latex/fontspec/fontspec.cfg)))
(/usr/local/texlive/2024/texmf-dist/tex/xelatex/xecjk/xeCJK.cfg
File: xeCJK.cfg 2022/08/05 v3.9.1 Configuration file for xeCJK package
))

Package xeCJK Warning: Fandol is being set as the default font for CJK text.
(xeCJK)                Please make sure it has been properly installed.


Package fontspec Warning: Font "FandolSong-Regular" does not contain requested
(fontspec)                Script "CJK".


Package fontspec Info: Font family 'FandolSong-Regular(0)' created for font
(fontspec)             'FandolSong-Regular' with options
(fontspec)             [Script={CJK},Extension={.otf},BoldFont={FandolSong-Bold
},ItalicFont={FandolKai-Regular}].
(fontspec)              
(fontspec)              This font family consists of the following NFSS
(fontspec)             series/shapes:
(fontspec)              
(fontspec)             - 'normal' (m/n) with NFSS spec.:
(fontspec)             <->"[FandolSong-Regular.otf]/OT:language=dflt;"
(fontspec)             - 'small caps'  (m/sc) with NFSS spec.: 
(fontspec)             - 'bold' (b/n) with NFSS spec.:
(fontspec)             <->"[FandolSong-Bold.otf]/OT:language=dflt;"
(fontspec)             - 'bold small caps'  (b/sc) with NFSS spec.: 
(fontspec)             - 'italic' (m/it) with NFSS spec.:
(fontspec)             <->"[FandolKai-Regular.otf]/OT:language=dflt;"
(fontspec)             - 'italic small caps'  (m/scit) with NFSS spec.: 

(./0190da9d-8bfd-732f-bc2c-0b21d0f13b91_tex.aux)
\openout1 = `0190da9d-8bfd-732f-bc2c-0b21d0f13b91_tex.aux'.

LaTeX Font Info:    Checking defaults for OML/cmm/m/it on input line 20.
LaTeX Font Info:    ... okay on input line 20.
LaTeX Font Info:    Checking defaults for OMS/cmsy/m/n on input line 20.
LaTeX Font Info:    ... okay on input line 20.
LaTeX Font Info:    Checking defaults for OT1/cmr/m/n on input line 20.
LaTeX Font Info:    ... okay on input line 20.
LaTeX Font Info:    Checking defaults for T1/cmr/m/n on input line 20.
LaTeX Font Info:    ... okay on input line 20.
LaTeX Font Info:    Checking defaults for TS1/cmr/m/n on input line 20.
LaTeX Font Info:    Trying to load font information for TS1+cmr on input line 2
0.

(/usr/local/texlive/2024/texmf-dist/tex/latex/base/ts1cmr.fd
File: ts1cmr.fd 2023/04/13 v2.5m Standard LaTeX font definitions
)
LaTeX Font Info:    ... okay on input line 20.
LaTeX Font Info:    Checking defaults for TU/lmr/m/n on input line 20.
LaTeX Font Info:    ... okay on input line 20.
LaTeX Font Info:    Checking defaults for OMX/cmex/m/n on input line 20.
LaTeX Font Info:    ... okay on input line 20.
LaTeX Font Info:    Checking defaults for U/cmr/m/n on input line 20.
LaTeX Font Info:    ... okay on input line 20.
LaTeX Font Info:    Checking defaults for PD1/pdf/m/n on input line 20.
LaTeX Font Info:    ... okay on input line 20.
LaTeX Font Info:    Checking defaults for PU/pdf/m/n on input line 20.
LaTeX Font Info:    ... okay on input line 20.
Package hyperref Info: Link coloring ON on input line 20.

(./0190da9d-8bfd-732f-bc2c-0b21d0f13b91_tex.out)
(./0190da9d-8bfd-732f-bc2c-0b21d0f13b91_tex.out)
\@outlinefile=\write3
\openout3 = `0190da9d-8bfd-732f-bc2c-0b21d0f13b91_tex.out'.


Package fontspec Info: Adjusting the maths setup (use [no-math] to avoid
(fontspec)             this).

\symlegacymaths=\mathgroup8
LaTeX Font Info:    Overwriting symbol font `legacymaths' in version `bold'
(Font)                  OT1/cmr/m/n --> OT1/cmr/bx/n on input line 20.
LaTeX Font Info:    Redeclaring math accent \acute on input line 20.
LaTeX Font Info:    Redeclaring math accent \grave on input line 20.
LaTeX Font Info:    Redeclaring math accent \ddot on input line 20.
LaTeX Font Info:    Redeclaring math accent \tilde on input line 20.
LaTeX Font Info:    Redeclaring math accent \bar on input line 20.
LaTeX Font Info:    Redeclaring math accent \breve on input line 20.
LaTeX Font Info:    Redeclaring math accent \check on input line 20.
LaTeX Font Info:    Redeclaring math accent \hat on input line 20.
LaTeX Font Info:    Redeclaring math accent \dot on input line 20.
LaTeX Font Info:    Redeclaring math accent \mathring on input line 20.
LaTeX Font Info:    Redeclaring math symbol \Gamma on input line 20.
LaTeX Font Info:    Redeclaring math symbol \Delta on input line 20.
LaTeX Font Info:    Redeclaring math symbol \Theta on input line 20.
LaTeX Font Info:    Redeclaring math symbol \Lambda on input line 20.
LaTeX Font Info:    Redeclaring math symbol \Xi on input line 20.
LaTeX Font Info:    Redeclaring math symbol \Pi on input line 20.
LaTeX Font Info:    Redeclaring math symbol \Sigma on input line 20.
LaTeX Font Info:    Redeclaring math symbol \Upsilon on input line 20.
LaTeX Font Info:    Redeclaring math symbol \Phi on input line 20.
LaTeX Font Info:    Redeclaring math symbol \Psi on input line 20.
LaTeX Font Info:    Redeclaring math symbol \Omega on input line 20.
LaTeX Font Info:    Redeclaring math symbol \mathdollar on input line 20.
LaTeX Font Info:    Redeclaring symbol font `operators' on input line 20.
LaTeX Font Info:    Encoding `OT1' has changed to `TU' for symbol font
(Font)              `operators' in the math version `normal' on input line 20.
LaTeX Font Info:    Overwriting symbol font `operators' in version `normal'
(Font)                  OT1/cmr/m/n --> TU/lmr/m/n on input line 20.
LaTeX Font Info:    Encoding `OT1' has changed to `TU' for symbol font
(Font)              `operators' in the math version `bold' on input line 20.
LaTeX Font Info:    Overwriting symbol font `operators' in version `bold'
(Font)                  OT1/cmr/bx/n --> TU/lmr/m/n on input line 20.
LaTeX Font Info:    Overwriting symbol font `operators' in version `normal'
(Font)                  TU/lmr/m/n --> TU/lmr/m/n on input line 20.
LaTeX Font Info:    Overwriting math alphabet `\mathit' in version `normal'
(Font)                  OT1/cmr/m/it --> TU/lmr/m/it on input line 20.
LaTeX Font Info:    Overwriting math alphabet `\mathbf' in version `normal'
(Font)                  OT1/cmr/bx/n --> TU/lmr/b/n on input line 20.
LaTeX Font Info:    Overwriting math alphabet `\mathsf' in version `normal'
(Font)                  OT1/cmss/m/n --> TU/lmss/m/n on input line 20.
LaTeX Font Info:    Overwriting math alphabet `\mathtt' in version `normal'
(Font)                  OT1/cmtt/m/n --> TU/lmtt/m/n on input line 20.
LaTeX Font Info:    Overwriting symbol font `operators' in version `bold'
(Font)                  TU/lmr/m/n --> TU/lmr/b/n on input line 20.
LaTeX Font Info:    Overwriting math alphabet `\mathit' in version `bold'
(Font)                  OT1/cmr/bx/it --> TU/lmr/b/it on input line 20.
LaTeX Font Info:    Overwriting math alphabet `\mathsf' in version `bold'
(Font)                  OT1/cmss/bx/n --> TU/lmss/b/n on input line 20.
LaTeX Font Info:    Overwriting math alphabet `\mathtt' in version `bold'
(Font)                  OT1/cmtt/m/n --> TU/lmtt/b/n on input line 20.
File: images/0190da9d-8bfd-732f-bc2c-0b21d0f13b91_1_833643.jpg Graphic file (ty
pe bmp)
<images/0190da9d-8bfd-732f-bc2c-0b21d0f13b91_1_833643.jpg>
File: images/0190da9d-8bfd-732f-bc2c-0b21d0f13b91_4_631661.jpg Graphic file (ty
pe bmp)
<images/0190da9d-8bfd-732f-bc2c-0b21d0f13b91_4_631661.jpg>
 [1

]
LaTeX Font Info:    Trying to load font information for U+msa on input line 98.


(/usr/local/texlive/2024/texmf-dist/tex/latex/amsfonts/umsa.fd
File: umsa.fd 2013/01/14 v3.01 AMS symbols A
)
LaTeX Font Info:    Trying to load font information for U+msb on input line 98.


(/usr/local/texlive/2024/texmf-dist/tex/latex/amsfonts/umsb.fd
File: umsb.fd 2013/01/14 v3.01 AMS symbols B
)
LaTeX Font Info:    Trying to load font information for U+stmry on input line 9
8.

(/usr/local/texlive/2024/texmf-dist/tex/latex/stmaryrd/Ustmry.fd)
LaTeX Font Info:    Trying to load font information for U+esint on input line 9
8.

(/usr/local/texlive/2024/texmf-dist/tex/latex/esint/uesint.fd
File: uesint.fd 
)
Missing character: There is no ◎ (U+25CE) in font [lmroman12-bold]:mapping=tex-
text;!
[2]
File: images/0190da9d-8bfd-732f-bc2c-0b21d0f13b91_6_816745.jpg Graphic file (ty
pe bmp)
<images/0190da9d-8bfd-732f-bc2c-0b21d0f13b91_6_816745.jpg>
 [3]
File: images/0190da9d-8bfd-732f-bc2c-0b21d0f13b91_6_823274.jpg Graphic file (ty
pe bmp)
<images/0190da9d-8bfd-732f-bc2c-0b21d0f13b91_6_823274.jpg>
File: images/0190da9d-8bfd-732f-bc2c-0b21d0f13b91_7_932175.jpg Graphic file (ty
pe bmp)
<images/0190da9d-8bfd-732f-bc2c-0b21d0f13b91_7_932175.jpg>
 [4]
File: images/0190da9d-8bfd-732f-bc2c-0b21d0f13b91_7_338581.jpg Graphic file (ty
pe bmp)
<images/0190da9d-8bfd-732f-bc2c-0b21d0f13b91_7_338581.jpg>
File: images/0190da9d-8bfd-732f-bc2c-0b21d0f13b91_8_671217.jpg Graphic file (ty
pe bmp)
<images/0190da9d-8bfd-732f-bc2c-0b21d0f13b91_8_671217.jpg>
 [5]
File: images/0190da9d-8bfd-732f-bc2c-0b21d0f13b91_9_498503.jpg Graphic file (ty
pe bmp)
<images/0190da9d-8bfd-732f-bc2c-0b21d0f13b91_9_498503.jpg>
File: images/0190da9d-8bfd-732f-bc2c-0b21d0f13b91_9_225809.jpg Graphic file (ty
pe bmp)
<images/0190da9d-8bfd-732f-bc2c-0b21d0f13b91_9_225809.jpg>
 [6]
Missing character: There is no ① (U+2460) in font [lmroman10-regular]:mapping=t
ex-text;!
Missing character: There is no ① (U+2460) in font [lmroman10-regular]:mapping=t
ex-text;!
Missing character: There is no ① (U+2460) in font [lmroman7-regular]:mapping=te
x-text;!
Missing character: There is no ① (U+2460) in font [lmroman5-regular]:mapping=te
x-text;!

Package hyperref Warning: Ignoring empty anchor on input line 278.

Missing character: There is no ① (U+2460) in font [lmroman8-regular]:mapping=te
x-text;!
File: images/0190da9d-8bfd-732f-bc2c-0b21d0f13b91_10_410613.jpg Graphic file (t
ype bmp)
<images/0190da9d-8bfd-732f-bc2c-0b21d0f13b91_10_410613.jpg>
[7]
Missing character: There is no ① (U+2460) in font [lmroman10-regular]:mapping=t
ex-text;!
Missing character: There is no ② (U+2461) in font [lmroman10-regular]:mapping=t
ex-text;!
Missing character: There is no ① (U+2460) in font [lmroman10-regular]:mapping=t
ex-text;!
Missing character: There is no ① (U+2460) in font [lmroman10-regular]:mapping=t
ex-text;!
Missing character: There is no ① (U+2460) in font [lmroman7-regular]:mapping=te
x-text;!
Missing character: There is no ① (U+2460) in font [lmroman5-regular]:mapping=te
x-text;!

Package hyperref Warning: Ignoring empty anchor on input line 336.

Missing character: There is no ① (U+2460) in font [lmroman8-regular]:mapping=te
x-text;!
Missing character: There is no ① (U+2460) in font [lmroman10-regular]:mapping=t
ex-text;!
Missing character: There is no ② (U+2461) in font [lmroman10-regular]:mapping=t
ex-text;!
[8]
Missing character: There is no ③ (U+2462) in font [lmroman10-regular]:mapping=t
ex-text;!

Package hyperref Warning: Ignoring empty anchor on input line 368.

Missing character: There is no ① (U+2460) in font [lmroman8-regular]:mapping=te
x-text;!
File: images/0190da9d-8bfd-732f-bc2c-0b21d0f13b91_12_406417.jpg Graphic file (t
ype bmp)
<images/0190da9d-8bfd-732f-bc2c-0b21d0f13b91_12_406417.jpg>
[9]
File: images/0190da9d-8bfd-732f-bc2c-0b21d0f13b91_12_422797.jpg Graphic file (t
ype bmp)
<images/0190da9d-8bfd-732f-bc2c-0b21d0f13b91_12_422797.jpg>
 [10]
File: images/0190da9d-8bfd-732f-bc2c-0b21d0f13b91_14_445460.jpg Graphic file (t
ype bmp)
<images/0190da9d-8bfd-732f-bc2c-0b21d0f13b91_14_445460.jpg>

Missing character: There is no ① (U+2460) in font [lmroman10-regular]:mapping=t
ex-text;!
Missing character: There is no ① (U+2460) in font [lmroman10-regular]:mapping=t
ex-text;!
Missing character: There is no ① (U+2460) in font [lmroman7-regular]:mapping=te
x-text;!
Missing character: There is no ① (U+2460) in font [lmroman5-regular]:mapping=te
x-text;!
Missing character: There is no ① (U+2460) in font [lmroman10-regular]:mapping=t
ex-text;!
[11]
Missing character: There is no ② (U+2461) in font [lmroman10-regular]:mapping=t
ex-text;!
Missing character: There is no ① (U+2460) in font [lmroman10-regular]:mapping=t
ex-text;!
Missing character: There is no ② (U+2461) in font [lmroman10-regular]:mapping=t
ex-text;!
[12]

Package hyperref Warning: Ignoring empty anchor on input line 530.

Missing character: There is no ① (U+2460) in font [lmroman8-regular]:mapping=te
x-text;!
[13]
File: images/0190da9d-8bfd-732f-bc2c-0b21d0f13b91_17_914374.jpg Graphic file (t
ype bmp)
<images/0190da9d-8bfd-732f-bc2c-0b21d0f13b91_17_914374.jpg>
 [14] [15]
Package mdframed Info: Not enough space on this page on input line 640.
File: images/0190da9d-8bfd-732f-bc2c-0b21d0f13b91_20_737510.jpg Graphic file (t
ype bmp)
<images/0190da9d-8bfd-732f-bc2c-0b21d0f13b91_20_737510.jpg>
File: images/0190da9d-8bfd-732f-bc2c-0b21d0f13b91_20_311662.jpg Graphic file (t
ype bmp)
<images/0190da9d-8bfd-732f-bc2c-0b21d0f13b91_20_311662.jpg>
 [16]
File: images/0190da9d-8bfd-732f-bc2c-0b21d0f13b91_21_788312.jpg Graphic file (t
ype bmp)
<images/0190da9d-8bfd-732f-bc2c-0b21d0f13b91_21_788312.jpg>
 [17] [18]
Missing character: There is no ① (U+2460) in font [lmroman10-regular]:mapping=t
ex-text;!
Missing character: There is no ② (U+2461) in font [lmroman10-regular]:mapping=t
ex-text;!
Missing character: There is no ① (U+2460) in font [lmroman10-regular]:mapping=t
ex-text;!
Missing character: There is no ② (U+2461) in font [lmroman10-regular]:mapping=t
ex-text;!
Missing character: There is no ① (U+2460) in font [lmroman10-regular]:mapping=t
ex-text;!
Missing character: There is no ② (U+2461) in font [lmroman10-regular]:mapping=t
ex-text;!
[19]
Missing character: There is no ② (U+2461) in font [lmroman10-regular]:mapping=t
ex-text;!
Missing character: There is no ① (U+2460) in font [lmroman10-regular]:mapping=t
ex-text;!
Missing character: There is no ② (U+2461) in font [lmroman10-regular]:mapping=t
ex-text;!
Missing character: There is no ③ (U+2462) in font [lmroman10-regular]:mapping=t
ex-text;!
File: images/0190da9d-8bfd-732f-bc2c-0b21d0f13b91_25_773340.jpg Graphic file (t
ype bmp)
<images/0190da9d-8bfd-732f-bc2c-0b21d0f13b91_25_773340.jpg>
File: images/0190da9d-8bfd-732f-bc2c-0b21d0f13b91_25_712171.jpg Graphic file (t
ype bmp)
<images/0190da9d-8bfd-732f-bc2c-0b21d0f13b91_25_712171.jpg>
[20]
Missing character: There is no ① (U+2460) in font [lmroman10-regular]:mapping=t
ex-text;!
Missing character: There is no ② (U+2461) in font [lmroman10-regular]:mapping=t
ex-text;!
Missing character: There is no ① (U+2460) in font [lmroman10-regular]:mapping=t
ex-text;!
Missing character: There is no ② (U+2461) in font [lmroman10-regular]:mapping=t
ex-text;!
Missing character: There is no ① (U+2460) in font [lmroman10-regular]:mapping=t
ex-text;!
Missing character: There is no ② (U+2461) in font [lmroman10-regular]:mapping=t
ex-text;!
Missing character: There is no ① (U+2460) in font [lmroman10-regular]:mapping=t
ex-text;!
Missing character: There is no ② (U+2461) in font [lmroman10-regular]:mapping=t
ex-text;!
Missing character: There is no ② (U+2461) in font [lmroman10-regular]:mapping=t
ex-text;!
Missing character: There is no ③ (U+2462) in font [lmroman10-regular]:mapping=t
ex-text;!
[21]
Missing character: There is no ① (U+2460) in font [lmroman10-regular]:mapping=t
ex-text;!
Missing character: There is no ② (U+2461) in font [lmroman10-regular]:mapping=t
ex-text;!
Missing character: There is no ① (U+2460) in font [lmroman10-regular]:mapping=t
ex-text;!
Missing character: There is no ② (U+2461) in font [lmroman10-regular]:mapping=t
ex-text;!
Missing character: There is no ① (U+2460) in font [lmroman10-regular]:mapping=t
ex-text;!
Missing character: There is no ② (U+2461) in font [lmroman10-regular]:mapping=t
ex-text;!
Missing character: There is no ① (U+2460) in font [lmroman10-regular]:mapping=t
ex-text;!
Missing character: There is no ① (U+2460) in font [lmroman10-regular]:mapping=t
ex-text;!
Missing character: There is no ① (U+2460) in font [lmroman7-regular]:mapping=te
x-text;!
Missing character: There is no ① (U+2460) in font [lmroman5-regular]:mapping=te
x-text;!
[22]

Package hyperref Warning: Ignoring empty anchor on input line 1050.

Missing character: There is no ① (U+2460) in font [lmroman8-regular]:mapping=te
x-text;!
[23]
File: images/0190da9d-8bfd-732f-bc2c-0b21d0f13b91_31_662089.jpg Graphic file (t
ype bmp)
<images/0190da9d-8bfd-732f-bc2c-0b21d0f13b91_31_662089.jpg>
 [24]

Package hyperref Warning: Ignoring empty anchor on input line 1182.

Missing character: There is no ① (U+2460) in font [lmroman8-regular]:mapping=te
x-text;!
File: images/0190da9d-8bfd-732f-bc2c-0b21d0f13b91_33_563553.jpg Graphic file (t
ype bmp)
<images/0190da9d-8bfd-732f-bc2c-0b21d0f13b91_33_563553.jpg>
[25]
File: images/0190da9d-8bfd-732f-bc2c-0b21d0f13b91_33_675881.jpg Graphic file (t
ype bmp)
<images/0190da9d-8bfd-732f-bc2c-0b21d0f13b91_33_675881.jpg>
 [26]
File: images/0190da9d-8bfd-732f-bc2c-0b21d0f13b91_34_311708.jpg Graphic file (t
ype bmp)
<images/0190da9d-8bfd-732f-bc2c-0b21d0f13b91_34_311708.jpg>
 [27]
Overfull \hbox (74.0423pt too wide) in paragraph at lines 1260--1261
[]\TU/lmr/m/n/10 3. \TU/FandolSong-Regular(0)/m/n/10 已 知\TU/lmr/m/n/10 : $\OT1/
cmr/m/n/10 4[][] + 5[][] = 4[] + 6[][][]$ \TU/FandolSong-Regular(0)/m/n/10 。|  
若 反 应 速 率 分 别 用 $\OML/cmm/m/it/10 v [] []v [] []v [] []v []$
 []

File: images/0190da9d-8bfd-732f-bc2c-0b21d0f13b91_36_335058.jpg Graphic file (t
ype bmp)
<images/0190da9d-8bfd-732f-bc2c-0b21d0f13b91_36_335058.jpg>
Missing character: There is no ① (U+2460) in font [lmroman10-regular]:mapping=t
ex-text;!
[28]
Missing character: There is no ② (U+2461) in font [lmroman10-regular]:mapping=t
ex-text;!
File: images/0190da9d-8bfd-732f-bc2c-0b21d0f13b91_36_789263.jpg Graphic file (t
ype bmp)
<images/0190da9d-8bfd-732f-bc2c-0b21d0f13b91_36_789263.jpg>
[29]
File: images/0190da9d-8bfd-732f-bc2c-0b21d0f13b91_37_494672.jpg Graphic file (t
ype bmp)
<images/0190da9d-8bfd-732f-bc2c-0b21d0f13b91_37_494672.jpg>
 [30] [31]
Missing character: There is no ① (U+2460) in font [lmroman10-regular]:mapping=t
ex-text;!
[32]
Missing character: There is no ⑥ (U+2465) in font [lmroman12-bold]:mapping=tex-
text;!
[33]
File: images/0190da9d-8bfd-732f-bc2c-0b21d0f13b91_43_996396.jpg Graphic file (t
ype bmp)
<images/0190da9d-8bfd-732f-bc2c-0b21d0f13b91_43_996396.jpg>
 [34]
File: images/0190da9d-8bfd-732f-bc2c-0b21d0f13b91_44_421106.jpg Graphic file (t
ype bmp)
<images/0190da9d-8bfd-732f-bc2c-0b21d0f13b91_44_421106.jpg>
File: images/0190da9d-8bfd-732f-bc2c-0b21d0f13b91_44_256867.jpg Graphic file (t
ype bmp)
<images/0190da9d-8bfd-732f-bc2c-0b21d0f13b91_44_256867.jpg>
 [35]
File: images/0190da9d-8bfd-732f-bc2c-0b21d0f13b91_45_566632.jpg Graphic file (t
ype bmp)
<images/0190da9d-8bfd-732f-bc2c-0b21d0f13b91_45_566632.jpg>
 [36]
Missing character: There is no ① (U+2460) in font [lmroman10-regular]:mapping=t
ex-text;!
Missing character: There is no ② (U+2461) in font [lmroman10-regular]:mapping=t
ex-text;!
Missing character: There is no ① (U+2460) in font [lmroman10-regular]:mapping=t
ex-text;!
Missing character: There is no ② (U+2461) in font [lmroman10-regular]:mapping=t
ex-text;!
Missing character: There is no ③ (U+2462) in font [lmroman10-regular]:mapping=t
ex-text;!
[37]
File: images/0190da9d-8bfd-732f-bc2c-0b21d0f13b91_46_239513.jpg Graphic file (t
ype bmp)
<images/0190da9d-8bfd-732f-bc2c-0b21d0f13b91_46_239513.jpg>

Overfull \hbox (15.34349pt too wide) in paragraph at lines 1770--1771
[]\TU/lmr/m/n/10 2. \TU/FandolSong-Regular(0)/m/n/10 在 一 定 条 件 下 的 密 闭 容 器 中 发 
生 反 应\TU/lmr/m/n/10 : $[][][][] [] \U/msa/m/n/10 
 [][][][] [] \OT1/cmr/m/n/10 + [][] []  [] \OML/cmm/m/it/10 >
 []

File: images/0190da9d-8bfd-732f-bc2c-0b21d0f13b91_47_167176.jpg Graphic file (t
ype bmp)
<images/0190da9d-8bfd-732f-bc2c-0b21d0f13b91_47_167176.jpg>
[38]
File: images/0190da9d-8bfd-732f-bc2c-0b21d0f13b91_47_729946.jpg Graphic file (t
ype bmp)
<images/0190da9d-8bfd-732f-bc2c-0b21d0f13b91_47_729946.jpg>
File: images/0190da9d-8bfd-732f-bc2c-0b21d0f13b91_48_258891.jpg Graphic file (t
ype bmp)
<images/0190da9d-8bfd-732f-bc2c-0b21d0f13b91_48_258891.jpg>
 [39]
File: images/0190da9d-8bfd-732f-bc2c-0b21d0f13b91_48_560290.jpg Graphic file (t
ype bmp)
<images/0190da9d-8bfd-732f-bc2c-0b21d0f13b91_48_560290.jpg>
 [40] [41] [42]
Missing character: There is no 溫 (U+6EAB) in font [FandolSong-Regular.otf]/OT:l
anguage=dflt;!
File: images/0190da9d-8bfd-732f-bc2c-0b21d0f13b91_52_832648.jpg Graphic file (t
ype bmp)
<images/0190da9d-8bfd-732f-bc2c-0b21d0f13b91_52_832648.jpg>
[43]
File: images/0190da9d-8bfd-732f-bc2c-0b21d0f13b91_53_482358.jpg Graphic file (t
ype bmp)
<images/0190da9d-8bfd-732f-bc2c-0b21d0f13b91_53_482358.jpg>
 [44]

Package hyperref Warning: Ignoring empty anchor on input line 2044.

Missing character: There is no ① (U+2460) in font [lmroman8-regular]:mapping=te
x-text;!
File: images/0190da9d-8bfd-732f-bc2c-0b21d0f13b91_54_335795.jpg Graphic file (t
ype bmp)
<images/0190da9d-8bfd-732f-bc2c-0b21d0f13b91_54_335795.jpg>
[45]
File: images/0190da9d-8bfd-732f-bc2c-0b21d0f13b91_55_266610.jpg Graphic file (t
ype bmp)
<images/0190da9d-8bfd-732f-bc2c-0b21d0f13b91_55_266610.jpg>
 [46]
Missing character: There is no 溫 (U+6EAB) in font [FandolSong-Regular.otf]/OT:l
anguage=dflt;!
File: images/0190da9d-8bfd-732f-bc2c-0b21d0f13b91_56_797676.jpg Graphic file (t
ype bmp)
<images/0190da9d-8bfd-732f-bc2c-0b21d0f13b91_56_797676.jpg>
[47]
File: images/0190da9d-8bfd-732f-bc2c-0b21d0f13b91_57_467541.jpg Graphic file (t
ype bmp)
<images/0190da9d-8bfd-732f-bc2c-0b21d0f13b91_57_467541.jpg>
 [48]
File: images/0190da9d-8bfd-732f-bc2c-0b21d0f13b91_58_867495.jpg Graphic file (t
ype bmp)
<images/0190da9d-8bfd-732f-bc2c-0b21d0f13b91_58_867495.jpg>
 [49]
File: images/0190da9d-8bfd-732f-bc2c-0b21d0f13b91_58_739796.jpg Graphic file (t
ype bmp)
<images/0190da9d-8bfd-732f-bc2c-0b21d0f13b91_58_739796.jpg>
 [50] [51] [52]
File: images/0190da9d-8bfd-732f-bc2c-0b21d0f13b91_62_614630.jpg Graphic file (t
ype bmp)
<images/0190da9d-8bfd-732f-bc2c-0b21d0f13b91_62_614630.jpg>
 [53]
File: images/0190da9d-8bfd-732f-bc2c-0b21d0f13b91_63_316603.jpg Graphic file (t
ype bmp)
<images/0190da9d-8bfd-732f-bc2c-0b21d0f13b91_63_316603.jpg>
 [54]
File: images/0190da9d-8bfd-732f-bc2c-0b21d0f13b91_63_453205.jpg Graphic file (t
ype bmp)
<images/0190da9d-8bfd-732f-bc2c-0b21d0f13b91_63_453205.jpg>
 [55]
Missing character: There is no ① (U+2460) in font [lmroman10-regular]:mapping=t
ex-text;!
Missing character: There is no ① (U+2460) in font [lmroman10-regular]:mapping=t
ex-text;!
Missing character: There is no ① (U+2460) in font [lmroman7-regular]:mapping=te
x-text;!
Missing character: There is no ① (U+2460) in font [lmroman5-regular]:mapping=te
x-text;!

Package hyperref Warning: Ignoring empty anchor on input line 2588.

Missing character: There is no ① (U+2460) in font [lmroman8-regular]:mapping=te
x-text;!
[56]
File: images/0190da9d-8bfd-732f-bc2c-0b21d0f13b91_66_870321.jpg Graphic file (t
ype bmp)
<images/0190da9d-8bfd-732f-bc2c-0b21d0f13b91_66_870321.jpg>
 [57]
File: images/0190da9d-8bfd-732f-bc2c-0b21d0f13b91_66_551868.jpg Graphic file (t
ype bmp)
<images/0190da9d-8bfd-732f-bc2c-0b21d0f13b91_66_551868.jpg>
File: images/0190da9d-8bfd-732f-bc2c-0b21d0f13b91_67_985231.jpg Graphic file (t
ype bmp)
<images/0190da9d-8bfd-732f-bc2c-0b21d0f13b91_67_985231.jpg>
 [58]
Missing character: There is no ① (U+2460) in font [lmroman10-regular]:mapping=t
ex-text;!
Missing character: There is no ② (U+2461) in font [lmroman10-regular]:mapping=t
ex-text;!
Missing character: There is no ③ (U+2462) in font [lmroman10-regular]:mapping=t
ex-text;!
Missing character: There is no ④ (U+2463) in font [lmroman10-regular]:mapping=t
ex-text;!
File: images/0190da9d-8bfd-732f-bc2c-0b21d0f13b91_68_439594.jpg Graphic file (t
ype bmp)
<images/0190da9d-8bfd-732f-bc2c-0b21d0f13b91_68_439594.jpg>
[59]
File: images/0190da9d-8bfd-732f-bc2c-0b21d0f13b91_68_396464.jpg Graphic file (t
ype bmp)
<images/0190da9d-8bfd-732f-bc2c-0b21d0f13b91_68_396464.jpg>
 [60]
File: images/0190da9d-8bfd-732f-bc2c-0b21d0f13b91_70_854886.jpg Graphic file (t
ype bmp)
<images/0190da9d-8bfd-732f-bc2c-0b21d0f13b91_70_854886.jpg>
 [61]
File: images/0190da9d-8bfd-732f-bc2c-0b21d0f13b91_70_515966.jpg Graphic file (t
ype bmp)
<images/0190da9d-8bfd-732f-bc2c-0b21d0f13b91_70_515966.jpg>
File: images/0190da9d-8bfd-732f-bc2c-0b21d0f13b91_71_122044.jpg Graphic file (t
ype bmp)
<images/0190da9d-8bfd-732f-bc2c-0b21d0f13b91_71_122044.jpg>
 [62] [63]
File: images/0190da9d-8bfd-732f-bc2c-0b21d0f13b91_73_224661.jpg Graphic file (t
ype bmp)
<images/0190da9d-8bfd-732f-bc2c-0b21d0f13b91_73_224661.jpg>
File: images/0190da9d-8bfd-732f-bc2c-0b21d0f13b91_73_308830.jpg Graphic file (t
ype bmp)
<images/0190da9d-8bfd-732f-bc2c-0b21d0f13b91_73_308830.jpg>
 [64] [65]
Missing character: There is no ① (U+2460) in font [lmroman10-regular]:mapping=t
ex-text;!
Missing character: There is no ② (U+2461) in font [lmroman10-regular]:mapping=t
ex-text;!
Missing character: There is no ③ (U+2462) in font [lmroman10-regular]:mapping=t
ex-text;!
Missing character: There is no ④ (U+2463) in font [lmroman10-regular]:mapping=t
ex-text;!
[66]
File: images/0190da9d-8bfd-732f-bc2c-0b21d0f13b91_77_839727.jpg Graphic file (t
ype bmp)
<images/0190da9d-8bfd-732f-bc2c-0b21d0f13b91_77_839727.jpg>
 [67]
File: images/0190da9d-8bfd-732f-bc2c-0b21d0f13b91_78_163511.jpg Graphic file (t
ype bmp)
<images/0190da9d-8bfd-732f-bc2c-0b21d0f13b91_78_163511.jpg>

Missing character: There is no ② (U+2461) in font [lmroman12-bold]:mapping=tex-
text;!
[68]
Overfull \hbox (0.22491pt too wide) in paragraph at lines 3216--3217
[]$[][][][]$ \TU/FandolSong-Regular(0)/m/n/10 的 水 解 情 况 与 $[][][]$ 类 似\TU/lmr/m
/n/10 , \TU/FandolSong-Regular(0)/m/n/10 但 由 于 $[][][][]$ 是 二 元 酸\TU/lmr/m/n/10
 , $[][][][]$
 []

File: images/0190da9d-8bfd-732f-bc2c-0b21d0f13b91_78_888290.jpg Graphic file (t
ype bmp)
<images/0190da9d-8bfd-732f-bc2c-0b21d0f13b91_78_888290.jpg>
[69]
File: images/0190da9d-8bfd-732f-bc2c-0b21d0f13b91_80_109456.jpg Graphic file (t
ype bmp)
<images/0190da9d-8bfd-732f-bc2c-0b21d0f13b91_80_109456.jpg>

Missing character: There is no ① (U+2460) in font [lmroman12-bold]:mapping=tex-
text;!
[70] [71]
File: images/0190da9d-8bfd-732f-bc2c-0b21d0f13b91_83_734524.jpg Graphic file (t
ype bmp)
<images/0190da9d-8bfd-732f-bc2c-0b21d0f13b91_83_734524.jpg>
 [72] [73] [74]
File: images/0190da9d-8bfd-732f-bc2c-0b21d0f13b91_86_995607.jpg Graphic file (t
ype bmp)
<images/0190da9d-8bfd-732f-bc2c-0b21d0f13b91_86_995607.jpg>
 [75] [76]
File: images/0190da9d-8bfd-732f-bc2c-0b21d0f13b91_88_476150.jpg Graphic file (t
ype bmp)
<images/0190da9d-8bfd-732f-bc2c-0b21d0f13b91_88_476150.jpg>
File: images/0190da9d-8bfd-732f-bc2c-0b21d0f13b91_89_419160.jpg Graphic file (t
ype bmp)
<images/0190da9d-8bfd-732f-bc2c-0b21d0f13b91_89_419160.jpg>
 [77]
File: images/0190da9d-8bfd-732f-bc2c-0b21d0f13b91_89_557171.jpg Graphic file (t
ype bmp)
<images/0190da9d-8bfd-732f-bc2c-0b21d0f13b91_89_557171.jpg>
 [78] [79] [80]
File: images/0190da9d-8bfd-732f-bc2c-0b21d0f13b91_93_497085.jpg Graphic file (t
ype bmp)
<images/0190da9d-8bfd-732f-bc2c-0b21d0f13b91_93_497085.jpg>

Missing character: There is no ① (U+2460) in font [lmroman10-regular]:mapping=t
ex-text;!
Missing character: There is no ② (U+2461) in font [lmroman10-regular]:mapping=t
ex-text;!
Missing character: There is no ③ (U+2462) in font [lmroman10-regular]:mapping=t
ex-text;!
Missing character: There is no ④ (U+2463) in font [lmroman10-regular]:mapping=t
ex-text;!
[81]
Missing character: There is no ① (U+2460) in font [lmroman10-regular]:mapping=t
ex-text;!
Missing character: There is no ② (U+2461) in font [lmroman10-regular]:mapping=t
ex-text;!
Missing character: There is no ① (U+2460) in font [lmroman10-regular]:mapping=t
ex-text;!
Missing character: There is no ② (U+2461) in font [lmroman10-regular]:mapping=t
ex-text;!
Missing character: There is no ④ (U+2463) in font [lmroman10-regular]:mapping=t
ex-text;!
Missing character: There is no ③ (U+2462) in font [lmroman10-regular]:mapping=t
ex-text;!
Missing character: There is no ① (U+2460) in font [lmroman10-regular]:mapping=t
ex-text;!
Missing character: There is no ④ (U+2463) in font [lmroman10-regular]:mapping=t
ex-text;!
Missing character: There is no ④ (U+2463) in font [lmroman10-regular]:mapping=t
ex-text;!
Missing character: There is no ② (U+2461) in font [lmroman10-regular]:mapping=t
ex-text;!
[82]
File: images/0190da9d-8bfd-732f-bc2c-0b21d0f13b91_96_481805.jpg Graphic file (t
ype bmp)
<images/0190da9d-8bfd-732f-bc2c-0b21d0f13b91_96_481805.jpg>

Missing character: There is no ① (U+2460) in font [lmroman10-regular]:mapping=t
ex-text;!
Missing character: There is no ① (U+2460) in font [lmroman10-regular]:mapping=t
ex-text;!
Missing character: There is no ① (U+2460) in font [lmroman7-regular]:mapping=te
x-text;!
Missing character: There is no ① (U+2460) in font [lmroman5-regular]:mapping=te
x-text;!
[83]

Package hyperref Warning: Ignoring empty anchor on input line 3968.

Missing character: There is no ① (U+2460) in font [lmroman8-regular]:mapping=te
x-text;!
File: images/0190da9d-8bfd-732f-bc2c-0b21d0f13b91_97_248962.jpg Graphic file (t
ype bmp)
<images/0190da9d-8bfd-732f-bc2c-0b21d0f13b91_97_248962.jpg>
File: images/0190da9d-8bfd-732f-bc2c-0b21d0f13b91_97_581781.jpg Graphic file (t
ype bmp)
<images/0190da9d-8bfd-732f-bc2c-0b21d0f13b91_97_581781.jpg>
[84] [85]
File: images/0190da9d-8bfd-732f-bc2c-0b21d0f13b91_100_413564.jpg Graphic file (
type bmp)
<images/0190da9d-8bfd-732f-bc2c-0b21d0f13b91_100_413564.jpg>
 [86]
File: images/0190da9d-8bfd-732f-bc2c-0b21d0f13b91_101_891612.jpg Graphic file (
type bmp)
<images/0190da9d-8bfd-732f-bc2c-0b21d0f13b91_101_891612.jpg>

Missing character: There is no ④ (U+2463) in font [lmroman12-bold]:mapping=tex-
text;!

Package hyperref Warning: Ignoring empty anchor on input line 4138.

Missing character: There is no ① (U+2460) in font [lmroman8-regular]:mapping=te
x-text;!
[87]
Package mdframed Info: Not enough space on this page on input line 4178.
 [88]
Package mdframed Info: Not enough space on this page on input line 4178.
File: images/0190da9d-8bfd-732f-bc2c-0b21d0f13b91_103_712542.jpg Graphic file (
type bmp)
<images/0190da9d-8bfd-732f-bc2c-0b21d0f13b91_103_712542.jpg>
File: images/0190da9d-8bfd-732f-bc2c-0b21d0f13b91_103_813239.jpg Graphic file (
type bmp)
<images/0190da9d-8bfd-732f-bc2c-0b21d0f13b91_103_813239.jpg>
 [89]
File: images/0190da9d-8bfd-732f-bc2c-0b21d0f13b91_104_943984.jpg Graphic file (
type bmp)
<images/0190da9d-8bfd-732f-bc2c-0b21d0f13b91_104_943984.jpg>
 [90]
File: images/0190da9d-8bfd-732f-bc2c-0b21d0f13b91_105_622873.jpg Graphic file (
type bmp)
<images/0190da9d-8bfd-732f-bc2c-0b21d0f13b91_105_622873.jpg>
File: images/0190da9d-8bfd-732f-bc2c-0b21d0f13b91_105_106621.jpg Graphic file (
type bmp)
<images/0190da9d-8bfd-732f-bc2c-0b21d0f13b91_105_106621.jpg>
 [91]
File: images/0190da9d-8bfd-732f-bc2c-0b21d0f13b91_106_146174.jpg Graphic file (
type bmp)
<images/0190da9d-8bfd-732f-bc2c-0b21d0f13b91_106_146174.jpg>
 [92]
File: images/0190da9d-8bfd-732f-bc2c-0b21d0f13b91_107_483382.jpg Graphic file (
type bmp)
<images/0190da9d-8bfd-732f-bc2c-0b21d0f13b91_107_483382.jpg>

Missing character: There is no ① (U+2460) in font [lmroman10-regular]:mapping=t
ex-text;!
Missing character: There is no ② (U+2461) in font [lmroman10-regular]:mapping=t
ex-text;!
[93]
File: images/0190da9d-8bfd-732f-bc2c-0b21d0f13b91_108_977880.jpg Graphic file (
type bmp)
<images/0190da9d-8bfd-732f-bc2c-0b21d0f13b91_108_977880.jpg>
 [94]
File: images/0190da9d-8bfd-732f-bc2c-0b21d0f13b91_109_113003.jpg Graphic file (
type bmp)
<images/0190da9d-8bfd-732f-bc2c-0b21d0f13b91_109_113003.jpg>

Missing character: There is no ① (U+2460) in font [lmroman10-regular]:mapping=t
ex-text;!
Missing character: There is no ① (U+2460) in font [lmroman10-regular]:mapping=t
ex-text;!
Missing character: There is no ① (U+2460) in font [lmroman7-regular]:mapping=te
x-text;!
Missing character: There is no ① (U+2460) in font [lmroman5-regular]:mapping=te
x-text;!

Package hyperref Warning: Ignoring empty anchor on input line 4432.

Missing character: There is no ① (U+2460) in font [lmroman8-regular]:mapping=te
x-text;!
File: images/0190da9d-8bfd-732f-bc2c-0b21d0f13b91_110_124909.jpg Graphic file (
type bmp)
<images/0190da9d-8bfd-732f-bc2c-0b21d0f13b91_110_124909.jpg>
[95]

Package hyperref Warning: Ignoring empty anchor on input line 4474.

Missing character: There is no ① (U+2460) in font [lmroman8-regular]:mapping=te
x-text;!
[96]
File: images/0190da9d-8bfd-732f-bc2c-0b21d0f13b91_111_133513.jpg Graphic file (
type bmp)
<images/0190da9d-8bfd-732f-bc2c-0b21d0f13b91_111_133513.jpg>
 [97]
File: images/0190da9d-8bfd-732f-bc2c-0b21d0f13b91_112_457063.jpg Graphic file (
type bmp)
<images/0190da9d-8bfd-732f-bc2c-0b21d0f13b91_112_457063.jpg>
File: images/0190da9d-8bfd-732f-bc2c-0b21d0f13b91_112_469926.jpg Graphic file (
type bmp)
<images/0190da9d-8bfd-732f-bc2c-0b21d0f13b91_112_469926.jpg>
File: images/0190da9d-8bfd-732f-bc2c-0b21d0f13b91_112_513580.jpg Graphic file (
type bmp)
<images/0190da9d-8bfd-732f-bc2c-0b21d0f13b91_112_513580.jpg>
 [98]
File: images/0190da9d-8bfd-732f-bc2c-0b21d0f13b91_113_504974.jpg Graphic file (
type bmp)
<images/0190da9d-8bfd-732f-bc2c-0b21d0f13b91_113_504974.jpg>
File: images/0190da9d-8bfd-732f-bc2c-0b21d0f13b91_113_179327.jpg Graphic file (
type bmp)
<images/0190da9d-8bfd-732f-bc2c-0b21d0f13b91_113_179327.jpg>
 [99] [100] [101]
File: images/0190da9d-8bfd-732f-bc2c-0b21d0f13b91_116_722467.jpg Graphic file (
type bmp)
<images/0190da9d-8bfd-732f-bc2c-0b21d0f13b91_116_722467.jpg>
File: images/0190da9d-8bfd-732f-bc2c-0b21d0f13b91_116_498635.jpg Graphic file (
type bmp)
<images/0190da9d-8bfd-732f-bc2c-0b21d0f13b91_116_498635.jpg>
 [102]
File: images/0190da9d-8bfd-732f-bc2c-0b21d0f13b91_117_492718.jpg Graphic file (
type bmp)
<images/0190da9d-8bfd-732f-bc2c-0b21d0f13b91_117_492718.jpg>
File: images/0190da9d-8bfd-732f-bc2c-0b21d0f13b91_117_821180.jpg Graphic file (
type bmp)
<images/0190da9d-8bfd-732f-bc2c-0b21d0f13b91_117_821180.jpg>
File: images/0190da9d-8bfd-732f-bc2c-0b21d0f13b91_117_626357.jpg Graphic file (
type bmp)
<images/0190da9d-8bfd-732f-bc2c-0b21d0f13b91_117_626357.jpg>
 [103]
File: images/0190da9d-8bfd-732f-bc2c-0b21d0f13b91_118_999930.jpg Graphic file (
type bmp)
<images/0190da9d-8bfd-732f-bc2c-0b21d0f13b91_118_999930.jpg>
File: images/0190da9d-8bfd-732f-bc2c-0b21d0f13b91_118_104404.jpg Graphic file (
type bmp)
<images/0190da9d-8bfd-732f-bc2c-0b21d0f13b91_118_104404.jpg>
 [104]
File: images/0190da9d-8bfd-732f-bc2c-0b21d0f13b91_119_738348.jpg Graphic file (
type bmp)
<images/0190da9d-8bfd-732f-bc2c-0b21d0f13b91_119_738348.jpg>
File: images/0190da9d-8bfd-732f-bc2c-0b21d0f13b91_119_653341.jpg Graphic file (
type bmp)
<images/0190da9d-8bfd-732f-bc2c-0b21d0f13b91_119_653341.jpg>
 [105]
File: images/0190da9d-8bfd-732f-bc2c-0b21d0f13b91_119_211022.jpg Graphic file (
type bmp)
<images/0190da9d-8bfd-732f-bc2c-0b21d0f13b91_119_211022.jpg>
File: images/0190da9d-8bfd-732f-bc2c-0b21d0f13b91_119_341390.jpg Graphic file (
type bmp)
<images/0190da9d-8bfd-732f-bc2c-0b21d0f13b91_119_341390.jpg>
 [106]
File: images/0190da9d-8bfd-732f-bc2c-0b21d0f13b91_120_720876.jpg Graphic file (
type bmp)
<images/0190da9d-8bfd-732f-bc2c-0b21d0f13b91_120_720876.jpg>
 [107]
Missing character: There is no ① (U+2460) in font [lmroman10-regular]:mapping=t
ex-text;!
Missing character: There is no ② (U+2461) in font [lmroman10-regular]:mapping=t
ex-text;!
Missing character: There is no ③ (U+2462) in font [lmroman10-regular]:mapping=t
ex-text;!
[108]
File: images/0190da9d-8bfd-732f-bc2c-0b21d0f13b91_122_131134.jpg Graphic file (
type bmp)
<images/0190da9d-8bfd-732f-bc2c-0b21d0f13b91_122_131134.jpg>
File: images/0190da9d-8bfd-732f-bc2c-0b21d0f13b91_122_975052.jpg Graphic file (
type bmp)
<images/0190da9d-8bfd-732f-bc2c-0b21d0f13b91_122_975052.jpg>
File: images/0190da9d-8bfd-732f-bc2c-0b21d0f13b91_122_920427.jpg Graphic file (
type bmp)
<images/0190da9d-8bfd-732f-bc2c-0b21d0f13b91_122_920427.jpg>
File: images/0190da9d-8bfd-732f-bc2c-0b21d0f13b91_122_400131.jpg Graphic file (
type bmp)
<images/0190da9d-8bfd-732f-bc2c-0b21d0f13b91_122_400131.jpg>
File: images/0190da9d-8bfd-732f-bc2c-0b21d0f13b91_122_596847.jpg Graphic file (
type bmp)
<images/0190da9d-8bfd-732f-bc2c-0b21d0f13b91_122_596847.jpg>
 [109]
File: images/0190da9d-8bfd-732f-bc2c-0b21d0f13b91_122_583451.jpg Graphic file (
type bmp)
<images/0190da9d-8bfd-732f-bc2c-0b21d0f13b91_122_583451.jpg>
File: images/0190da9d-8bfd-732f-bc2c-0b21d0f13b91_122_880275.jpg Graphic file (
type bmp)
<images/0190da9d-8bfd-732f-bc2c-0b21d0f13b91_122_880275.jpg>
File: images/0190da9d-8bfd-732f-bc2c-0b21d0f13b91_122_619235.jpg Graphic file (
type bmp)
<images/0190da9d-8bfd-732f-bc2c-0b21d0f13b91_122_619235.jpg>
File: images/0190da9d-8bfd-732f-bc2c-0b21d0f13b91_122_854197.jpg Graphic file (
type bmp)
<images/0190da9d-8bfd-732f-bc2c-0b21d0f13b91_122_854197.jpg>
 [110]
File: images/0190da9d-8bfd-732f-bc2c-0b21d0f13b91_123_231785.jpg Graphic file (
type bmp)
<images/0190da9d-8bfd-732f-bc2c-0b21d0f13b91_123_231785.jpg>
File: images/0190da9d-8bfd-732f-bc2c-0b21d0f13b91_123_116963.jpg Graphic file (
type bmp)
<images/0190da9d-8bfd-732f-bc2c-0b21d0f13b91_123_116963.jpg>
File: images/0190da9d-8bfd-732f-bc2c-0b21d0f13b91_123_116964.jpg Graphic file (
type bmp)
<images/0190da9d-8bfd-732f-bc2c-0b21d0f13b91_123_116964.jpg>
 [111]
File: images/0190da9d-8bfd-732f-bc2c-0b21d0f13b91_124_817525.jpg Graphic file (
type bmp)
<images/0190da9d-8bfd-732f-bc2c-0b21d0f13b91_124_817525.jpg>
 [112]
File: images/0190da9d-8bfd-732f-bc2c-0b21d0f13b91_124_297016.jpg Graphic file (
type bmp)
<images/0190da9d-8bfd-732f-bc2c-0b21d0f13b91_124_297016.jpg>

Overfull \hbox (7.9378pt too wide) in paragraph at lines 5078--5079
[]\TU/lmr/m/n/10 7. \TU/FandolSong-Regular(0)/m/n/10 一 种 可 充 电 电 池 放 电 时 的 电 极 
反 应 为 $[][] \OT1/cmr/m/n/10 + 2[][] \OMS/cmsy/m/n/10 ^^@ \OT1/cmr/m/n/10 2[][] 
= 2[][][]\OML/cmm/m/it/10 ; [] [] \OT1/cmr/m/n/10 +
 []

File: images/0190da9d-8bfd-732f-bc2c-0b21d0f13b91_125_294012.jpg Graphic file (
type bmp)
<images/0190da9d-8bfd-732f-bc2c-0b21d0f13b91_125_294012.jpg>
[113]
File: images/0190da9d-8bfd-732f-bc2c-0b21d0f13b91_125_627942.jpg Graphic file (
type bmp)
<images/0190da9d-8bfd-732f-bc2c-0b21d0f13b91_125_627942.jpg>

Missing character: There is no ① (U+2460) in font [lmroman10-regular]:mapping=t
ex-text;!
Missing character: There is no ② (U+2461) in font [lmroman10-regular]:mapping=t
ex-text;!
Missing character: There is no ③ (U+2462) in font [lmroman10-regular]:mapping=t
ex-text;!
Missing character: There is no ④ (U+2463) in font [lmroman10-regular]:mapping=t
ex-text;!
File: images/0190da9d-8bfd-732f-bc2c-0b21d0f13b91_126_969406.jpg Graphic file (
type bmp)
<images/0190da9d-8bfd-732f-bc2c-0b21d0f13b91_126_969406.jpg>

Overfull \hbox (1277.78pt too wide) in paragraph at lines 5132--5133
[]\TU/FandolSong-Regular(0)/m/n/10 正 极\TU/lmr/m/n/10 :_________________________
_______________________________________________________________________________
_______________________________________________________________________________
___________________________01 
 []

File: images/0190da9d-8bfd-732f-bc2c-0b21d0f13b91_126_852973.jpg Graphic file (
type bmp)
<images/0190da9d-8bfd-732f-bc2c-0b21d0f13b91_126_852973.jpg>
[114]
File: images/0190da9d-8bfd-732f-bc2c-0b21d0f13b91_127_351529.jpg Graphic file (
type bmp)
<images/0190da9d-8bfd-732f-bc2c-0b21d0f13b91_127_351529.jpg>
 [115]

Package hyperref Warning: Ignoring empty anchor on input line 5178.

Missing character: There is no ① (U+2460) in font [lmroman8-regular]:mapping=te
x-text;!
File: images/0190da9d-8bfd-732f-bc2c-0b21d0f13b91_128_261174.jpg Graphic file (
type bmp)
<images/0190da9d-8bfd-732f-bc2c-0b21d0f13b91_128_261174.jpg>
[116] [117]
Missing character: There is no 傢 (U+50A2) in font [FandolSong-Regular.otf]/OT:l
anguage=dflt;!
[118]
File: images/0190da9d-8bfd-732f-bc2c-0b21d0f13b91_139_156632.jpg Graphic file (
type bmp)
<images/0190da9d-8bfd-732f-bc2c-0b21d0f13b91_139_156632.jpg>
 [119] (./0190da9d-8bfd-732f-bc2c-0b21d0f13b91_tex.aux)
 ***********
LaTeX2e <2023-11-01> patch level 1
L3 programming layer <2022/08/05>
 ***********
Package rerunfilecheck Info: File `0190da9d-8bfd-732f-bc2c-0b21d0f13b91_tex.out
' has not changed.
(rerunfilecheck)             Checksum: D41D8CD98F00B204E9800998ECF8427E;0.
 ) 
Here is how much of TeX's memory you used:
 17830 strings out of 474773
 442372 string characters out of 5757724
 2013839 words of memory out of 5000000
 39590 multiletter control sequences out of 15000+600000
 570139 words of font info for 102 fonts, out of 8000000 for 9000
 1348 hyphenation exceptions out of 8191
 79i,13n,93p,1187b,449s stack positions out of 10000i,1000n,20000p,200000b,200000s

Output written on 0190da9d-8bfd-732f-bc2c-0b21d0f13b91_tex.pdf (119 pages).
