This is XeTeX, Version 3.141592653-2.6-0.999996 (TeX Live 2024) (preloaded format=xelatex 2024.6.29)  1 AUG 2024 23:01
entering extended mode
 restricted \write18 enabled.
 %&-line parsing enabled.
**01910e72-c5b7-7ed5-a6d4-fb3a5faefc32_tex.tex
(./01910e72-c5b7-7ed5-a6d4-fb3a5faefc32_tex.tex
LaTeX2e <2023-11-01> patch level 1
L3 programming layer <2024-02-20>
(/usr/local/texlive/2024/texmf-dist/tex/latex/base/article.cls
Document Class: article 2023/05/17 v1.4n Standard LaTeX document class
(/usr/local/texlive/2024/texmf-dist/tex/latex/base/size10.clo
File: size10.clo 2023/05/17 v1.4n Standard LaTeX file (size option)
)
\c@part=\count184
\c@section=\count185
\c@subsection=\count186
\c@subsubsection=\count187
\c@paragraph=\count188
\c@subparagraph=\count189
\c@figure=\count190
\c@table=\count191
\abovecaptionskip=\skip48
\belowcaptionskip=\skip49
\bibindent=\dimen140
)
(/usr/local/texlive/2024/texmf-dist/tex/latex/base/inputenc.sty
Package: inputenc 2021/02/14 v1.3d Input encoding file
\inpenc@prehook=\toks17
\inpenc@posthook=\toks18


Package inputenc Warning: inputenc package ignored with utf8 based engines.

) (/usr/local/texlive/2024/texmf-dist/tex/latex/base/fontenc.sty
Package: fontenc 2021/04/29 v2.0v Standard LaTeX package
LaTeX Font Info:    Trying to load font information for T1+lmr on input line 11
2.

(/usr/local/texlive/2024/texmf-dist/tex/latex/lm/t1lmr.fd
File: t1lmr.fd 2015/05/01 v1.6.1 Font defs for Latin Modern
))
(/usr/local/texlive/2024/texmf-dist/tex/latex/amsmath/amsmath.sty
Package: amsmath 2023/05/13 v2.17o AMS math features
\@mathmargin=\skip50

For additional information on amsmath, use the `?' option.
(/usr/local/texlive/2024/texmf-dist/tex/latex/amsmath/amstext.sty
Package: amstext 2021/08/26 v2.01 AMS text

(/usr/local/texlive/2024/texmf-dist/tex/latex/amsmath/amsgen.sty
File: amsgen.sty 1999/11/30 v2.0 generic functions
\@emptytoks=\toks19
\ex@=\dimen141
))
(/usr/local/texlive/2024/texmf-dist/tex/latex/amsmath/amsbsy.sty
Package: amsbsy 1999/11/29 v1.2d Bold Symbols
\pmbraise@=\dimen142
)
(/usr/local/texlive/2024/texmf-dist/tex/latex/amsmath/amsopn.sty
Package: amsopn 2022/04/08 v2.04 operator names
)
\inf@bad=\count192
LaTeX Info: Redefining \frac on input line 234.
\uproot@=\count193
\leftroot@=\count194
LaTeX Info: Redefining \overline on input line 399.
LaTeX Info: Redefining \colon on input line 410.
\classnum@=\count195
\DOTSCASE@=\count196
LaTeX Info: Redefining \ldots on input line 496.
LaTeX Info: Redefining \dots on input line 499.
LaTeX Info: Redefining \cdots on input line 620.
\Mathstrutbox@=\box51
\strutbox@=\box52
LaTeX Info: Redefining \big on input line 722.
LaTeX Info: Redefining \Big on input line 723.
LaTeX Info: Redefining \bigg on input line 724.
LaTeX Info: Redefining \Bigg on input line 725.
\big@size=\dimen143
LaTeX Font Info:    Redeclaring font encoding OML on input line 743.
LaTeX Font Info:    Redeclaring font encoding OMS on input line 744.
\macc@depth=\count197
LaTeX Info: Redefining \bmod on input line 905.
LaTeX Info: Redefining \pmod on input line 910.
LaTeX Info: Redefining \smash on input line 940.
LaTeX Info: Redefining \relbar on input line 970.
LaTeX Info: Redefining \Relbar on input line 971.
\c@MaxMatrixCols=\count198
\dotsspace@=\muskip16
\c@parentequation=\count199
\dspbrk@lvl=\count266
\tag@help=\toks20
\row@=\count267
\column@=\count268
\maxfields@=\count269
\andhelp@=\toks21
\eqnshift@=\dimen144
\alignsep@=\dimen145
\tagshift@=\dimen146
\tagwidth@=\dimen147
\totwidth@=\dimen148
\lineht@=\dimen149
\@envbody=\toks22
\multlinegap=\skip51
\multlinetaggap=\skip52
\mathdisplay@stack=\toks23
LaTeX Info: Redefining \[ on input line 2953.
LaTeX Info: Redefining \] on input line 2954.
)
(/usr/local/texlive/2024/texmf-dist/tex/latex/amsfonts/amsfonts.sty
Package: amsfonts 2013/01/14 v3.01 Basic AMSFonts support
\symAMSa=\mathgroup4
\symAMSb=\mathgroup5
LaTeX Font Info:    Redeclaring math symbol \hbar on input line 98.
LaTeX Font Info:    Overwriting math alphabet `\mathfrak' in version `bold'
(Font)                  U/euf/m/n --> U/euf/b/n on input line 106.
)
(/usr/local/texlive/2024/texmf-dist/tex/latex/amsfonts/amssymb.sty
Package: amssymb 2013/01/14 v3.01 AMS font symbols
)
(/usr/local/texlive/2024/texmf-dist/tex/latex/stmaryrd/stmaryrd.sty
Package: stmaryrd 1994/03/03 St Mary's Road symbol package
\symstmry=\mathgroup6
LaTeX Font Info:    Overwriting symbol font `stmry' in version `bold'
(Font)                  U/stmry/m/n --> U/stmry/b/n on input line 89.
)
(/usr/local/texlive/2024/texmf-dist/tex/latex/hyperref/hyperref.sty
Package: hyperref 2024-01-20 v7.01h Hypertext links for LaTeX

(/usr/local/texlive/2024/texmf-dist/tex/generic/iftex/iftex.sty
Package: iftex 2022/02/03 v1.0f TeX engine tests
)
(/usr/local/texlive/2024/texmf-dist/tex/latex/graphics/keyval.sty
Package: keyval 2022/05/29 v1.15 key=value parser (DPC)
\KV@toks@=\toks24
)
(/usr/local/texlive/2024/texmf-dist/tex/latex/kvsetkeys/kvsetkeys.sty
Package: kvsetkeys 2022-10-05 v1.19 Key value parser (HO)
)
(/usr/local/texlive/2024/texmf-dist/tex/generic/kvdefinekeys/kvdefinekeys.sty
Package: kvdefinekeys 2019-12-19 v1.6 Define keys (HO)
)
(/usr/local/texlive/2024/texmf-dist/tex/generic/pdfescape/pdfescape.sty
Package: pdfescape 2019/12/09 v1.15 Implements pdfTeX's escape features (HO)

(/usr/local/texlive/2024/texmf-dist/tex/generic/ltxcmds/ltxcmds.sty
Package: ltxcmds 2023-12-04 v1.26 LaTeX kernel commands for general use (HO)
)
(/usr/local/texlive/2024/texmf-dist/tex/generic/pdftexcmds/pdftexcmds.sty
Package: pdftexcmds 2020-06-27 v0.33 Utility functions of pdfTeX for LuaTeX (HO
)

(/usr/local/texlive/2024/texmf-dist/tex/generic/infwarerr/infwarerr.sty
Package: infwarerr 2019/12/03 v1.5 Providing info/warning/error messages (HO)
)
Package pdftexcmds Info: \pdf@primitive is available.
Package pdftexcmds Info: \pdf@ifprimitive is available.
Package pdftexcmds Info: \pdfdraftmode not found.
))
(/usr/local/texlive/2024/texmf-dist/tex/latex/hycolor/hycolor.sty
Package: hycolor 2020-01-27 v1.10 Color options for hyperref/bookmark (HO)
)
(/usr/local/texlive/2024/texmf-dist/tex/latex/auxhook/auxhook.sty
Package: auxhook 2019-12-17 v1.6 Hooks for auxiliary files (HO)
)
(/usr/local/texlive/2024/texmf-dist/tex/latex/hyperref/nameref.sty
Package: nameref 2023-11-26 v2.56 Cross-referencing by name of section

(/usr/local/texlive/2024/texmf-dist/tex/latex/refcount/refcount.sty
Package: refcount 2019/12/15 v3.6 Data extraction from label references (HO)
)
(/usr/local/texlive/2024/texmf-dist/tex/generic/gettitlestring/gettitlestring.s
ty
Package: gettitlestring 2019/12/15 v1.6 Cleanup title references (HO)
 (/usr/local/texlive/2024/texmf-dist/tex/latex/kvoptions/kvoptions.sty
Package: kvoptions 2022-06-15 v3.15 Key value format for package options (HO)
))
\c@section@level=\count270
)
(/usr/local/texlive/2024/texmf-dist/tex/latex/etoolbox/etoolbox.sty
Package: etoolbox 2020/10/05 v2.5k e-TeX tools for LaTeX (JAW)
\etb@tempcnta=\count271
)
\@linkdim=\dimen150
\Hy@linkcounter=\count272
\Hy@pagecounter=\count273

(/usr/local/texlive/2024/texmf-dist/tex/latex/hyperref/pd1enc.def
File: pd1enc.def 2024-01-20 v7.01h Hyperref: PDFDocEncoding definition (HO)
)
(/usr/local/texlive/2024/texmf-dist/tex/generic/intcalc/intcalc.sty
Package: intcalc 2019/12/15 v1.3 Expandable calculations with integers (HO)
)
\Hy@SavedSpaceFactor=\count274

(/usr/local/texlive/2024/texmf-dist/tex/latex/hyperref/puenc.def
File: puenc.def 2024-01-20 v7.01h Hyperref: PDF Unicode definition (HO)
)
Package hyperref Info: Hyper figures OFF on input line 4179.
Package hyperref Info: Link nesting OFF on input line 4184.
Package hyperref Info: Hyper index ON on input line 4187.
Package hyperref Info: Plain pages OFF on input line 4194.
Package hyperref Info: Backreferencing OFF on input line 4199.
Package hyperref Info: Implicit mode ON; LaTeX internals redefined.
Package hyperref Info: Bookmarks ON on input line 4446.
\c@Hy@tempcnt=\count275

(/usr/local/texlive/2024/texmf-dist/tex/latex/url/url.sty
\Urlmuskip=\muskip17
Package: url 2013/09/16  ver 3.4  Verb mode for urls, etc.
)
LaTeX Info: Redefining \url on input line 4784.
\XeTeXLinkMargin=\dimen151

(/usr/local/texlive/2024/texmf-dist/tex/generic/bitset/bitset.sty
Package: bitset 2019/12/09 v1.3 Handle bit-vector datatype (HO)

(/usr/local/texlive/2024/texmf-dist/tex/generic/bigintcalc/bigintcalc.sty
Package: bigintcalc 2019/12/15 v1.5 Expandable calculations on big integers (HO
)
))
\Fld@menulength=\count276
\Field@Width=\dimen152
\Fld@charsize=\dimen153
Package hyperref Info: Hyper figures OFF on input line 6063.
Package hyperref Info: Link nesting OFF on input line 6068.
Package hyperref Info: Hyper index ON on input line 6071.
Package hyperref Info: backreferencing OFF on input line 6078.
Package hyperref Info: Link coloring OFF on input line 6083.
Package hyperref Info: Link coloring with OCG OFF on input line 6088.
Package hyperref Info: PDF/A mode OFF on input line 6093.

(/usr/local/texlive/2024/texmf-dist/tex/latex/base/atbegshi-ltx.sty
Package: atbegshi-ltx 2021/01/10 v1.0c Emulation of the original atbegshi
package with kernel methods
)
\Hy@abspage=\count277
\c@Item=\count278
\c@Hfootnote=\count279
)
Package hyperref Info: Driver (autodetected): hxetex.

(/usr/local/texlive/2024/texmf-dist/tex/latex/hyperref/hxetex.def
File: hxetex.def 2024-01-20 v7.01h Hyperref driver for XeTeX

(/usr/local/texlive/2024/texmf-dist/tex/generic/stringenc/stringenc.sty
Package: stringenc 2019/11/29 v1.12 Convert strings between diff. encodings (HO
)
)
\pdfm@box=\box53
\c@Hy@AnnotLevel=\count280
\HyField@AnnotCount=\count281
\Fld@listcount=\count282
\c@bookmark@seq@number=\count283

(/usr/local/texlive/2024/texmf-dist/tex/latex/rerunfilecheck/rerunfilecheck.sty
Package: rerunfilecheck 2022-07-10 v1.10 Rerun checks for auxiliary files (HO)
(/usr/local/texlive/2024/texmf-dist/tex/latex/base/atveryend-ltx.sty
Package: atveryend-ltx 2020/08/19 v1.0a Emulation of the original atveryend pac
kage
with kernel methods
)
(/usr/local/texlive/2024/texmf-dist/tex/generic/uniquecounter/uniquecounter.sty
Package: uniquecounter 2019/12/15 v1.4 Provide unlimited unique counter (HO)
)
Package uniquecounter Info: New unique counter `rerunfilecheck' on input line 2
85.
)
\Hy@SectionHShift=\skip53
)
Package hyperref Info: Option `colorlinks' set `true' on input line 9.
 (/usr/local/texlive/2024/texmf-dist/tex/latex/graphics/graphicx.sty
Package: graphicx 2021/09/16 v1.2d Enhanced LaTeX Graphics (DPC,SPQR)

(/usr/local/texlive/2024/texmf-dist/tex/latex/graphics/graphics.sty
Package: graphics 2022/03/10 v1.4e Standard LaTeX Graphics (DPC,SPQR)

(/usr/local/texlive/2024/texmf-dist/tex/latex/graphics/trig.sty
Package: trig 2021/08/11 v1.11 sin cos tan (DPC)
)
(/usr/local/texlive/2024/texmf-dist/tex/latex/graphics-cfg/graphics.cfg
File: graphics.cfg 2016/06/04 v1.11 sample graphics configuration
)
Package graphics Info: Driver file: xetex.def on input line 107.

(/usr/local/texlive/2024/texmf-dist/tex/latex/graphics-def/xetex.def
File: xetex.def 2022/09/22 v5.0n Graphics/color driver for xetex
))
\Gin@req@height=\dimen154
\Gin@req@width=\dimen155
)
(/usr/local/texlive/2024/texmf-dist/tex/latex/adjustbox/adjustbox.sty
Package: adjustbox 2022/10/17 v1.3a Adjusting TeX boxes (trim, clip, ...)

(/usr/local/texlive/2024/texmf-dist/tex/latex/xkeyval/xkeyval.sty
Package: xkeyval 2022/06/16 v2.9 package option processing (HA)

(/usr/local/texlive/2024/texmf-dist/tex/generic/xkeyval/xkeyval.tex
(/usr/local/texlive/2024/texmf-dist/tex/generic/xkeyval/xkvutils.tex
\XKV@toks=\toks25
\XKV@tempa@toks=\toks26
)
\XKV@depth=\count284
File: xkeyval.tex 2014/12/03 v2.7a key=value parser (HA)
))
(/usr/local/texlive/2024/texmf-dist/tex/latex/adjustbox/adjcalc.sty
Package: adjcalc 2012/05/16 v1.1 Provides advanced setlength with multiple back
-ends (calc, etex, pgfmath)
)
(/usr/local/texlive/2024/texmf-dist/tex/latex/adjustbox/trimclip.sty
Package: trimclip 2020/08/19 v1.2 Trim and clip general TeX material

(/usr/local/texlive/2024/texmf-dist/tex/latex/collectbox/collectbox.sty
Package: collectbox 2022/10/17 v0.4c Collect macro arguments as boxes
\collectedbox=\box54
)
\tc@llx=\dimen156
\tc@lly=\dimen157
\tc@urx=\dimen158
\tc@ury=\dimen159
Package trimclip Info: Using driver 'tc-xetex.def'.

(/usr/local/texlive/2024/texmf-dist/tex/latex/adjustbox/tc-xetex.def
File: tc-xetex.def 2019/01/04 v2.2 Clipping driver for xetex
))
\adjbox@Width=\dimen160
\adjbox@Height=\dimen161
\adjbox@Depth=\dimen162
\adjbox@Totalheight=\dimen163
\adjbox@pwidth=\dimen164
\adjbox@pheight=\dimen165
\adjbox@pdepth=\dimen166
\adjbox@ptotalheight=\dimen167

(/usr/local/texlive/2024/texmf-dist/tex/latex/ifoddpage/ifoddpage.sty
Package: ifoddpage 2022/10/18 v1.2 Conditionals for odd/even page detection
\c@checkoddpage=\count285
)
(/usr/local/texlive/2024/texmf-dist/tex/latex/varwidth/varwidth.sty
Package: varwidth 2009/03/30 ver 0.92;  Variable-width minipages
\@vwid@box=\box55
\sift@deathcycles=\count286
\@vwid@loff=\dimen168
\@vwid@roff=\dimen169
))
(/usr/local/texlive/2024/texmf-dist/tex/latex/mdframed/mdframed.sty
Package: mdframed 2013/07/01 1.9b: mdframed

(/usr/local/texlive/2024/texmf-dist/tex/latex/l3packages/xparse/xparse.sty
(/usr/local/texlive/2024/texmf-dist/tex/latex/l3kernel/expl3.sty
Package: expl3 2024-02-20 L3 programming layer (loader) 

(/usr/local/texlive/2024/texmf-dist/tex/latex/l3backend/l3backend-xetex.def
File: l3backend-xetex.def 2024-02-20 L3 backend support: XeTeX
\g__graphics_track_int=\count287
\l__pdf_internal_box=\box56
\g__pdf_backend_object_int=\count288
\g__pdf_backend_annotation_int=\count289
\g__pdf_backend_link_int=\count290
))
Package: xparse 2024-02-18 L3 Experimental document command parser
)
(/usr/local/texlive/2024/texmf-dist/tex/latex/zref/zref-abspage.sty
Package: zref-abspage 2023-09-14 v2.35 Module abspage for zref (HO)

(/usr/local/texlive/2024/texmf-dist/tex/latex/zref/zref-base.sty
Package: zref-base 2023-09-14 v2.35 Module base for zref (HO)

(/usr/local/texlive/2024/texmf-dist/tex/generic/etexcmds/etexcmds.sty
Package: etexcmds 2019/12/15 v1.7 Avoid name clashes with e-TeX commands (HO)
)
Package zref Info: New property list: main on input line 767.
Package zref Info: New property: default on input line 768.
Package zref Info: New property: page on input line 769.
)
\c@abspage=\count291
Package zref Info: New property: abspage on input line 67.
)
(/usr/local/texlive/2024/texmf-dist/tex/latex/needspace/needspace.sty
Package: needspace 2010/09/12 v1.3d reserve vertical space
)
(/usr/local/texlive/2024/texmf-dist/tex/latex/graphics/color.sty
Package: color 2022/01/06 v1.3d Standard LaTeX Color (DPC)

(/usr/local/texlive/2024/texmf-dist/tex/latex/graphics-cfg/color.cfg
File: color.cfg 2016/01/02 v1.6 sample color configuration
)
Package color Info: Driver file: xetex.def on input line 149.

(/usr/local/texlive/2024/texmf-dist/tex/latex/graphics/mathcolor.ltx))
\mdf@templength=\skip54
\c@mdf@globalstyle@cnt=\count292
\mdf@skipabove@length=\skip55
\mdf@skipbelow@length=\skip56
\mdf@leftmargin@length=\skip57
\mdf@rightmargin@length=\skip58
\mdf@innerleftmargin@length=\skip59
\mdf@innerrightmargin@length=\skip60
\mdf@innertopmargin@length=\skip61
\mdf@innerbottommargin@length=\skip62
\mdf@splittopskip@length=\skip63
\mdf@splitbottomskip@length=\skip64
\mdf@outermargin@length=\skip65
\mdf@innermargin@length=\skip66
\mdf@linewidth@length=\skip67
\mdf@innerlinewidth@length=\skip68
\mdf@middlelinewidth@length=\skip69
\mdf@outerlinewidth@length=\skip70
\mdf@roundcorner@length=\skip71
\mdf@footenotedistance@length=\skip72
\mdf@userdefinedwidth@length=\skip73
\mdf@needspace@length=\skip74
\mdf@frametitleaboveskip@length=\skip75
\mdf@frametitlebelowskip@length=\skip76
\mdf@frametitlerulewidth@length=\skip77
\mdf@frametitleleftmargin@length=\skip78
\mdf@frametitlerightmargin@length=\skip79
\mdf@shadowsize@length=\skip80
\mdf@extratopheight@length=\skip81
\mdf@subtitleabovelinewidth@length=\skip82
\mdf@subtitlebelowlinewidth@length=\skip83
\mdf@subtitleaboveskip@length=\skip84
\mdf@subtitlebelowskip@length=\skip85
\mdf@subtitleinneraboveskip@length=\skip86
\mdf@subtitleinnerbelowskip@length=\skip87
\mdf@subsubtitleabovelinewidth@length=\skip88
\mdf@subsubtitlebelowlinewidth@length=\skip89
\mdf@subsubtitleaboveskip@length=\skip90
\mdf@subsubtitlebelowskip@length=\skip91
\mdf@subsubtitleinneraboveskip@length=\skip92
\mdf@subsubtitleinnerbelowskip@length=\skip93

(/usr/local/texlive/2024/texmf-dist/tex/latex/mdframed/md-frame-0.mdf
File: md-frame-0.mdf 2013/07/01\ 1.9b: md-frame-0
)
\mdf@frametitlebox=\box57
\mdf@footnotebox=\box58
\mdf@splitbox@one=\box59
\mdf@splitbox@two=\box60
\mdf@splitbox@save=\box61
\mdfsplitboxwidth=\skip94
\mdfsplitboxtotalwidth=\skip95
\mdfsplitboxheight=\skip96
\mdfsplitboxdepth=\skip97
\mdfsplitboxtotalheight=\skip98
\mdfframetitleboxwidth=\skip99
\mdfframetitleboxtotalwidth=\skip100
\mdfframetitleboxheight=\skip101
\mdfframetitleboxdepth=\skip102
\mdfframetitleboxtotalheight=\skip103
\mdffootnoteboxwidth=\skip104
\mdffootnoteboxtotalwidth=\skip105
\mdffootnoteboxheight=\skip106
\mdffootnoteboxdepth=\skip107
\mdffootnoteboxtotalheight=\skip108
\mdftotallinewidth=\skip109
\mdfboundingboxwidth=\skip110
\mdfboundingboxtotalwidth=\skip111
\mdfboundingboxheight=\skip112
\mdfboundingboxdepth=\skip113
\mdfboundingboxtotalheight=\skip114
\mdf@freevspace@length=\skip115
\mdf@horizontalwidthofbox@length=\skip116
\mdf@verticalmarginwhole@length=\skip117
\mdf@horizontalspaceofbox=\skip118
\mdfsubtitleheight=\skip119
\mdfsubsubtitleheight=\skip120
\c@mdfcountframes=\count293

****** mdframed patching \endmdf@trivlist

****** -- success******

\mdf@envdepth=\count294
\c@mdf@env@i=\count295
\c@mdf@env@ii=\count296
\c@mdf@zref@counter=\count297
Package zref Info: New property: mdf@pagevalue on input line 895.
)
(/usr/local/texlive/2024/texmf-dist/tex/latex/booktabs/booktabs.sty
Package: booktabs 2020/01/12 v1.61803398 Publication quality tables
\heavyrulewidth=\dimen170
\lightrulewidth=\dimen171
\cmidrulewidth=\dimen172
\belowrulesep=\dimen173
\belowbottomsep=\dimen174
\aboverulesep=\dimen175
\abovetopsep=\dimen176
\cmidrulesep=\dimen177
\cmidrulekern=\dimen178
\defaultaddspace=\dimen179
\@cmidla=\count298
\@cmidlb=\count299
\@aboverulesep=\dimen180
\@belowrulesep=\dimen181
\@thisruleclass=\count300
\@lastruleclass=\count301
\@thisrulewidth=\dimen182
)
(/usr/local/texlive/2024/texmf-dist/tex/latex/tools/array.sty
Package: array 2023/10/16 v2.5g Tabular extension package (FMi)
\col@sep=\dimen183
\ar@mcellbox=\box62
\extrarowheight=\dimen184
\NC@list=\toks27
\extratabsurround=\skip121
\backup@length=\skip122
\ar@cellbox=\box63
)
(/usr/local/texlive/2024/texmf-dist/tex/latex/multirow/multirow.sty
Package: multirow 2021/03/15 v2.8 Span multiple rows of a table
\multirow@colwidth=\skip123
\multirow@cntb=\count302
\multirow@dima=\skip124
\bigstrutjot=\dimen185
)
(/usr/local/texlive/2024/texmf-dist/tex/latex/esint/esint.sty
Package: esint 
\symlargesymbolsA=\mathgroup7
)
(/usr/local/texlive/2024/texmf-dist/tex/xelatex/xecjk/xeCJK.sty
Package: xeCJK 2022/08/05 v3.9.1 Typesetting CJK scripts with XeLaTeX

(/usr/local/texlive/2024/texmf-dist/tex/latex/ctex/ctexhook.sty
Package: ctexhook 2022/07/14 v2.5.10 Document and package hooks (CTEX)
)
(/usr/local/texlive/2024/texmf-dist/tex/latex/l3packages/xtemplate/xtemplate.st
y
(/usr/local/texlive/2024/texmf-dist/tex/latex/l3packages/xtemplate/xtemplate-20
23-10-10.sty
Package: xtemplate 2023-10-10 L3 Experimental prototype document functions
\l__xtemplate_tmp_dim=\dimen186
\l__xtemplate_tmp_int=\count303
\l__xtemplate_tmp_muskip=\muskip18
\l__xtemplate_tmp_skip=\skip125
))
\l__xeCJK_tmp_int=\count304
\l__xeCJK_tmp_box=\box64
\l__xeCJK_tmp_dim=\dimen187
\l__xeCJK_tmp_skip=\skip126
\g__xeCJK_space_factor_int=\count305
\l__xeCJK_begin_int=\count306
\l__xeCJK_end_int=\count307
\c__xeCJK_CJK_class_int=\XeTeXcharclass1
\c__xeCJK_FullLeft_class_int=\XeTeXcharclass2
\c__xeCJK_FullRight_class_int=\XeTeXcharclass3
\c__xeCJK_HalfLeft_class_int=\XeTeXcharclass4
\c__xeCJK_HalfRight_class_int=\XeTeXcharclass5
\c__xeCJK_NormalSpace_class_int=\XeTeXcharclass6
\c__xeCJK_CM_class_int=\XeTeXcharclass7
\c__xeCJK_HangulJamo_class_int=\XeTeXcharclass8
\l__xeCJK_last_skip=\skip127
\c__xeCJK_none_node=\count308
\g__xeCJK_node_int=\count309
\c__xeCJK_CJK_node_dim=\dimen188
\c__xeCJK_CJK-space_node_dim=\dimen189
\c__xeCJK_default_node_dim=\dimen190
\c__xeCJK_CJK-widow_node_dim=\dimen191
\c__xeCJK_normalspace_node_dim=\dimen192
\c__xeCJK_default-space_node_skip=\skip128
\l__xeCJK_ccglue_skip=\skip129
\l__xeCJK_ecglue_skip=\skip130
\l__xeCJK_punct_kern_skip=\skip131
\l__xeCJK_indent_box=\box65
\l__xeCJK_last_penalty_int=\count310
\l__xeCJK_last_bound_dim=\dimen193
\l__xeCJK_last_kern_dim=\dimen194
\l__xeCJK_widow_penalty_int=\count311

Package xtemplate Info: Declaring object type 'xeCJK/punctuation' taking 0
(xtemplate)             argument(s) on line 2396.

\l__xeCJK_fixed_punct_width_dim=\dimen195
\l__xeCJK_mixed_punct_width_dim=\dimen196
\l__xeCJK_middle_punct_width_dim=\dimen197
\l__xeCJK_fixed_margin_width_dim=\dimen198
\l__xeCJK_mixed_margin_width_dim=\dimen199
\l__xeCJK_middle_margin_width_dim=\dimen256
\l__xeCJK_bound_punct_width_dim=\dimen257
\l__xeCJK_bound_margin_width_dim=\dimen258
\l__xeCJK_margin_minimum_dim=\dimen259
\l__xeCJK_kerning_total_width_dim=\dimen260
\l__xeCJK_same_align_margin_dim=\dimen261
\l__xeCJK_different_align_margin_dim=\dimen262
\l__xeCJK_kerning_margin_width_dim=\dimen263
\l__xeCJK_kerning_margin_minimum_dim=\dimen264
\l__xeCJK_bound_dim=\dimen265
\l__xeCJK_reverse_bound_dim=\dimen266
\l__xeCJK_margin_dim=\dimen267
\l__xeCJK_minimum_bound_dim=\dimen268
\l__xeCJK_kerning_margin_dim=\dimen269
\g__xeCJK_family_int=\count312
\l__xeCJK_fam_int=\count313
\g__xeCJK_fam_allocation_int=\count314
\l__xeCJK_verb_case_int=\count315
\l__xeCJK_verb_exspace_skip=\skip132

(/usr/local/texlive/2024/texmf-dist/tex/latex/fontspec/fontspec.sty
Package: fontspec 2024/02/13 v2.9a Font selection for XeLaTeX and LuaLaTeX

(/usr/local/texlive/2024/texmf-dist/tex/latex/fontspec/fontspec-xetex.sty
Package: fontspec-xetex 2024/02/13 v2.9a Font selection for XeLaTeX and LuaLaTe
X
\l__fontspec_script_int=\count316
\l__fontspec_language_int=\count317
\l__fontspec_strnum_int=\count318
\l__fontspec_tmp_int=\count319
\l__fontspec_tmpa_int=\count320
\l__fontspec_tmpb_int=\count321
\l__fontspec_tmpc_int=\count322
\l__fontspec_em_int=\count323
\l__fontspec_emdef_int=\count324
\l__fontspec_strong_int=\count325
\l__fontspec_strongdef_int=\count326
\l__fontspec_tmpa_dim=\dimen270
\l__fontspec_tmpb_dim=\dimen271
\l__fontspec_tmpc_dim=\dimen272

(/usr/local/texlive/2024/texmf-dist/tex/latex/base/fontenc.sty
Package: fontenc 2021/04/29 v2.0v Standard LaTeX package
)
(/usr/local/texlive/2024/texmf-dist/tex/latex/fontspec/fontspec.cfg)))
(/usr/local/texlive/2024/texmf-dist/tex/xelatex/xecjk/xeCJK.cfg
File: xeCJK.cfg 2022/08/05 v3.9.1 Configuration file for xeCJK package
))

Package xeCJK Warning: Fandol is being set as the default font for CJK text.
(xeCJK)                Please make sure it has been properly installed.


Package fontspec Warning: Font "FandolSong-Regular" does not contain requested
(fontspec)                Script "CJK".


Package fontspec Info: Font family 'FandolSong-Regular(0)' created for font
(fontspec)             'FandolSong-Regular' with options
(fontspec)             [Script={CJK},Extension={.otf},BoldFont={FandolSong-Bold
},ItalicFont={FandolKai-Regular}].
(fontspec)              
(fontspec)              This font family consists of the following NFSS
(fontspec)             series/shapes:
(fontspec)              
(fontspec)             - 'normal' (m/n) with NFSS spec.:
(fontspec)             <->"[FandolSong-Regular.otf]/OT:language=dflt;"
(fontspec)             - 'small caps'  (m/sc) with NFSS spec.: 
(fontspec)             - 'bold' (b/n) with NFSS spec.:
(fontspec)             <->"[FandolSong-Bold.otf]/OT:language=dflt;"
(fontspec)             - 'bold small caps'  (b/sc) with NFSS spec.: 
(fontspec)             - 'italic' (m/it) with NFSS spec.:
(fontspec)             <->"[FandolKai-Regular.otf]/OT:language=dflt;"
(fontspec)             - 'italic small caps'  (m/scit) with NFSS spec.: 

(./01910e72-c5b7-7ed5-a6d4-fb3a5faefc32_tex.aux)
\openout1 = `01910e72-c5b7-7ed5-a6d4-fb3a5faefc32_tex.aux'.

LaTeX Font Info:    Checking defaults for OML/cmm/m/it on input line 23.
LaTeX Font Info:    ... okay on input line 23.
LaTeX Font Info:    Checking defaults for OMS/cmsy/m/n on input line 23.
LaTeX Font Info:    ... okay on input line 23.
LaTeX Font Info:    Checking defaults for OT1/cmr/m/n on input line 23.
LaTeX Font Info:    ... okay on input line 23.
LaTeX Font Info:    Checking defaults for T1/cmr/m/n on input line 23.
LaTeX Font Info:    ... okay on input line 23.
LaTeX Font Info:    Checking defaults for TS1/cmr/m/n on input line 23.
LaTeX Font Info:    Trying to load font information for TS1+cmr on input line 2
3.

(/usr/local/texlive/2024/texmf-dist/tex/latex/base/ts1cmr.fd
File: ts1cmr.fd 2023/04/13 v2.5m Standard LaTeX font definitions
)
LaTeX Font Info:    ... okay on input line 23.
LaTeX Font Info:    Checking defaults for TU/lmr/m/n on input line 23.
LaTeX Font Info:    ... okay on input line 23.
LaTeX Font Info:    Checking defaults for OMX/cmex/m/n on input line 23.
LaTeX Font Info:    ... okay on input line 23.
LaTeX Font Info:    Checking defaults for U/cmr/m/n on input line 23.
LaTeX Font Info:    ... okay on input line 23.
LaTeX Font Info:    Checking defaults for PD1/pdf/m/n on input line 23.
LaTeX Font Info:    ... okay on input line 23.
LaTeX Font Info:    Checking defaults for PU/pdf/m/n on input line 23.
LaTeX Font Info:    ... okay on input line 23.
Package hyperref Info: Link coloring ON on input line 23.

(./01910e72-c5b7-7ed5-a6d4-fb3a5faefc32_tex.out)
(./01910e72-c5b7-7ed5-a6d4-fb3a5faefc32_tex.out)
\@outlinefile=\write3
\openout3 = `01910e72-c5b7-7ed5-a6d4-fb3a5faefc32_tex.out'.


Package fontspec Info: Adjusting the maths setup (use [no-math] to avoid
(fontspec)             this).

\symlegacymaths=\mathgroup8
LaTeX Font Info:    Overwriting symbol font `legacymaths' in version `bold'
(Font)                  OT1/cmr/m/n --> OT1/cmr/bx/n on input line 23.
LaTeX Font Info:    Redeclaring math accent \acute on input line 23.
LaTeX Font Info:    Redeclaring math accent \grave on input line 23.
LaTeX Font Info:    Redeclaring math accent \ddot on input line 23.
LaTeX Font Info:    Redeclaring math accent \tilde on input line 23.
LaTeX Font Info:    Redeclaring math accent \bar on input line 23.
LaTeX Font Info:    Redeclaring math accent \breve on input line 23.
LaTeX Font Info:    Redeclaring math accent \check on input line 23.
LaTeX Font Info:    Redeclaring math accent \hat on input line 23.
LaTeX Font Info:    Redeclaring math accent \dot on input line 23.
LaTeX Font Info:    Redeclaring math accent \mathring on input line 23.
LaTeX Font Info:    Redeclaring math symbol \Gamma on input line 23.
LaTeX Font Info:    Redeclaring math symbol \Delta on input line 23.
LaTeX Font Info:    Redeclaring math symbol \Theta on input line 23.
LaTeX Font Info:    Redeclaring math symbol \Lambda on input line 23.
LaTeX Font Info:    Redeclaring math symbol \Xi on input line 23.
LaTeX Font Info:    Redeclaring math symbol \Pi on input line 23.
LaTeX Font Info:    Redeclaring math symbol \Sigma on input line 23.
LaTeX Font Info:    Redeclaring math symbol \Upsilon on input line 23.
LaTeX Font Info:    Redeclaring math symbol \Phi on input line 23.
LaTeX Font Info:    Redeclaring math symbol \Psi on input line 23.
LaTeX Font Info:    Redeclaring math symbol \Omega on input line 23.
LaTeX Font Info:    Redeclaring math symbol \mathdollar on input line 23.
LaTeX Font Info:    Redeclaring symbol font `operators' on input line 23.
LaTeX Font Info:    Encoding `OT1' has changed to `TU' for symbol font
(Font)              `operators' in the math version `normal' on input line 23.
LaTeX Font Info:    Overwriting symbol font `operators' in version `normal'
(Font)                  OT1/cmr/m/n --> TU/lmr/m/n on input line 23.
LaTeX Font Info:    Encoding `OT1' has changed to `TU' for symbol font
(Font)              `operators' in the math version `bold' on input line 23.
LaTeX Font Info:    Overwriting symbol font `operators' in version `bold'
(Font)                  OT1/cmr/bx/n --> TU/lmr/m/n on input line 23.
LaTeX Font Info:    Overwriting symbol font `operators' in version `normal'
(Font)                  TU/lmr/m/n --> TU/lmr/m/n on input line 23.
LaTeX Font Info:    Overwriting math alphabet `\mathit' in version `normal'
(Font)                  OT1/cmr/m/it --> TU/lmr/m/it on input line 23.
LaTeX Font Info:    Overwriting math alphabet `\mathbf' in version `normal'
(Font)                  OT1/cmr/bx/n --> TU/lmr/b/n on input line 23.
LaTeX Font Info:    Overwriting math alphabet `\mathsf' in version `normal'
(Font)                  OT1/cmss/m/n --> TU/lmss/m/n on input line 23.
LaTeX Font Info:    Overwriting math alphabet `\mathtt' in version `normal'
(Font)                  OT1/cmtt/m/n --> TU/lmtt/m/n on input line 23.
LaTeX Font Info:    Overwriting symbol font `operators' in version `bold'
(Font)                  TU/lmr/m/n --> TU/lmr/b/n on input line 23.
LaTeX Font Info:    Overwriting math alphabet `\mathit' in version `bold'
(Font)                  OT1/cmr/bx/it --> TU/lmr/b/it on input line 23.
LaTeX Font Info:    Overwriting math alphabet `\mathsf' in version `bold'
(Font)                  OT1/cmss/bx/n --> TU/lmss/b/n on input line 23.
LaTeX Font Info:    Overwriting math alphabet `\mathtt' in version `bold'
(Font)                  OT1/cmtt/m/n --> TU/lmtt/b/n on input line 23.
File: images/01910e72-c5b7-7ed5-a6d4-fb3a5faefc32_1_100040.jpg Graphic file (ty
pe bmp)
<images/01910e72-c5b7-7ed5-a6d4-fb3a5faefc32_1_100040.jpg>
File: images/01910e72-c5b7-7ed5-a6d4-fb3a5faefc32_4_932038.jpg Graphic file (ty
pe bmp)
<images/01910e72-c5b7-7ed5-a6d4-fb3a5faefc32_4_932038.jpg>
 [1

]
File: images/01910e72-c5b7-7ed5-a6d4-fb3a5faefc32_4_418457.jpg Graphic file (ty
pe bmp)
<images/01910e72-c5b7-7ed5-a6d4-fb3a5faefc32_4_418457.jpg>
File: images/01910e72-c5b7-7ed5-a6d4-fb3a5faefc32_4_120420.jpg Graphic file (ty
pe bmp)
<images/01910e72-c5b7-7ed5-a6d4-fb3a5faefc32_4_120420.jpg>
 [2]
File: images/01910e72-c5b7-7ed5-a6d4-fb3a5faefc32_4_359198.jpg Graphic file (ty
pe bmp)
<images/01910e72-c5b7-7ed5-a6d4-fb3a5faefc32_4_359198.jpg>
File: images/01910e72-c5b7-7ed5-a6d4-fb3a5faefc32_4_917283.jpg Graphic file (ty
pe bmp)
<images/01910e72-c5b7-7ed5-a6d4-fb3a5faefc32_4_917283.jpg>
File: images/01910e72-c5b7-7ed5-a6d4-fb3a5faefc32_7_521053.jpg Graphic file (ty
pe bmp)
<images/01910e72-c5b7-7ed5-a6d4-fb3a5faefc32_7_521053.jpg>
 [3]
LaTeX Font Info:    Trying to load font information for U+msa on input line 175
.

(/usr/local/texlive/2024/texmf-dist/tex/latex/amsfonts/umsa.fd
File: umsa.fd 2013/01/14 v3.01 AMS symbols A
)
LaTeX Font Info:    Trying to load font information for U+msb on input line 175
.

(/usr/local/texlive/2024/texmf-dist/tex/latex/amsfonts/umsb.fd
File: umsb.fd 2013/01/14 v3.01 AMS symbols B
)
LaTeX Font Info:    Trying to load font information for U+stmry on input line 1
75.

(/usr/local/texlive/2024/texmf-dist/tex/latex/stmaryrd/Ustmry.fd)
LaTeX Font Info:    Trying to load font information for U+esint on input line 1
75.

(/usr/local/texlive/2024/texmf-dist/tex/latex/esint/uesint.fd
File: uesint.fd 
)
Missing character: There is no ① (U+2460) in font [lmroman10-regular]:mapping=t
ex-text;!
Missing character: There is no ① (U+2460) in font [lmroman10-regular]:mapping=t
ex-text;!
Missing character: There is no ① (U+2460) in font [lmroman7-regular]:mapping=te
x-text;!
Missing character: There is no ① (U+2460) in font [lmroman5-regular]:mapping=te
x-text;!
File: images/01910e72-c5b7-7ed5-a6d4-fb3a5faefc32_7_409960.jpg Graphic file (ty
pe bmp)
<images/01910e72-c5b7-7ed5-a6d4-fb3a5faefc32_7_409960.jpg>

Package hyperref Warning: Ignoring empty anchor on input line 191.

Missing character: There is no ① (U+2460) in font [lmroman8-regular]:mapping=te
x-text;!
[4]
File: images/01910e72-c5b7-7ed5-a6d4-fb3a5faefc32_8_910338.jpg Graphic file (ty
pe bmp)
<images/01910e72-c5b7-7ed5-a6d4-fb3a5faefc32_8_910338.jpg>
File: images/01910e72-c5b7-7ed5-a6d4-fb3a5faefc32_8_581765.jpg Graphic file (ty
pe bmp)
<images/01910e72-c5b7-7ed5-a6d4-fb3a5faefc32_8_581765.jpg>
 [5]
File: images/01910e72-c5b7-7ed5-a6d4-fb3a5faefc32_9_214798.jpg Graphic file (ty
pe bmp)
<images/01910e72-c5b7-7ed5-a6d4-fb3a5faefc32_9_214798.jpg>
File: images/01910e72-c5b7-7ed5-a6d4-fb3a5faefc32_9_610985.jpg Graphic file (ty
pe bmp)
<images/01910e72-c5b7-7ed5-a6d4-fb3a5faefc32_9_610985.jpg>
 [6]
File: images/01910e72-c5b7-7ed5-a6d4-fb3a5faefc32_10_165838.jpg Graphic file (t
ype bmp)
<images/01910e72-c5b7-7ed5-a6d4-fb3a5faefc32_10_165838.jpg>
File: images/01910e72-c5b7-7ed5-a6d4-fb3a5faefc32_10_202706.jpg Graphic file (t
ype bmp)
<images/01910e72-c5b7-7ed5-a6d4-fb3a5faefc32_10_202706.jpg>
File: images/01910e72-c5b7-7ed5-a6d4-fb3a5faefc32_10_553810.jpg Graphic file (t
ype bmp)
<images/01910e72-c5b7-7ed5-a6d4-fb3a5faefc32_10_553810.jpg>
 [7]
File: images/01910e72-c5b7-7ed5-a6d4-fb3a5faefc32_11_234099.jpg Graphic file (t
ype bmp)
<images/01910e72-c5b7-7ed5-a6d4-fb3a5faefc32_11_234099.jpg>
 [8]
File: images/01910e72-c5b7-7ed5-a6d4-fb3a5faefc32_11_951516.jpg Graphic file (t
ype bmp)
<images/01910e72-c5b7-7ed5-a6d4-fb3a5faefc32_11_951516.jpg>
File: images/01910e72-c5b7-7ed5-a6d4-fb3a5faefc32_12_493453.jpg Graphic file (t
ype bmp)
<images/01910e72-c5b7-7ed5-a6d4-fb3a5faefc32_12_493453.jpg>
 [9]
File: images/01910e72-c5b7-7ed5-a6d4-fb3a5faefc32_12_735189.jpg Graphic file (t
ype bmp)
<images/01910e72-c5b7-7ed5-a6d4-fb3a5faefc32_12_735189.jpg>
File: images/01910e72-c5b7-7ed5-a6d4-fb3a5faefc32_13_252820.jpg Graphic file (t
ype bmp)
<images/01910e72-c5b7-7ed5-a6d4-fb3a5faefc32_13_252820.jpg>
File: images/01910e72-c5b7-7ed5-a6d4-fb3a5faefc32_13_822232.jpg Graphic file (t
ype bmp)
<images/01910e72-c5b7-7ed5-a6d4-fb3a5faefc32_13_822232.jpg>
 [10]
Missing character: There is no ① (U+2460) in font [lmroman10-regular]:mapping=t
ex-text;!
Missing character: There is no ① (U+2460) in font [lmroman10-regular]:mapping=t
ex-text;!
Missing character: There is no ① (U+2460) in font [lmroman7-regular]:mapping=te
x-text;!
Missing character: There is no ① (U+2460) in font [lmroman5-regular]:mapping=te
x-text;!
File: images/01910e72-c5b7-7ed5-a6d4-fb3a5faefc32_13_394113.jpg Graphic file (t
ype bmp)
<images/01910e72-c5b7-7ed5-a6d4-fb3a5faefc32_13_394113.jpg>

Package hyperref Warning: Ignoring empty anchor on input line 389.

Missing character: There is no ① (U+2460) in font [lmroman8-regular]:mapping=te
x-text;!
File: images/01910e72-c5b7-7ed5-a6d4-fb3a5faefc32_14_263163.jpg Graphic file (t
ype bmp)
<images/01910e72-c5b7-7ed5-a6d4-fb3a5faefc32_14_263163.jpg>
[11]
File: images/01910e72-c5b7-7ed5-a6d4-fb3a5faefc32_14_369590.jpg Graphic file (t
ype bmp)
<images/01910e72-c5b7-7ed5-a6d4-fb3a5faefc32_14_369590.jpg>
File: images/01910e72-c5b7-7ed5-a6d4-fb3a5faefc32_14_224368.jpg Graphic file (t
ype bmp)
<images/01910e72-c5b7-7ed5-a6d4-fb3a5faefc32_14_224368.jpg>
 [12]
File: images/01910e72-c5b7-7ed5-a6d4-fb3a5faefc32_14_213138.jpg Graphic file (t
ype bmp)
<images/01910e72-c5b7-7ed5-a6d4-fb3a5faefc32_14_213138.jpg>
File: images/01910e72-c5b7-7ed5-a6d4-fb3a5faefc32_15_486460.jpg Graphic file (t
ype bmp)
<images/01910e72-c5b7-7ed5-a6d4-fb3a5faefc32_15_486460.jpg>
 [13]
File: images/01910e72-c5b7-7ed5-a6d4-fb3a5faefc32_15_886718.jpg Graphic file (t
ype bmp)
<images/01910e72-c5b7-7ed5-a6d4-fb3a5faefc32_15_886718.jpg>
File: images/01910e72-c5b7-7ed5-a6d4-fb3a5faefc32_16_708703.jpg Graphic file (t
ype bmp)
<images/01910e72-c5b7-7ed5-a6d4-fb3a5faefc32_16_708703.jpg>
File: images/01910e72-c5b7-7ed5-a6d4-fb3a5faefc32_16_482571.jpg Graphic file (t
ype bmp)
<images/01910e72-c5b7-7ed5-a6d4-fb3a5faefc32_16_482571.jpg>
 [14]
File: images/01910e72-c5b7-7ed5-a6d4-fb3a5faefc32_17_368660.jpg Graphic file (t
ype bmp)
<images/01910e72-c5b7-7ed5-a6d4-fb3a5faefc32_17_368660.jpg>
 [15]
File: images/01910e72-c5b7-7ed5-a6d4-fb3a5faefc32_17_945085.jpg Graphic file (t
ype bmp)
<images/01910e72-c5b7-7ed5-a6d4-fb3a5faefc32_17_945085.jpg>
File: images/01910e72-c5b7-7ed5-a6d4-fb3a5faefc32_17_644790.jpg Graphic file (t
ype bmp)
<images/01910e72-c5b7-7ed5-a6d4-fb3a5faefc32_17_644790.jpg>
 [16]
File: images/01910e72-c5b7-7ed5-a6d4-fb3a5faefc32_18_600709.jpg Graphic file (t
ype bmp)
<images/01910e72-c5b7-7ed5-a6d4-fb3a5faefc32_18_600709.jpg>
File: images/01910e72-c5b7-7ed5-a6d4-fb3a5faefc32_18_493803.jpg Graphic file (t
ype bmp)
<images/01910e72-c5b7-7ed5-a6d4-fb3a5faefc32_18_493803.jpg>
 [17]
File: images/01910e72-c5b7-7ed5-a6d4-fb3a5faefc32_19_635305.jpg Graphic file (t
ype bmp)
<images/01910e72-c5b7-7ed5-a6d4-fb3a5faefc32_19_635305.jpg>
File: images/01910e72-c5b7-7ed5-a6d4-fb3a5faefc32_20_973485.jpg Graphic file (t
ype bmp)
<images/01910e72-c5b7-7ed5-a6d4-fb3a5faefc32_20_973485.jpg>
 [18]
File: images/01910e72-c5b7-7ed5-a6d4-fb3a5faefc32_20_512596.jpg Graphic file (t
ype bmp)
<images/01910e72-c5b7-7ed5-a6d4-fb3a5faefc32_20_512596.jpg>
 [19]
File: images/01910e72-c5b7-7ed5-a6d4-fb3a5faefc32_21_337275.jpg Graphic file (t
ype bmp)
<images/01910e72-c5b7-7ed5-a6d4-fb3a5faefc32_21_337275.jpg>
 [20]
File: images/01910e72-c5b7-7ed5-a6d4-fb3a5faefc32_22_732216.jpg Graphic file (t
ype bmp)
<images/01910e72-c5b7-7ed5-a6d4-fb3a5faefc32_22_732216.jpg>
File: images/01910e72-c5b7-7ed5-a6d4-fb3a5faefc32_22_634528.jpg Graphic file (t
ype bmp)
<images/01910e72-c5b7-7ed5-a6d4-fb3a5faefc32_22_634528.jpg>
 [21] [22]
File: images/01910e72-c5b7-7ed5-a6d4-fb3a5faefc32_24_218887.jpg Graphic file (t
ype bmp)
<images/01910e72-c5b7-7ed5-a6d4-fb3a5faefc32_24_218887.jpg>
File: images/01910e72-c5b7-7ed5-a6d4-fb3a5faefc32_24_182927.jpg Graphic file (t
ype bmp)
<images/01910e72-c5b7-7ed5-a6d4-fb3a5faefc32_24_182927.jpg>


Package hyperref Warning: Ignoring empty anchor on input line 793.

Missing character: There is no ① (U+2460) in font [lmroman8-regular]:mapping=te
x-text;!
[23]
File: images/01910e72-c5b7-7ed5-a6d4-fb3a5faefc32_25_896161.jpg Graphic file (t
ype bmp)
<images/01910e72-c5b7-7ed5-a6d4-fb3a5faefc32_25_896161.jpg>
 [24]
File: images/01910e72-c5b7-7ed5-a6d4-fb3a5faefc32_26_346378.jpg Graphic file (t
ype bmp)
<images/01910e72-c5b7-7ed5-a6d4-fb3a5faefc32_26_346378.jpg>
File: images/01910e72-c5b7-7ed5-a6d4-fb3a5faefc32_26_325815.jpg Graphic file (t
ype bmp)
<images/01910e72-c5b7-7ed5-a6d4-fb3a5faefc32_26_325815.jpg>
File: images/01910e72-c5b7-7ed5-a6d4-fb3a5faefc32_26_747258.jpg Graphic file (t
ype bmp)
<images/01910e72-c5b7-7ed5-a6d4-fb3a5faefc32_26_747258.jpg>
 [25]
File: images/01910e72-c5b7-7ed5-a6d4-fb3a5faefc32_26_939137.jpg Graphic file (t
ype bmp)
<images/01910e72-c5b7-7ed5-a6d4-fb3a5faefc32_26_939137.jpg>
File: images/01910e72-c5b7-7ed5-a6d4-fb3a5faefc32_27_480802.jpg Graphic file (t
ype bmp)
<images/01910e72-c5b7-7ed5-a6d4-fb3a5faefc32_27_480802.jpg>
File: images/01910e72-c5b7-7ed5-a6d4-fb3a5faefc32_27_374731.jpg Graphic file (t
ype bmp)
<images/01910e72-c5b7-7ed5-a6d4-fb3a5faefc32_27_374731.jpg>
 [26]
File: images/01910e72-c5b7-7ed5-a6d4-fb3a5faefc32_27_322475.jpg Graphic file (t
ype bmp)
<images/01910e72-c5b7-7ed5-a6d4-fb3a5faefc32_27_322475.jpg>
File: images/01910e72-c5b7-7ed5-a6d4-fb3a5faefc32_27_978805.jpg Graphic file (t
ype bmp)
<images/01910e72-c5b7-7ed5-a6d4-fb3a5faefc32_27_978805.jpg>
 [27]
File: images/01910e72-c5b7-7ed5-a6d4-fb3a5faefc32_29_377489.jpg Graphic file (t
ype bmp)
<images/01910e72-c5b7-7ed5-a6d4-fb3a5faefc32_29_377489.jpg>


Package hyperref Warning: Ignoring empty anchor on input line 961.

Missing character: There is no ① (U+2460) in font [lmroman8-regular]:mapping=te
x-text;!
File: images/01910e72-c5b7-7ed5-a6d4-fb3a5faefc32_30_823891.jpg Graphic file (t
ype bmp)
<images/01910e72-c5b7-7ed5-a6d4-fb3a5faefc32_30_823891.jpg>
[28] [29]
File: images/01910e72-c5b7-7ed5-a6d4-fb3a5faefc32_31_612489.jpg Graphic file (t
ype bmp)
<images/01910e72-c5b7-7ed5-a6d4-fb3a5faefc32_31_612489.jpg>
File: images/01910e72-c5b7-7ed5-a6d4-fb3a5faefc32_32_496896.jpg Graphic file (t
ype bmp)
<images/01910e72-c5b7-7ed5-a6d4-fb3a5faefc32_32_496896.jpg>
File: images/01910e72-c5b7-7ed5-a6d4-fb3a5faefc32_32_920278.jpg Graphic file (t
ype bmp)
<images/01910e72-c5b7-7ed5-a6d4-fb3a5faefc32_32_920278.jpg>
 [30]
File: images/01910e72-c5b7-7ed5-a6d4-fb3a5faefc32_32_748696.jpg Graphic file (t
ype bmp)
<images/01910e72-c5b7-7ed5-a6d4-fb3a5faefc32_32_748696.jpg>
File: images/01910e72-c5b7-7ed5-a6d4-fb3a5faefc32_32_970453.jpg Graphic file (t
ype bmp)
<images/01910e72-c5b7-7ed5-a6d4-fb3a5faefc32_32_970453.jpg>
 [31]
File: images/01910e72-c5b7-7ed5-a6d4-fb3a5faefc32_33_893522.jpg Graphic file (t
ype bmp)
<images/01910e72-c5b7-7ed5-a6d4-fb3a5faefc32_33_893522.jpg>
File: images/01910e72-c5b7-7ed5-a6d4-fb3a5faefc32_33_691887.jpg Graphic file (t
ype bmp)
<images/01910e72-c5b7-7ed5-a6d4-fb3a5faefc32_33_691887.jpg>
 [32]
File: images/01910e72-c5b7-7ed5-a6d4-fb3a5faefc32_34_847537.jpg Graphic file (t
ype bmp)
<images/01910e72-c5b7-7ed5-a6d4-fb3a5faefc32_34_847537.jpg>
File: images/01910e72-c5b7-7ed5-a6d4-fb3a5faefc32_34_495440.jpg Graphic file (t
ype bmp)
<images/01910e72-c5b7-7ed5-a6d4-fb3a5faefc32_34_495440.jpg>
File: images/01910e72-c5b7-7ed5-a6d4-fb3a5faefc32_34_829824.jpg Graphic file (t
ype bmp)
<images/01910e72-c5b7-7ed5-a6d4-fb3a5faefc32_34_829824.jpg>
File: images/01910e72-c5b7-7ed5-a6d4-fb3a5faefc32_34_284901.jpg Graphic file (t
ype bmp)
<images/01910e72-c5b7-7ed5-a6d4-fb3a5faefc32_34_284901.jpg>
 [33]
File: images/01910e72-c5b7-7ed5-a6d4-fb3a5faefc32_34_865294.jpg Graphic file (t
ype bmp)
<images/01910e72-c5b7-7ed5-a6d4-fb3a5faefc32_34_865294.jpg>
File: images/01910e72-c5b7-7ed5-a6d4-fb3a5faefc32_35_395030.jpg Graphic file (t
ype bmp)
<images/01910e72-c5b7-7ed5-a6d4-fb3a5faefc32_35_395030.jpg>
 [34]
File: images/01910e72-c5b7-7ed5-a6d4-fb3a5faefc32_35_388542.jpg Graphic file (t
ype bmp)
<images/01910e72-c5b7-7ed5-a6d4-fb3a5faefc32_35_388542.jpg>
 [35]
File: images/01910e72-c5b7-7ed5-a6d4-fb3a5faefc32_36_708283.jpg Graphic file (t
ype bmp)
<images/01910e72-c5b7-7ed5-a6d4-fb3a5faefc32_36_708283.jpg>
File: images/01910e72-c5b7-7ed5-a6d4-fb3a5faefc32_37_796293.jpg Graphic file (t
ype bmp)
<images/01910e72-c5b7-7ed5-a6d4-fb3a5faefc32_37_796293.jpg>
 [36]
File: images/01910e72-c5b7-7ed5-a6d4-fb3a5faefc32_38_341416.jpg Graphic file (t
ype bmp)
<images/01910e72-c5b7-7ed5-a6d4-fb3a5faefc32_38_341416.jpg>
 [37]
File: images/01910e72-c5b7-7ed5-a6d4-fb3a5faefc32_38_178091.jpg Graphic file (t
ype bmp)
<images/01910e72-c5b7-7ed5-a6d4-fb3a5faefc32_38_178091.jpg>
File: images/01910e72-c5b7-7ed5-a6d4-fb3a5faefc32_39_661803.jpg Graphic file (t
ype bmp)
<images/01910e72-c5b7-7ed5-a6d4-fb3a5faefc32_39_661803.jpg>
File: images/01910e72-c5b7-7ed5-a6d4-fb3a5faefc32_39_506958.jpg Graphic file (t
ype bmp)
<images/01910e72-c5b7-7ed5-a6d4-fb3a5faefc32_39_506958.jpg>
 [38]
File: images/01910e72-c5b7-7ed5-a6d4-fb3a5faefc32_39_917581.jpg Graphic file (t
ype bmp)
<images/01910e72-c5b7-7ed5-a6d4-fb3a5faefc32_39_917581.jpg>
File: images/01910e72-c5b7-7ed5-a6d4-fb3a5faefc32_40_382828.jpg Graphic file (t
ype bmp)
<images/01910e72-c5b7-7ed5-a6d4-fb3a5faefc32_40_382828.jpg>
 [39]
File: images/01910e72-c5b7-7ed5-a6d4-fb3a5faefc32_41_829650.jpg Graphic file (t
ype bmp)
<images/01910e72-c5b7-7ed5-a6d4-fb3a5faefc32_41_829650.jpg>
 [40]
File: images/01910e72-c5b7-7ed5-a6d4-fb3a5faefc32_41_119655.jpg Graphic file (t
ype bmp)
<images/01910e72-c5b7-7ed5-a6d4-fb3a5faefc32_41_119655.jpg>
File: images/01910e72-c5b7-7ed5-a6d4-fb3a5faefc32_41_193077.jpg Graphic file (t
ype bmp)
<images/01910e72-c5b7-7ed5-a6d4-fb3a5faefc32_41_193077.jpg>
 [41]
File: images/01910e72-c5b7-7ed5-a6d4-fb3a5faefc32_42_881697.jpg Graphic file (t
ype bmp)
<images/01910e72-c5b7-7ed5-a6d4-fb3a5faefc32_42_881697.jpg>
File: images/01910e72-c5b7-7ed5-a6d4-fb3a5faefc32_42_793802.jpg Graphic file (t
ype bmp)
<images/01910e72-c5b7-7ed5-a6d4-fb3a5faefc32_42_793802.jpg>
File: images/01910e72-c5b7-7ed5-a6d4-fb3a5faefc32_42_819012.jpg Graphic file (t
ype bmp)
<images/01910e72-c5b7-7ed5-a6d4-fb3a5faefc32_42_819012.jpg>
File: images/01910e72-c5b7-7ed5-a6d4-fb3a5faefc32_42_595309.jpg Graphic file (t
ype bmp)
<images/01910e72-c5b7-7ed5-a6d4-fb3a5faefc32_42_595309.jpg>
 [42]
File: images/01910e72-c5b7-7ed5-a6d4-fb3a5faefc32_43_197660.jpg Graphic file (t
ype bmp)
<images/01910e72-c5b7-7ed5-a6d4-fb3a5faefc32_43_197660.jpg>
File: images/01910e72-c5b7-7ed5-a6d4-fb3a5faefc32_43_358698.jpg Graphic file (t
ype bmp)
<images/01910e72-c5b7-7ed5-a6d4-fb3a5faefc32_43_358698.jpg>

[43]
File: images/01910e72-c5b7-7ed5-a6d4-fb3a5faefc32_43_577212.jpg Graphic file (t
ype bmp)
<images/01910e72-c5b7-7ed5-a6d4-fb3a5faefc32_43_577212.jpg>
File: images/01910e72-c5b7-7ed5-a6d4-fb3a5faefc32_43_698949.jpg Graphic file (t
ype bmp)
<images/01910e72-c5b7-7ed5-a6d4-fb3a5faefc32_43_698949.jpg>
File: images/01910e72-c5b7-7ed5-a6d4-fb3a5faefc32_44_160166.jpg Graphic file (t
ype bmp)
<images/01910e72-c5b7-7ed5-a6d4-fb3a5faefc32_44_160166.jpg>
File: images/01910e72-c5b7-7ed5-a6d4-fb3a5faefc32_44_773825.jpg Graphic file (t
ype bmp)
<images/01910e72-c5b7-7ed5-a6d4-fb3a5faefc32_44_773825.jpg>
 [44]
File: images/01910e72-c5b7-7ed5-a6d4-fb3a5faefc32_44_270743.jpg Graphic file (t
ype bmp)
<images/01910e72-c5b7-7ed5-a6d4-fb3a5faefc32_44_270743.jpg>
File: images/01910e72-c5b7-7ed5-a6d4-fb3a5faefc32_44_388143.jpg Graphic file (t
ype bmp)
<images/01910e72-c5b7-7ed5-a6d4-fb3a5faefc32_44_388143.jpg>
File: images/01910e72-c5b7-7ed5-a6d4-fb3a5faefc32_45_621765.jpg Graphic file (t
ype bmp)
<images/01910e72-c5b7-7ed5-a6d4-fb3a5faefc32_45_621765.jpg>
 [45] [46]
File: images/01910e72-c5b7-7ed5-a6d4-fb3a5faefc32_46_661405.jpg Graphic file (t
ype bmp)
<images/01910e72-c5b7-7ed5-a6d4-fb3a5faefc32_46_661405.jpg>
File: images/01910e72-c5b7-7ed5-a6d4-fb3a5faefc32_46_715610.jpg Graphic file (t
ype bmp)
<images/01910e72-c5b7-7ed5-a6d4-fb3a5faefc32_46_715610.jpg>
File: images/01910e72-c5b7-7ed5-a6d4-fb3a5faefc32_46_540699.jpg Graphic file (t
ype bmp)
<images/01910e72-c5b7-7ed5-a6d4-fb3a5faefc32_46_540699.jpg>
 [47]
File: images/01910e72-c5b7-7ed5-a6d4-fb3a5faefc32_47_970551.jpg Graphic file (t
ype bmp)
<images/01910e72-c5b7-7ed5-a6d4-fb3a5faefc32_47_970551.jpg>
File: images/01910e72-c5b7-7ed5-a6d4-fb3a5faefc32_47_140871.jpg Graphic file (t
ype bmp)
<images/01910e72-c5b7-7ed5-a6d4-fb3a5faefc32_47_140871.jpg>
 [48]
File: images/01910e72-c5b7-7ed5-a6d4-fb3a5faefc32_48_748378.jpg Graphic file (t
ype bmp)
<images/01910e72-c5b7-7ed5-a6d4-fb3a5faefc32_48_748378.jpg>
File: images/01910e72-c5b7-7ed5-a6d4-fb3a5faefc32_49_273532.jpg Graphic file (t
ype bmp)
<images/01910e72-c5b7-7ed5-a6d4-fb3a5faefc32_49_273532.jpg>
 [49]
File: images/01910e72-c5b7-7ed5-a6d4-fb3a5faefc32_49_540627.jpg Graphic file (t
ype bmp)
<images/01910e72-c5b7-7ed5-a6d4-fb3a5faefc32_49_540627.jpg>
File: images/01910e72-c5b7-7ed5-a6d4-fb3a5faefc32_49_162819.jpg Graphic file (t
ype bmp)
<images/01910e72-c5b7-7ed5-a6d4-fb3a5faefc32_49_162819.jpg>
File: images/01910e72-c5b7-7ed5-a6d4-fb3a5faefc32_50_302766.jpg Graphic file (t
ype bmp)
<images/01910e72-c5b7-7ed5-a6d4-fb3a5faefc32_50_302766.jpg>
 [50]
File: images/01910e72-c5b7-7ed5-a6d4-fb3a5faefc32_50_730436.jpg Graphic file (t
ype bmp)
<images/01910e72-c5b7-7ed5-a6d4-fb3a5faefc32_50_730436.jpg>
File: images/01910e72-c5b7-7ed5-a6d4-fb3a5faefc32_50_424228.jpg Graphic file (t
ype bmp)
<images/01910e72-c5b7-7ed5-a6d4-fb3a5faefc32_50_424228.jpg>
File: images/01910e72-c5b7-7ed5-a6d4-fb3a5faefc32_50_774256.jpg Graphic file (t
ype bmp)
<images/01910e72-c5b7-7ed5-a6d4-fb3a5faefc32_50_774256.jpg>
 [51]
File: images/01910e72-c5b7-7ed5-a6d4-fb3a5faefc32_50_430254.jpg Graphic file (t
ype bmp)
<images/01910e72-c5b7-7ed5-a6d4-fb3a5faefc32_50_430254.jpg>
File: images/01910e72-c5b7-7ed5-a6d4-fb3a5faefc32_51_683570.jpg Graphic file (t
ype bmp)
<images/01910e72-c5b7-7ed5-a6d4-fb3a5faefc32_51_683570.jpg>
File: images/01910e72-c5b7-7ed5-a6d4-fb3a5faefc32_51_539162.jpg Graphic file (t
ype bmp)
<images/01910e72-c5b7-7ed5-a6d4-fb3a5faefc32_51_539162.jpg>
 [52]
File: images/01910e72-c5b7-7ed5-a6d4-fb3a5faefc32_51_622924.jpg Graphic file (t
ype bmp)
<images/01910e72-c5b7-7ed5-a6d4-fb3a5faefc32_51_622924.jpg>
File: images/01910e72-c5b7-7ed5-a6d4-fb3a5faefc32_52_692434.jpg Graphic file (t
ype bmp)
<images/01910e72-c5b7-7ed5-a6d4-fb3a5faefc32_52_692434.jpg>
File: images/01910e72-c5b7-7ed5-a6d4-fb3a5faefc32_52_642518.jpg Graphic file (t
ype bmp)
<images/01910e72-c5b7-7ed5-a6d4-fb3a5faefc32_52_642518.jpg>
 [53]
File: images/01910e72-c5b7-7ed5-a6d4-fb3a5faefc32_52_187203.jpg Graphic file (t
ype bmp)
<images/01910e72-c5b7-7ed5-a6d4-fb3a5faefc32_52_187203.jpg>
File: images/01910e72-c5b7-7ed5-a6d4-fb3a5faefc32_52_980687.jpg Graphic file (t
ype bmp)
<images/01910e72-c5b7-7ed5-a6d4-fb3a5faefc32_52_980687.jpg>
 [54]
File: images/01910e72-c5b7-7ed5-a6d4-fb3a5faefc32_53_779970.jpg Graphic file (t
ype bmp)
<images/01910e72-c5b7-7ed5-a6d4-fb3a5faefc32_53_779970.jpg>

Missing character: There is no ① (U+2460) in font [lmroman10-regular]:mapping=t
ex-text;!
Missing character: There is no ① (U+2460) in font [lmroman10-regular]:mapping=t
ex-text;!
Missing character: There is no ① (U+2460) in font [lmroman7-regular]:mapping=te
x-text;!
Missing character: There is no ① (U+2460) in font [lmroman5-regular]:mapping=te
x-text;!
File: images/01910e72-c5b7-7ed5-a6d4-fb3a5faefc32_54_486699.jpg Graphic file (t
ype bmp)
<images/01910e72-c5b7-7ed5-a6d4-fb3a5faefc32_54_486699.jpg>
[55]
File: images/01910e72-c5b7-7ed5-a6d4-fb3a5faefc32_54_794759.jpg Graphic file (t
ype bmp)
<images/01910e72-c5b7-7ed5-a6d4-fb3a5faefc32_54_794759.jpg>


Package hyperref Warning: Ignoring empty anchor on input line 1859.

Missing character: There is no ① (U+2460) in font [lmroman8-regular]:mapping=te
x-text;!
[56]
File: images/01910e72-c5b7-7ed5-a6d4-fb3a5faefc32_55_591380.jpg Graphic file (t
ype bmp)
<images/01910e72-c5b7-7ed5-a6d4-fb3a5faefc32_55_591380.jpg>
File: images/01910e72-c5b7-7ed5-a6d4-fb3a5faefc32_56_688658.jpg Graphic file (t
ype bmp)
<images/01910e72-c5b7-7ed5-a6d4-fb3a5faefc32_56_688658.jpg>
File: images/01910e72-c5b7-7ed5-a6d4-fb3a5faefc32_56_742029.jpg Graphic file (t
ype bmp)
<images/01910e72-c5b7-7ed5-a6d4-fb3a5faefc32_56_742029.jpg>
 [57]
File: images/01910e72-c5b7-7ed5-a6d4-fb3a5faefc32_56_857627.jpg Graphic file (t
ype bmp)
<images/01910e72-c5b7-7ed5-a6d4-fb3a5faefc32_56_857627.jpg>
File: images/01910e72-c5b7-7ed5-a6d4-fb3a5faefc32_57_521196.jpg Graphic file (t
ype bmp)
<images/01910e72-c5b7-7ed5-a6d4-fb3a5faefc32_57_521196.jpg>
 [58]
File: images/01910e72-c5b7-7ed5-a6d4-fb3a5faefc32_57_788908.jpg Graphic file (t
ype bmp)
<images/01910e72-c5b7-7ed5-a6d4-fb3a5faefc32_57_788908.jpg>
File: images/01910e72-c5b7-7ed5-a6d4-fb3a5faefc32_57_372940.jpg Graphic file (t
ype bmp)
<images/01910e72-c5b7-7ed5-a6d4-fb3a5faefc32_57_372940.jpg>
 [59]
File: images/01910e72-c5b7-7ed5-a6d4-fb3a5faefc32_58_554978.jpg Graphic file (t
ype bmp)
<images/01910e72-c5b7-7ed5-a6d4-fb3a5faefc32_58_554978.jpg>
 [60]
File: images/01910e72-c5b7-7ed5-a6d4-fb3a5faefc32_58_859516.jpg Graphic file (t
ype bmp)
<images/01910e72-c5b7-7ed5-a6d4-fb3a5faefc32_58_859516.jpg>
File: images/01910e72-c5b7-7ed5-a6d4-fb3a5faefc32_59_269688.jpg Graphic file (t
ype bmp)
<images/01910e72-c5b7-7ed5-a6d4-fb3a5faefc32_59_269688.jpg>
 [61]
File: images/01910e72-c5b7-7ed5-a6d4-fb3a5faefc32_59_334667.jpg Graphic file (t
ype bmp)
<images/01910e72-c5b7-7ed5-a6d4-fb3a5faefc32_59_334667.jpg>
File: images/01910e72-c5b7-7ed5-a6d4-fb3a5faefc32_60_707668.jpg Graphic file (t
ype bmp)
<images/01910e72-c5b7-7ed5-a6d4-fb3a5faefc32_60_707668.jpg>
 [62]
File: images/01910e72-c5b7-7ed5-a6d4-fb3a5faefc32_61_301527.jpg Graphic file (t
ype bmp)
<images/01910e72-c5b7-7ed5-a6d4-fb3a5faefc32_61_301527.jpg>
 [63]
File: images/01910e72-c5b7-7ed5-a6d4-fb3a5faefc32_61_801549.jpg Graphic file (t
ype bmp)
<images/01910e72-c5b7-7ed5-a6d4-fb3a5faefc32_61_801549.jpg>
File: images/01910e72-c5b7-7ed5-a6d4-fb3a5faefc32_61_252347.jpg Graphic file (t
ype bmp)
<images/01910e72-c5b7-7ed5-a6d4-fb3a5faefc32_61_252347.jpg>
 [64]
File: images/01910e72-c5b7-7ed5-a6d4-fb3a5faefc32_62_288985.jpg Graphic file (t
ype bmp)
<images/01910e72-c5b7-7ed5-a6d4-fb3a5faefc32_62_288985.jpg>
File: images/01910e72-c5b7-7ed5-a6d4-fb3a5faefc32_62_988731.jpg Graphic file (t
ype bmp)
<images/01910e72-c5b7-7ed5-a6d4-fb3a5faefc32_62_988731.jpg>
 [65]
File: images/01910e72-c5b7-7ed5-a6d4-fb3a5faefc32_62_253923.jpg Graphic file (t
ype bmp)
<images/01910e72-c5b7-7ed5-a6d4-fb3a5faefc32_62_253923.jpg>
File: images/01910e72-c5b7-7ed5-a6d4-fb3a5faefc32_62_441588.jpg Graphic file (t
ype bmp)
<images/01910e72-c5b7-7ed5-a6d4-fb3a5faefc32_62_441588.jpg>
File: images/01910e72-c5b7-7ed5-a6d4-fb3a5faefc32_63_453251.jpg Graphic file (t
ype bmp)
<images/01910e72-c5b7-7ed5-a6d4-fb3a5faefc32_63_453251.jpg>
File: images/01910e72-c5b7-7ed5-a6d4-fb3a5faefc32_63_429667.jpg Graphic file (t
ype bmp)
<images/01910e72-c5b7-7ed5-a6d4-fb3a5faefc32_63_429667.jpg>
 [66]
File: images/01910e72-c5b7-7ed5-a6d4-fb3a5faefc32_64_517933.jpg Graphic file (t
ype bmp)
<images/01910e72-c5b7-7ed5-a6d4-fb3a5faefc32_64_517933.jpg>
 [67] [68]
File: images/01910e72-c5b7-7ed5-a6d4-fb3a5faefc32_65_832074.jpg Graphic file (t
ype bmp)
<images/01910e72-c5b7-7ed5-a6d4-fb3a5faefc32_65_832074.jpg>
File: images/01910e72-c5b7-7ed5-a6d4-fb3a5faefc32_65_437874.jpg Graphic file (t
ype bmp)
<images/01910e72-c5b7-7ed5-a6d4-fb3a5faefc32_65_437874.jpg>
 [69]
File: images/01910e72-c5b7-7ed5-a6d4-fb3a5faefc32_66_278792.jpg Graphic file (t
ype bmp)
<images/01910e72-c5b7-7ed5-a6d4-fb3a5faefc32_66_278792.jpg>
File: images/01910e72-c5b7-7ed5-a6d4-fb3a5faefc32_66_111289.jpg Graphic file (t
ype bmp)
<images/01910e72-c5b7-7ed5-a6d4-fb3a5faefc32_66_111289.jpg>
File: images/01910e72-c5b7-7ed5-a6d4-fb3a5faefc32_67_272238.jpg Graphic file (t
ype bmp)
<images/01910e72-c5b7-7ed5-a6d4-fb3a5faefc32_67_272238.jpg>
 [70]
File: images/01910e72-c5b7-7ed5-a6d4-fb3a5faefc32_67_571509.jpg Graphic file (t
ype bmp)
<images/01910e72-c5b7-7ed5-a6d4-fb3a5faefc32_67_571509.jpg>
File: images/01910e72-c5b7-7ed5-a6d4-fb3a5faefc32_68_620123.jpg Graphic file (t
ype bmp)
<images/01910e72-c5b7-7ed5-a6d4-fb3a5faefc32_68_620123.jpg>

[71]
File: images/01910e72-c5b7-7ed5-a6d4-fb3a5faefc32_68_746347.jpg Graphic file (t
ype bmp)
<images/01910e72-c5b7-7ed5-a6d4-fb3a5faefc32_68_746347.jpg>
File: images/01910e72-c5b7-7ed5-a6d4-fb3a5faefc32_68_272977.jpg Graphic file (t
ype bmp)
<images/01910e72-c5b7-7ed5-a6d4-fb3a5faefc32_68_272977.jpg>
File: images/01910e72-c5b7-7ed5-a6d4-fb3a5faefc32_69_647629.jpg Graphic file (t
ype bmp)
<images/01910e72-c5b7-7ed5-a6d4-fb3a5faefc32_69_647629.jpg>
 [72]

Package hyperref Warning: Ignoring empty anchor on input line 2383.

Missing character: There is no ① (U+2460) in font [lmroman8-regular]:mapping=te
x-text;!
File: images/01910e72-c5b7-7ed5-a6d4-fb3a5faefc32_70_772732.jpg Graphic file (t
ype bmp)
<images/01910e72-c5b7-7ed5-a6d4-fb3a5faefc32_70_772732.jpg>
[73]
File: images/01910e72-c5b7-7ed5-a6d4-fb3a5faefc32_71_814602.jpg Graphic file (t
ype bmp)
<images/01910e72-c5b7-7ed5-a6d4-fb3a5faefc32_71_814602.jpg>
 [74] [75]
File: images/01910e72-c5b7-7ed5-a6d4-fb3a5faefc32_73_431971.jpg Graphic file (t
ype bmp)
<images/01910e72-c5b7-7ed5-a6d4-fb3a5faefc32_73_431971.jpg>
File: images/01910e72-c5b7-7ed5-a6d4-fb3a5faefc32_73_386186.jpg Graphic file (t
ype bmp)
<images/01910e72-c5b7-7ed5-a6d4-fb3a5faefc32_73_386186.jpg>
 [76]
File: images/01910e72-c5b7-7ed5-a6d4-fb3a5faefc32_73_929836.jpg Graphic file (t
ype bmp)
<images/01910e72-c5b7-7ed5-a6d4-fb3a5faefc32_73_929836.jpg>
File: images/01910e72-c5b7-7ed5-a6d4-fb3a5faefc32_74_718840.jpg Graphic file (t
ype bmp)
<images/01910e72-c5b7-7ed5-a6d4-fb3a5faefc32_74_718840.jpg>
File: images/01910e72-c5b7-7ed5-a6d4-fb3a5faefc32_74_650698.jpg Graphic file (t
ype bmp)
<images/01910e72-c5b7-7ed5-a6d4-fb3a5faefc32_74_650698.jpg>
 [77]
File: images/01910e72-c5b7-7ed5-a6d4-fb3a5faefc32_74_968788.jpg Graphic file (t
ype bmp)
<images/01910e72-c5b7-7ed5-a6d4-fb3a5faefc32_74_968788.jpg>
File: images/01910e72-c5b7-7ed5-a6d4-fb3a5faefc32_74_460144.jpg Graphic file (t
ype bmp)
<images/01910e72-c5b7-7ed5-a6d4-fb3a5faefc32_74_460144.jpg>
 [78]
File: images/01910e72-c5b7-7ed5-a6d4-fb3a5faefc32_76_292908.jpg Graphic file (t
ype bmp)
<images/01910e72-c5b7-7ed5-a6d4-fb3a5faefc32_76_292908.jpg>
File: images/01910e72-c5b7-7ed5-a6d4-fb3a5faefc32_76_421066.jpg Graphic file (t
ype bmp)
<images/01910e72-c5b7-7ed5-a6d4-fb3a5faefc32_76_421066.jpg>
 [79]
File: images/01910e72-c5b7-7ed5-a6d4-fb3a5faefc32_77_548712.jpg Graphic file (t
ype bmp)
<images/01910e72-c5b7-7ed5-a6d4-fb3a5faefc32_77_548712.jpg>
Package mdframed Info: Not enough space on this page on input line 2631.
 [80]
Package mdframed Info: Not enough space on this page on input line 2631.
File: images/01910e72-c5b7-7ed5-a6d4-fb3a5faefc32_79_674844.jpg Graphic file (t
ype bmp)
<images/01910e72-c5b7-7ed5-a6d4-fb3a5faefc32_79_674844.jpg>
 [81] [82]
File: images/01910e72-c5b7-7ed5-a6d4-fb3a5faefc32_80_269316.jpg Graphic file (t
ype bmp)
<images/01910e72-c5b7-7ed5-a6d4-fb3a5faefc32_80_269316.jpg>


Package hyperref Warning: Ignoring empty anchor on input line 2745.

File: images/01910e72-c5b7-7ed5-a6d4-fb3a5faefc32_80_914068.jpg Graphic file (t
ype bmp)
<images/01910e72-c5b7-7ed5-a6d4-fb3a5faefc32_80_914068.jpg>
File: images/01910e72-c5b7-7ed5-a6d4-fb3a5faefc32_81_410065.jpg Graphic file (t
ype bmp)
<images/01910e72-c5b7-7ed5-a6d4-fb3a5faefc32_81_410065.jpg>
[83]
File: images/01910e72-c5b7-7ed5-a6d4-fb3a5faefc32_81_179528.jpg Graphic file (t
ype bmp)
<images/01910e72-c5b7-7ed5-a6d4-fb3a5faefc32_81_179528.jpg>
 [84]
File: images/01910e72-c5b7-7ed5-a6d4-fb3a5faefc32_81_615472.jpg Graphic file (t
ype bmp)
<images/01910e72-c5b7-7ed5-a6d4-fb3a5faefc32_81_615472.jpg>
File: images/01910e72-c5b7-7ed5-a6d4-fb3a5faefc32_82_630584.jpg Graphic file (t
ype bmp)
<images/01910e72-c5b7-7ed5-a6d4-fb3a5faefc32_82_630584.jpg>
 [85]
File: images/01910e72-c5b7-7ed5-a6d4-fb3a5faefc32_82_548125.jpg Graphic file (t
ype bmp)
<images/01910e72-c5b7-7ed5-a6d4-fb3a5faefc32_82_548125.jpg>
 [86]
File: images/01910e72-c5b7-7ed5-a6d4-fb3a5faefc32_84_974787.jpg Graphic file (t
ype bmp)
<images/01910e72-c5b7-7ed5-a6d4-fb3a5faefc32_84_974787.jpg>
File: images/01910e72-c5b7-7ed5-a6d4-fb3a5faefc32_85_852085.jpg Graphic file (t
ype bmp)
<images/01910e72-c5b7-7ed5-a6d4-fb3a5faefc32_85_852085.jpg>
 [87]
File: images/01910e72-c5b7-7ed5-a6d4-fb3a5faefc32_85_645831.jpg Graphic file (t
ype bmp)
<images/01910e72-c5b7-7ed5-a6d4-fb3a5faefc32_85_645831.jpg>
 [88]
File: images/01910e72-c5b7-7ed5-a6d4-fb3a5faefc32_86_456599.jpg Graphic file (t
ype bmp)
<images/01910e72-c5b7-7ed5-a6d4-fb3a5faefc32_86_456599.jpg>
File: images/01910e72-c5b7-7ed5-a6d4-fb3a5faefc32_86_239582.jpg Graphic file (t
ype bmp)
<images/01910e72-c5b7-7ed5-a6d4-fb3a5faefc32_86_239582.jpg>
File: images/01910e72-c5b7-7ed5-a6d4-fb3a5faefc32_86_896662.jpg Graphic file (t
ype bmp)
<images/01910e72-c5b7-7ed5-a6d4-fb3a5faefc32_86_896662.jpg>
File: images/01910e72-c5b7-7ed5-a6d4-fb3a5faefc32_86_160084.jpg Graphic file (t
ype bmp)
<images/01910e72-c5b7-7ed5-a6d4-fb3a5faefc32_86_160084.jpg>
File: images/01910e72-c5b7-7ed5-a6d4-fb3a5faefc32_86_676458.jpg Graphic file (t
ype bmp)
<images/01910e72-c5b7-7ed5-a6d4-fb3a5faefc32_86_676458.jpg>
 [89] [90]
File: images/01910e72-c5b7-7ed5-a6d4-fb3a5faefc32_88_347664.jpg Graphic file (t
ype bmp)
<images/01910e72-c5b7-7ed5-a6d4-fb3a5faefc32_88_347664.jpg>

Missing character: There is no ① (U+2460) in font [lmroman10-regular]:mapping=t
ex-text;!
[91]
File: images/01910e72-c5b7-7ed5-a6d4-fb3a5faefc32_89_129548.jpg Graphic file (t
ype bmp)
<images/01910e72-c5b7-7ed5-a6d4-fb3a5faefc32_89_129548.jpg>
File: images/01910e72-c5b7-7ed5-a6d4-fb3a5faefc32_89_241984.jpg Graphic file (t
ype bmp)
<images/01910e72-c5b7-7ed5-a6d4-fb3a5faefc32_89_241984.jpg>
File: images/01910e72-c5b7-7ed5-a6d4-fb3a5faefc32_89_293957.jpg Graphic file (t
ype bmp)
<images/01910e72-c5b7-7ed5-a6d4-fb3a5faefc32_89_293957.jpg>
 [92]
File: images/01910e72-c5b7-7ed5-a6d4-fb3a5faefc32_90_936787.jpg Graphic file (t
ype bmp)
<images/01910e72-c5b7-7ed5-a6d4-fb3a5faefc32_90_936787.jpg>
File: images/01910e72-c5b7-7ed5-a6d4-fb3a5faefc32_90_779576.jpg Graphic file (t
ype bmp)
<images/01910e72-c5b7-7ed5-a6d4-fb3a5faefc32_90_779576.jpg>
 [93]

Package hyperref Warning: Ignoring empty anchor on input line 3117.

Missing character: There is no ① (U+2460) in font [lmroman8-regular]:mapping=te
x-text;!
File: images/01910e72-c5b7-7ed5-a6d4-fb3a5faefc32_91_844367.jpg Graphic file (t
ype bmp)
<images/01910e72-c5b7-7ed5-a6d4-fb3a5faefc32_91_844367.jpg>
File: images/01910e72-c5b7-7ed5-a6d4-fb3a5faefc32_91_450333.jpg Graphic file (t
ype bmp)
<images/01910e72-c5b7-7ed5-a6d4-fb3a5faefc32_91_450333.jpg>
[94]
File: images/01910e72-c5b7-7ed5-a6d4-fb3a5faefc32_92_561601.jpg Graphic file (t
ype bmp)
<images/01910e72-c5b7-7ed5-a6d4-fb3a5faefc32_92_561601.jpg>

Overfull \vbox (36.02965pt too high) detected at line 3157
 []

Package mdframed Info: Box was splittet wrong
 starting loop to iterate the splitting point
(mdframed)              on input line 3157.

Overfull \vbox (37.02965pt too high) detected at line 3157
 []


Overfull \vbox (38.02965pt too high) detected at line 3157
 []


Overfull \vbox (39.02965pt too high) detected at line 3157
 []


Overfull \vbox (40.02965pt too high) detected at line 3157
 []


Overfull \vbox (41.02965pt too high) detected at line 3157
 []


Overfull \vbox (42.02965pt too high) detected at line 3157
 []


Overfull \vbox (43.02965pt too high) detected at line 3157
 []


Overfull \vbox (44.02965pt too high) detected at line 3157
 []


Overfull \vbox (45.02965pt too high) detected at line 3157
 []


Overfull \vbox (46.02965pt too high) detected at line 3157
 []


Overfull \vbox (47.02965pt too high) detected at line 3157
 []


Overfull \vbox (48.02965pt too high) detected at line 3157
 []


Overfull \vbox (49.02965pt too high) detected at line 3157
 []


Overfull \vbox (50.02965pt too high) detected at line 3157
 []


Overfull \vbox (51.02965pt too high) detected at line 3157
 []


Overfull \vbox (52.02965pt too high) detected at line 3157
 []


Overfull \vbox (53.02965pt too high) detected at line 3157
 []


Overfull \vbox (54.02965pt too high) detected at line 3157
 []


Overfull \vbox (55.02965pt too high) detected at line 3157
 []


Overfull \vbox (56.02965pt too high) detected at line 3157
 []


Overfull \vbox (57.02965pt too high) detected at line 3157
 []


Overfull \vbox (58.02965pt too high) detected at line 3157
 []


Overfull \vbox (59.02965pt too high) detected at line 3157
 []


Overfull \vbox (60.02965pt too high) detected at line 3157
 []


Overfull \vbox (61.02965pt too high) detected at line 3157
 []


Overfull \vbox (62.02965pt too high) detected at line 3157
 []


Overfull \vbox (63.02965pt too high) detected at line 3157
 []


Overfull \vbox (64.02965pt too high) detected at line 3157
 []


Overfull \vbox (65.02965pt too high) detected at line 3157
 []


Overfull \vbox (66.02965pt too high) detected at line 3157
 []


Overfull \vbox (67.02965pt too high) detected at line 3157
 []


Overfull \vbox (68.02965pt too high) detected at line 3157
 []


Overfull \vbox (69.02965pt too high) detected at line 3157
 []


Overfull \vbox (70.02965pt too high) detected at line 3157
 []


Overfull \vbox (71.02965pt too high) detected at line 3157
 []


Overfull \vbox (72.02965pt too high) detected at line 3157
 []


Overfull \vbox (73.02965pt too high) detected at line 3157
 []


Overfull \vbox (74.02965pt too high) detected at line 3157
 []


Overfull \vbox (75.02965pt too high) detected at line 3157
 []


Overfull \vbox (76.02965pt too high) detected at line 3157
 []


Overfull \vbox (77.02965pt too high) detected at line 3157
 []


Overfull \vbox (78.02965pt too high) detected at line 3157
 []


Overfull \vbox (79.02965pt too high) detected at line 3157
 []


Overfull \vbox (80.02965pt too high) detected at line 3157
 []


Overfull \vbox (81.02965pt too high) detected at line 3157
 []


Overfull \vbox (82.02965pt too high) detected at line 3157
 []


Overfull \vbox (83.02965pt too high) detected at line 3157
 []


Overfull \vbox (84.02965pt too high) detected at line 3157
 []


Overfull \vbox (85.02965pt too high) detected at line 3157
 []


Overfull \vbox (86.02965pt too high) detected at line 3157
 []


Overfull \vbox (87.02965pt too high) detected at line 3157
 []


Overfull \vbox (88.02965pt too high) detected at line 3157
 []


Overfull \vbox (89.02965pt too high) detected at line 3157
 []


Overfull \vbox (90.02965pt too high) detected at line 3157
 []


Overfull \vbox (91.02965pt too high) detected at line 3157
 []


Overfull \vbox (92.02965pt too high) detected at line 3157
 []


Overfull \vbox (93.02965pt too high) detected at line 3157
 []


Overfull \vbox (94.02965pt too high) detected at line 3157
 []


Overfull \vbox (95.02965pt too high) detected at line 3157
 []


Overfull \vbox (96.02965pt too high) detected at line 3157
 []


Overfull \vbox (97.02965pt too high) detected at line 3157
 []


Overfull \vbox (98.02965pt too high) detected at line 3157
 []


Overfull \vbox (99.02965pt too high) detected at line 3157
 []


Overfull \vbox (100.02965pt too high) detected at line 3157
 []


Overfull \vbox (101.02965pt too high) detected at line 3157
 []


Overfull \vbox (102.02965pt too high) detected at line 3157
 []


Overfull \vbox (103.02965pt too high) detected at line 3157
 []


Overfull \vbox (104.02965pt too high) detected at line 3157
 []


Overfull \vbox (105.02965pt too high) detected at line 3157
 []


Overfull \vbox (106.02965pt too high) detected at line 3157
 []


Overfull \vbox (107.02965pt too high) detected at line 3157
 []


Overfull \vbox (108.02965pt too high) detected at line 3157
 []


Overfull \vbox (109.02965pt too high) detected at line 3157
 []


Overfull \vbox (110.02965pt too high) detected at line 3157
 []


Overfull \vbox (111.02965pt too high) detected at line 3157
 []


Overfull \vbox (112.02965pt too high) detected at line 3157
 []


Overfull \vbox (113.02965pt too high) detected at line 3157
 []


Overfull \vbox (114.02965pt too high) detected at line 3157
 []


Overfull \vbox (115.02965pt too high) detected at line 3157
 []


Overfull \vbox (116.02965pt too high) detected at line 3157
 []


Overfull \vbox (117.02965pt too high) detected at line 3157
 []


Overfull \vbox (118.02965pt too high) detected at line 3157
 []


Overfull \vbox (119.02965pt too high) detected at line 3157
 []


Overfull \vbox (120.02965pt too high) detected at line 3157
 []


Overfull \vbox (121.02965pt too high) detected at line 3157
 []


Overfull \vbox (122.02965pt too high) detected at line 3157
 []


Overfull \vbox (123.02965pt too high) detected at line 3157
 []


Overfull \vbox (124.02965pt too high) detected at line 3157
 []


Overfull \vbox (125.02965pt too high) detected at line 3157
 []


Overfull \vbox (126.02965pt too high) detected at line 3157
 []


Overfull \vbox (127.02965pt too high) detected at line 3157
 []


Overfull \vbox (128.02965pt too high) detected at line 3157
 []


Overfull \vbox (129.02965pt too high) detected at line 3157
 []


Overfull \vbox (130.02965pt too high) detected at line 3157
 []


Overfull \vbox (131.02965pt too high) detected at line 3157
 []


Overfull \vbox (132.02965pt too high) detected at line 3157
 []


Overfull \vbox (133.02965pt too high) detected at line 3157
 []


Overfull \vbox (134.02965pt too high) detected at line 3157
 []


Overfull \vbox (135.02965pt too high) detected at line 3157
 []


Overfull \vbox (136.02965pt too high) detected at line 3157
 []


Overfull \vbox (137.02965pt too high) detected at line 3157
 []


Package mdframed Warning: correct box splittet fails
 It seems you are using a non splittable contents
(mdframed)                 on input line 3157.

Package mdframed Info: You first box width is to small
 mdframed fixed it
(mdframed)              on input line 3157.
[95] [96]
File: images/01910e72-c5b7-7ed5-a6d4-fb3a5faefc32_93_572899.jpg Graphic file (t
ype bmp)
<images/01910e72-c5b7-7ed5-a6d4-fb3a5faefc32_93_572899.jpg>
File: images/01910e72-c5b7-7ed5-a6d4-fb3a5faefc32_93_846125.jpg Graphic file (t
ype bmp)
<images/01910e72-c5b7-7ed5-a6d4-fb3a5faefc32_93_846125.jpg>
File: images/01910e72-c5b7-7ed5-a6d4-fb3a5faefc32_93_437131.jpg Graphic file (t
ype bmp)
<images/01910e72-c5b7-7ed5-a6d4-fb3a5faefc32_93_437131.jpg>
File: images/01910e72-c5b7-7ed5-a6d4-fb3a5faefc32_93_957480.jpg Graphic file (t
ype bmp)
<images/01910e72-c5b7-7ed5-a6d4-fb3a5faefc32_93_957480.jpg>
 [97]
File: images/01910e72-c5b7-7ed5-a6d4-fb3a5faefc32_93_418919.jpg Graphic file (t
ype bmp)
<images/01910e72-c5b7-7ed5-a6d4-fb3a5faefc32_93_418919.jpg>
File: images/01910e72-c5b7-7ed5-a6d4-fb3a5faefc32_94_390650.jpg Graphic file (t
ype bmp)
<images/01910e72-c5b7-7ed5-a6d4-fb3a5faefc32_94_390650.jpg>
File: images/01910e72-c5b7-7ed5-a6d4-fb3a5faefc32_94_170118.jpg Graphic file (t
ype bmp)
<images/01910e72-c5b7-7ed5-a6d4-fb3a5faefc32_94_170118.jpg>
 [98]
File: images/01910e72-c5b7-7ed5-a6d4-fb3a5faefc32_96_909518.jpg Graphic file (t
ype bmp)
<images/01910e72-c5b7-7ed5-a6d4-fb3a5faefc32_96_909518.jpg>
File: images/01910e72-c5b7-7ed5-a6d4-fb3a5faefc32_96_725576.jpg Graphic file (t
ype bmp)
<images/01910e72-c5b7-7ed5-a6d4-fb3a5faefc32_96_725576.jpg>
 [99]

Package hyperref Warning: Ignoring empty anchor on input line 3289.

Missing character: There is no ① (U+2460) in font [lmroman8-regular]:mapping=te
x-text;!
File: images/01910e72-c5b7-7ed5-a6d4-fb3a5faefc32_97_148008.jpg Graphic file (t
ype bmp)
<images/01910e72-c5b7-7ed5-a6d4-fb3a5faefc32_97_148008.jpg>
File: images/01910e72-c5b7-7ed5-a6d4-fb3a5faefc32_97_324464.jpg Graphic file (t
ype bmp)
<images/01910e72-c5b7-7ed5-a6d4-fb3a5faefc32_97_324464.jpg>
File: images/01910e72-c5b7-7ed5-a6d4-fb3a5faefc32_97_793484.jpg Graphic file (t
ype bmp)
<images/01910e72-c5b7-7ed5-a6d4-fb3a5faefc32_97_793484.jpg>
[100] [101]
File: images/01910e72-c5b7-7ed5-a6d4-fb3a5faefc32_98_799446.jpg Graphic file (t
ype bmp)
<images/01910e72-c5b7-7ed5-a6d4-fb3a5faefc32_98_799446.jpg>
File: images/01910e72-c5b7-7ed5-a6d4-fb3a5faefc32_98_926597.jpg Graphic file (t
ype bmp)
<images/01910e72-c5b7-7ed5-a6d4-fb3a5faefc32_98_926597.jpg>
File: images/01910e72-c5b7-7ed5-a6d4-fb3a5faefc32_99_600368.jpg Graphic file (t
ype bmp)
<images/01910e72-c5b7-7ed5-a6d4-fb3a5faefc32_99_600368.jpg>
 [102]
File: images/01910e72-c5b7-7ed5-a6d4-fb3a5faefc32_99_319859.jpg Graphic file (t
ype bmp)
<images/01910e72-c5b7-7ed5-a6d4-fb3a5faefc32_99_319859.jpg>
 [103]
File: images/01910e72-c5b7-7ed5-a6d4-fb3a5faefc32_100_239042.jpg Graphic file (
type bmp)
<images/01910e72-c5b7-7ed5-a6d4-fb3a5faefc32_100_239042.jpg>
File: images/01910e72-c5b7-7ed5-a6d4-fb3a5faefc32_101_459599.jpg Graphic file (
type bmp)
<images/01910e72-c5b7-7ed5-a6d4-fb3a5faefc32_101_459599.jpg>
File: images/01910e72-c5b7-7ed5-a6d4-fb3a5faefc32_101_520849.jpg Graphic file (
type bmp)
<images/01910e72-c5b7-7ed5-a6d4-fb3a5faefc32_101_520849.jpg>
 [104]
File: images/01910e72-c5b7-7ed5-a6d4-fb3a5faefc32_101_716859.jpg Graphic file (
type bmp)
<images/01910e72-c5b7-7ed5-a6d4-fb3a5faefc32_101_716859.jpg>
 [105]
File: images/01910e72-c5b7-7ed5-a6d4-fb3a5faefc32_102_768342.jpg Graphic file (
type bmp)
<images/01910e72-c5b7-7ed5-a6d4-fb3a5faefc32_102_768342.jpg>
File: images/01910e72-c5b7-7ed5-a6d4-fb3a5faefc32_102_275743.jpg Graphic file (
type bmp)
<images/01910e72-c5b7-7ed5-a6d4-fb3a5faefc32_102_275743.jpg>
File: images/01910e72-c5b7-7ed5-a6d4-fb3a5faefc32_102_150909.jpg Graphic file (
type bmp)
<images/01910e72-c5b7-7ed5-a6d4-fb3a5faefc32_102_150909.jpg>
 [106]
File: images/01910e72-c5b7-7ed5-a6d4-fb3a5faefc32_103_574268.jpg Graphic file (
type bmp)
<images/01910e72-c5b7-7ed5-a6d4-fb3a5faefc32_103_574268.jpg>
File: images/01910e72-c5b7-7ed5-a6d4-fb3a5faefc32_103_382701.jpg Graphic file (
type bmp)
<images/01910e72-c5b7-7ed5-a6d4-fb3a5faefc32_103_382701.jpg>
 [107]
File: images/01910e72-c5b7-7ed5-a6d4-fb3a5faefc32_104_595914.jpg Graphic file (
type bmp)
<images/01910e72-c5b7-7ed5-a6d4-fb3a5faefc32_104_595914.jpg>
 [108]
File: images/01910e72-c5b7-7ed5-a6d4-fb3a5faefc32_104_283429.jpg Graphic file (
type bmp)
<images/01910e72-c5b7-7ed5-a6d4-fb3a5faefc32_104_283429.jpg>
File: images/01910e72-c5b7-7ed5-a6d4-fb3a5faefc32_105_251035.jpg Graphic file (
type bmp)
<images/01910e72-c5b7-7ed5-a6d4-fb3a5faefc32_105_251035.jpg>
File: images/01910e72-c5b7-7ed5-a6d4-fb3a5faefc32_105_564769.jpg Graphic file (
type bmp)
<images/01910e72-c5b7-7ed5-a6d4-fb3a5faefc32_105_564769.jpg>
File: images/01910e72-c5b7-7ed5-a6d4-fb3a5faefc32_105_915956.jpg Graphic file (
type bmp)
<images/01910e72-c5b7-7ed5-a6d4-fb3a5faefc32_105_915956.jpg>
 [109]

Package hyperref Warning: Ignoring empty anchor on input line 3547.

Missing character: There is no ① (U+2460) in font [lmroman8-regular]:mapping=te
x-text;!
File: images/01910e72-c5b7-7ed5-a6d4-fb3a5faefc32_106_662084.jpg Graphic file (
type bmp)
<images/01910e72-c5b7-7ed5-a6d4-fb3a5faefc32_106_662084.jpg>
File: images/01910e72-c5b7-7ed5-a6d4-fb3a5faefc32_106_247902.jpg Graphic file (
type bmp)
<images/01910e72-c5b7-7ed5-a6d4-fb3a5faefc32_106_247902.jpg>
[110]
File: images/01910e72-c5b7-7ed5-a6d4-fb3a5faefc32_106_183265.jpg Graphic file (
type bmp)
<images/01910e72-c5b7-7ed5-a6d4-fb3a5faefc32_106_183265.jpg>
File: images/01910e72-c5b7-7ed5-a6d4-fb3a5faefc32_107_325407.jpg Graphic file (
type bmp)
<images/01910e72-c5b7-7ed5-a6d4-fb3a5faefc32_107_325407.jpg>
 [111]
File: images/01910e72-c5b7-7ed5-a6d4-fb3a5faefc32_107_822489.jpg Graphic file (
type bmp)
<images/01910e72-c5b7-7ed5-a6d4-fb3a5faefc32_107_822489.jpg>
File: images/01910e72-c5b7-7ed5-a6d4-fb3a5faefc32_107_254773.jpg Graphic file (
type bmp)
<images/01910e72-c5b7-7ed5-a6d4-fb3a5faefc32_107_254773.jpg>
 [112]
File: images/01910e72-c5b7-7ed5-a6d4-fb3a5faefc32_108_376185.jpg Graphic file (
type bmp)
<images/01910e72-c5b7-7ed5-a6d4-fb3a5faefc32_108_376185.jpg>
File: images/01910e72-c5b7-7ed5-a6d4-fb3a5faefc32_108_927613.jpg Graphic file (
type bmp)
<images/01910e72-c5b7-7ed5-a6d4-fb3a5faefc32_108_927613.jpg>
 [113]
File: images/01910e72-c5b7-7ed5-a6d4-fb3a5faefc32_108_798071.jpg Graphic file (
type bmp)
<images/01910e72-c5b7-7ed5-a6d4-fb3a5faefc32_108_798071.jpg>
 [114]
File: images/01910e72-c5b7-7ed5-a6d4-fb3a5faefc32_110_764617.jpg Graphic file (
type bmp)
<images/01910e72-c5b7-7ed5-a6d4-fb3a5faefc32_110_764617.jpg>
 [115]
File: images/01910e72-c5b7-7ed5-a6d4-fb3a5faefc32_110_534114.jpg Graphic file (
type bmp)
<images/01910e72-c5b7-7ed5-a6d4-fb3a5faefc32_110_534114.jpg>
 [116]
File: images/01910e72-c5b7-7ed5-a6d4-fb3a5faefc32_112_756311.jpg Graphic file (
type bmp)
<images/01910e72-c5b7-7ed5-a6d4-fb3a5faefc32_112_756311.jpg>
File: images/01910e72-c5b7-7ed5-a6d4-fb3a5faefc32_112_234042.jpg Graphic file (
type bmp)
<images/01910e72-c5b7-7ed5-a6d4-fb3a5faefc32_112_234042.jpg>
 [117]
File: images/01910e72-c5b7-7ed5-a6d4-fb3a5faefc32_112_700881.jpg Graphic file (
type bmp)
<images/01910e72-c5b7-7ed5-a6d4-fb3a5faefc32_112_700881.jpg>
File: images/01910e72-c5b7-7ed5-a6d4-fb3a5faefc32_113_639857.jpg Graphic file (
type bmp)
<images/01910e72-c5b7-7ed5-a6d4-fb3a5faefc32_113_639857.jpg>
 [118]
File: images/01910e72-c5b7-7ed5-a6d4-fb3a5faefc32_113_985275.jpg Graphic file (
type bmp)
<images/01910e72-c5b7-7ed5-a6d4-fb3a5faefc32_113_985275.jpg>

Missing character: There is no 溫 (U+6EAB) in font [FandolSong-Regular.otf]/OT:l
anguage=dflt;!
[119]
File: images/01910e72-c5b7-7ed5-a6d4-fb3a5faefc32_114_959940.jpg Graphic file (
type bmp)
<images/01910e72-c5b7-7ed5-a6d4-fb3a5faefc32_114_959940.jpg>
File: images/01910e72-c5b7-7ed5-a6d4-fb3a5faefc32_114_598437.jpg Graphic file (
type bmp)
<images/01910e72-c5b7-7ed5-a6d4-fb3a5faefc32_114_598437.jpg>
File: images/01910e72-c5b7-7ed5-a6d4-fb3a5faefc32_115_980834.jpg Graphic file (
type bmp)
<images/01910e72-c5b7-7ed5-a6d4-fb3a5faefc32_115_980834.jpg>
 [120]
File: images/01910e72-c5b7-7ed5-a6d4-fb3a5faefc32_115_807500.jpg Graphic file (
type bmp)
<images/01910e72-c5b7-7ed5-a6d4-fb3a5faefc32_115_807500.jpg>
File: images/01910e72-c5b7-7ed5-a6d4-fb3a5faefc32_116_581020.jpg Graphic file (
type bmp)
<images/01910e72-c5b7-7ed5-a6d4-fb3a5faefc32_116_581020.jpg>
 [121]
File: images/01910e72-c5b7-7ed5-a6d4-fb3a5faefc32_116_883443.jpg Graphic file (
type bmp)
<images/01910e72-c5b7-7ed5-a6d4-fb3a5faefc32_116_883443.jpg>
 [122]
File: images/01910e72-c5b7-7ed5-a6d4-fb3a5faefc32_117_812768.jpg Graphic file (
type bmp)
<images/01910e72-c5b7-7ed5-a6d4-fb3a5faefc32_117_812768.jpg>
 [123]
File: images/01910e72-c5b7-7ed5-a6d4-fb3a5faefc32_118_274834.jpg Graphic file (
type bmp)
<images/01910e72-c5b7-7ed5-a6d4-fb3a5faefc32_118_274834.jpg>
File: images/01910e72-c5b7-7ed5-a6d4-fb3a5faefc32_119_417033.jpg Graphic file (
type bmp)
<images/01910e72-c5b7-7ed5-a6d4-fb3a5faefc32_119_417033.jpg>
 [124]
File: images/01910e72-c5b7-7ed5-a6d4-fb3a5faefc32_122_912947.jpg Graphic file (
type bmp)
<images/01910e72-c5b7-7ed5-a6d4-fb3a5faefc32_122_912947.jpg>
 [125] [126]
(./01910e72-c5b7-7ed5-a6d4-fb3a5faefc32_tex.aux)
 ***********
LaTeX2e <2023-11-01> patch level 1
L3 programming layer <2022/08/05>
 ***********
Package rerunfilecheck Info: File `01910e72-c5b7-7ed5-a6d4-fb3a5faefc32_tex.out
' has not changed.
(rerunfilecheck)             Checksum: D41D8CD98F00B204E9800998ECF8427E;0.
 ) 
Here is how much of TeX's memory you used:
 18751 strings out of 474773
 498221 string characters out of 5757724
 1947839 words of memory out of 5000000
 40398 multiletter control sequences out of 15000+600000
 570083 words of font info for 95 fonts, out of 8000000 for 9000
 1348 hyphenation exceptions out of 8191
 79i,9n,93p,518b,470s stack positions out of 10000i,1000n,20000p,200000b,200000s

Output written on 01910e72-c5b7-7ed5-a6d4-fb3a5faefc32_tex.pdf (126 pages).
