This is XeTeX, Version 3.141592653-2.6-0.999996 (TeX Live 2024) (preloaded format=xelatex 2024.6.29)  1 AUG 2024 22:18
entering extended mode
 restricted \write18 enabled.
 %&-line parsing enabled.
**01910e4c-ebb8-7d2c-8f2f-2375bc1d2d12_tex.tex
(./01910e4c-ebb8-7d2c-8f2f-2375bc1d2d12_tex.tex
LaTeX2e <2023-11-01> patch level 1
L3 programming layer <2024-02-20>
(/usr/local/texlive/2024/texmf-dist/tex/latex/base/article.cls
Document Class: article 2023/05/17 v1.4n Standard LaTeX document class
(/usr/local/texlive/2024/texmf-dist/tex/latex/base/size10.clo
File: size10.clo 2023/05/17 v1.4n Standard LaTeX file (size option)
)
\c@part=\count184
\c@section=\count185
\c@subsection=\count186
\c@subsubsection=\count187
\c@paragraph=\count188
\c@subparagraph=\count189
\c@figure=\count190
\c@table=\count191
\abovecaptionskip=\skip48
\belowcaptionskip=\skip49
\bibindent=\dimen140
)
(/usr/local/texlive/2024/texmf-dist/tex/latex/base/inputenc.sty
Package: inputenc 2021/02/14 v1.3d Input encoding file
\inpenc@prehook=\toks17
\inpenc@posthook=\toks18


Package inputenc Warning: inputenc package ignored with utf8 based engines.

) (/usr/local/texlive/2024/texmf-dist/tex/latex/base/fontenc.sty
Package: fontenc 2021/04/29 v2.0v Standard LaTeX package
LaTeX Font Info:    Trying to load font information for T1+lmr on input line 11
2.

(/usr/local/texlive/2024/texmf-dist/tex/latex/lm/t1lmr.fd
File: t1lmr.fd 2015/05/01 v1.6.1 Font defs for Latin Modern
))
(/usr/local/texlive/2024/texmf-dist/tex/latex/amsmath/amsmath.sty
Package: amsmath 2023/05/13 v2.17o AMS math features
\@mathmargin=\skip50

For additional information on amsmath, use the `?' option.
(/usr/local/texlive/2024/texmf-dist/tex/latex/amsmath/amstext.sty
Package: amstext 2021/08/26 v2.01 AMS text

(/usr/local/texlive/2024/texmf-dist/tex/latex/amsmath/amsgen.sty
File: amsgen.sty 1999/11/30 v2.0 generic functions
\@emptytoks=\toks19
\ex@=\dimen141
))
(/usr/local/texlive/2024/texmf-dist/tex/latex/amsmath/amsbsy.sty
Package: amsbsy 1999/11/29 v1.2d Bold Symbols
\pmbraise@=\dimen142
)
(/usr/local/texlive/2024/texmf-dist/tex/latex/amsmath/amsopn.sty
Package: amsopn 2022/04/08 v2.04 operator names
)
\inf@bad=\count192
LaTeX Info: Redefining \frac on input line 234.
\uproot@=\count193
\leftroot@=\count194
LaTeX Info: Redefining \overline on input line 399.
LaTeX Info: Redefining \colon on input line 410.
\classnum@=\count195
\DOTSCASE@=\count196
LaTeX Info: Redefining \ldots on input line 496.
LaTeX Info: Redefining \dots on input line 499.
LaTeX Info: Redefining \cdots on input line 620.
\Mathstrutbox@=\box51
\strutbox@=\box52
LaTeX Info: Redefining \big on input line 722.
LaTeX Info: Redefining \Big on input line 723.
LaTeX Info: Redefining \bigg on input line 724.
LaTeX Info: Redefining \Bigg on input line 725.
\big@size=\dimen143
LaTeX Font Info:    Redeclaring font encoding OML on input line 743.
LaTeX Font Info:    Redeclaring font encoding OMS on input line 744.
\macc@depth=\count197
LaTeX Info: Redefining \bmod on input line 905.
LaTeX Info: Redefining \pmod on input line 910.
LaTeX Info: Redefining \smash on input line 940.
LaTeX Info: Redefining \relbar on input line 970.
LaTeX Info: Redefining \Relbar on input line 971.
\c@MaxMatrixCols=\count198
\dotsspace@=\muskip16
\c@parentequation=\count199
\dspbrk@lvl=\count266
\tag@help=\toks20
\row@=\count267
\column@=\count268
\maxfields@=\count269
\andhelp@=\toks21
\eqnshift@=\dimen144
\alignsep@=\dimen145
\tagshift@=\dimen146
\tagwidth@=\dimen147
\totwidth@=\dimen148
\lineht@=\dimen149
\@envbody=\toks22
\multlinegap=\skip51
\multlinetaggap=\skip52
\mathdisplay@stack=\toks23
LaTeX Info: Redefining \[ on input line 2953.
LaTeX Info: Redefining \] on input line 2954.
)
(/usr/local/texlive/2024/texmf-dist/tex/latex/amsfonts/amsfonts.sty
Package: amsfonts 2013/01/14 v3.01 Basic AMSFonts support
\symAMSa=\mathgroup4
\symAMSb=\mathgroup5
LaTeX Font Info:    Redeclaring math symbol \hbar on input line 98.
LaTeX Font Info:    Overwriting math alphabet `\mathfrak' in version `bold'
(Font)                  U/euf/m/n --> U/euf/b/n on input line 106.
)
(/usr/local/texlive/2024/texmf-dist/tex/latex/amsfonts/amssymb.sty
Package: amssymb 2013/01/14 v3.01 AMS font symbols
)
(/usr/local/texlive/2024/texmf-dist/tex/latex/stmaryrd/stmaryrd.sty
Package: stmaryrd 1994/03/03 St Mary's Road symbol package
\symstmry=\mathgroup6
LaTeX Font Info:    Overwriting symbol font `stmry' in version `bold'
(Font)                  U/stmry/m/n --> U/stmry/b/n on input line 89.
)
(/usr/local/texlive/2024/texmf-dist/tex/latex/hyperref/hyperref.sty
Package: hyperref 2024-01-20 v7.01h Hypertext links for LaTeX

(/usr/local/texlive/2024/texmf-dist/tex/generic/iftex/iftex.sty
Package: iftex 2022/02/03 v1.0f TeX engine tests
)
(/usr/local/texlive/2024/texmf-dist/tex/latex/graphics/keyval.sty
Package: keyval 2022/05/29 v1.15 key=value parser (DPC)
\KV@toks@=\toks24
)
(/usr/local/texlive/2024/texmf-dist/tex/latex/kvsetkeys/kvsetkeys.sty
Package: kvsetkeys 2022-10-05 v1.19 Key value parser (HO)
)
(/usr/local/texlive/2024/texmf-dist/tex/generic/kvdefinekeys/kvdefinekeys.sty
Package: kvdefinekeys 2019-12-19 v1.6 Define keys (HO)
)
(/usr/local/texlive/2024/texmf-dist/tex/generic/pdfescape/pdfescape.sty
Package: pdfescape 2019/12/09 v1.15 Implements pdfTeX's escape features (HO)

(/usr/local/texlive/2024/texmf-dist/tex/generic/ltxcmds/ltxcmds.sty
Package: ltxcmds 2023-12-04 v1.26 LaTeX kernel commands for general use (HO)
)
(/usr/local/texlive/2024/texmf-dist/tex/generic/pdftexcmds/pdftexcmds.sty
Package: pdftexcmds 2020-06-27 v0.33 Utility functions of pdfTeX for LuaTeX (HO
)

(/usr/local/texlive/2024/texmf-dist/tex/generic/infwarerr/infwarerr.sty
Package: infwarerr 2019/12/03 v1.5 Providing info/warning/error messages (HO)
)
Package pdftexcmds Info: \pdf@primitive is available.
Package pdftexcmds Info: \pdf@ifprimitive is available.
Package pdftexcmds Info: \pdfdraftmode not found.
))
(/usr/local/texlive/2024/texmf-dist/tex/latex/hycolor/hycolor.sty
Package: hycolor 2020-01-27 v1.10 Color options for hyperref/bookmark (HO)
)
(/usr/local/texlive/2024/texmf-dist/tex/latex/auxhook/auxhook.sty
Package: auxhook 2019-12-17 v1.6 Hooks for auxiliary files (HO)
)
(/usr/local/texlive/2024/texmf-dist/tex/latex/hyperref/nameref.sty
Package: nameref 2023-11-26 v2.56 Cross-referencing by name of section

(/usr/local/texlive/2024/texmf-dist/tex/latex/refcount/refcount.sty
Package: refcount 2019/12/15 v3.6 Data extraction from label references (HO)
)
(/usr/local/texlive/2024/texmf-dist/tex/generic/gettitlestring/gettitlestring.s
ty
Package: gettitlestring 2019/12/15 v1.6 Cleanup title references (HO)
 (/usr/local/texlive/2024/texmf-dist/tex/latex/kvoptions/kvoptions.sty
Package: kvoptions 2022-06-15 v3.15 Key value format for package options (HO)
))
\c@section@level=\count270
)
(/usr/local/texlive/2024/texmf-dist/tex/latex/etoolbox/etoolbox.sty
Package: etoolbox 2020/10/05 v2.5k e-TeX tools for LaTeX (JAW)
\etb@tempcnta=\count271
)
\@linkdim=\dimen150
\Hy@linkcounter=\count272
\Hy@pagecounter=\count273

(/usr/local/texlive/2024/texmf-dist/tex/latex/hyperref/pd1enc.def
File: pd1enc.def 2024-01-20 v7.01h Hyperref: PDFDocEncoding definition (HO)
)
(/usr/local/texlive/2024/texmf-dist/tex/generic/intcalc/intcalc.sty
Package: intcalc 2019/12/15 v1.3 Expandable calculations with integers (HO)
)
\Hy@SavedSpaceFactor=\count274

(/usr/local/texlive/2024/texmf-dist/tex/latex/hyperref/puenc.def
File: puenc.def 2024-01-20 v7.01h Hyperref: PDF Unicode definition (HO)
)
Package hyperref Info: Hyper figures OFF on input line 4179.
Package hyperref Info: Link nesting OFF on input line 4184.
Package hyperref Info: Hyper index ON on input line 4187.
Package hyperref Info: Plain pages OFF on input line 4194.
Package hyperref Info: Backreferencing OFF on input line 4199.
Package hyperref Info: Implicit mode ON; LaTeX internals redefined.
Package hyperref Info: Bookmarks ON on input line 4446.
\c@Hy@tempcnt=\count275

(/usr/local/texlive/2024/texmf-dist/tex/latex/url/url.sty
\Urlmuskip=\muskip17
Package: url 2013/09/16  ver 3.4  Verb mode for urls, etc.
)
LaTeX Info: Redefining \url on input line 4784.
\XeTeXLinkMargin=\dimen151

(/usr/local/texlive/2024/texmf-dist/tex/generic/bitset/bitset.sty
Package: bitset 2019/12/09 v1.3 Handle bit-vector datatype (HO)

(/usr/local/texlive/2024/texmf-dist/tex/generic/bigintcalc/bigintcalc.sty
Package: bigintcalc 2019/12/15 v1.5 Expandable calculations on big integers (HO
)
))
\Fld@menulength=\count276
\Field@Width=\dimen152
\Fld@charsize=\dimen153
Package hyperref Info: Hyper figures OFF on input line 6063.
Package hyperref Info: Link nesting OFF on input line 6068.
Package hyperref Info: Hyper index ON on input line 6071.
Package hyperref Info: backreferencing OFF on input line 6078.
Package hyperref Info: Link coloring OFF on input line 6083.
Package hyperref Info: Link coloring with OCG OFF on input line 6088.
Package hyperref Info: PDF/A mode OFF on input line 6093.

(/usr/local/texlive/2024/texmf-dist/tex/latex/base/atbegshi-ltx.sty
Package: atbegshi-ltx 2021/01/10 v1.0c Emulation of the original atbegshi
package with kernel methods
)
\Hy@abspage=\count277
\c@Item=\count278
\c@Hfootnote=\count279
)
Package hyperref Info: Driver (autodetected): hxetex.

(/usr/local/texlive/2024/texmf-dist/tex/latex/hyperref/hxetex.def
File: hxetex.def 2024-01-20 v7.01h Hyperref driver for XeTeX

(/usr/local/texlive/2024/texmf-dist/tex/generic/stringenc/stringenc.sty
Package: stringenc 2019/11/29 v1.12 Convert strings between diff. encodings (HO
)
)
\pdfm@box=\box53
\c@Hy@AnnotLevel=\count280
\HyField@AnnotCount=\count281
\Fld@listcount=\count282
\c@bookmark@seq@number=\count283

(/usr/local/texlive/2024/texmf-dist/tex/latex/rerunfilecheck/rerunfilecheck.sty
Package: rerunfilecheck 2022-07-10 v1.10 Rerun checks for auxiliary files (HO)
(/usr/local/texlive/2024/texmf-dist/tex/latex/base/atveryend-ltx.sty
Package: atveryend-ltx 2020/08/19 v1.0a Emulation of the original atveryend pac
kage
with kernel methods
)
(/usr/local/texlive/2024/texmf-dist/tex/generic/uniquecounter/uniquecounter.sty
Package: uniquecounter 2019/12/15 v1.4 Provide unlimited unique counter (HO)
)
Package uniquecounter Info: New unique counter `rerunfilecheck' on input line 2
85.
)
\Hy@SectionHShift=\skip53
)
Package hyperref Info: Option `colorlinks' set `true' on input line 9.
 (/usr/local/texlive/2024/texmf-dist/tex/latex/graphics/graphicx.sty
Package: graphicx 2021/09/16 v1.2d Enhanced LaTeX Graphics (DPC,SPQR)

(/usr/local/texlive/2024/texmf-dist/tex/latex/graphics/graphics.sty
Package: graphics 2022/03/10 v1.4e Standard LaTeX Graphics (DPC,SPQR)

(/usr/local/texlive/2024/texmf-dist/tex/latex/graphics/trig.sty
Package: trig 2021/08/11 v1.11 sin cos tan (DPC)
)
(/usr/local/texlive/2024/texmf-dist/tex/latex/graphics-cfg/graphics.cfg
File: graphics.cfg 2016/06/04 v1.11 sample graphics configuration
)
Package graphics Info: Driver file: xetex.def on input line 107.

(/usr/local/texlive/2024/texmf-dist/tex/latex/graphics-def/xetex.def
File: xetex.def 2022/09/22 v5.0n Graphics/color driver for xetex
))
\Gin@req@height=\dimen154
\Gin@req@width=\dimen155
)
(/usr/local/texlive/2024/texmf-dist/tex/latex/adjustbox/adjustbox.sty
Package: adjustbox 2022/10/17 v1.3a Adjusting TeX boxes (trim, clip, ...)

(/usr/local/texlive/2024/texmf-dist/tex/latex/xkeyval/xkeyval.sty
Package: xkeyval 2022/06/16 v2.9 package option processing (HA)

(/usr/local/texlive/2024/texmf-dist/tex/generic/xkeyval/xkeyval.tex
(/usr/local/texlive/2024/texmf-dist/tex/generic/xkeyval/xkvutils.tex
\XKV@toks=\toks25
\XKV@tempa@toks=\toks26
)
\XKV@depth=\count284
File: xkeyval.tex 2014/12/03 v2.7a key=value parser (HA)
))
(/usr/local/texlive/2024/texmf-dist/tex/latex/adjustbox/adjcalc.sty
Package: adjcalc 2012/05/16 v1.1 Provides advanced setlength with multiple back
-ends (calc, etex, pgfmath)
)
(/usr/local/texlive/2024/texmf-dist/tex/latex/adjustbox/trimclip.sty
Package: trimclip 2020/08/19 v1.2 Trim and clip general TeX material

(/usr/local/texlive/2024/texmf-dist/tex/latex/collectbox/collectbox.sty
Package: collectbox 2022/10/17 v0.4c Collect macro arguments as boxes
\collectedbox=\box54
)
\tc@llx=\dimen156
\tc@lly=\dimen157
\tc@urx=\dimen158
\tc@ury=\dimen159
Package trimclip Info: Using driver 'tc-xetex.def'.

(/usr/local/texlive/2024/texmf-dist/tex/latex/adjustbox/tc-xetex.def
File: tc-xetex.def 2019/01/04 v2.2 Clipping driver for xetex
))
\adjbox@Width=\dimen160
\adjbox@Height=\dimen161
\adjbox@Depth=\dimen162
\adjbox@Totalheight=\dimen163
\adjbox@pwidth=\dimen164
\adjbox@pheight=\dimen165
\adjbox@pdepth=\dimen166
\adjbox@ptotalheight=\dimen167

(/usr/local/texlive/2024/texmf-dist/tex/latex/ifoddpage/ifoddpage.sty
Package: ifoddpage 2022/10/18 v1.2 Conditionals for odd/even page detection
\c@checkoddpage=\count285
)
(/usr/local/texlive/2024/texmf-dist/tex/latex/varwidth/varwidth.sty
Package: varwidth 2009/03/30 ver 0.92;  Variable-width minipages
\@vwid@box=\box55
\sift@deathcycles=\count286
\@vwid@loff=\dimen168
\@vwid@roff=\dimen169
))
(/usr/local/texlive/2024/texmf-dist/tex/latex/mdframed/mdframed.sty
Package: mdframed 2013/07/01 1.9b: mdframed

(/usr/local/texlive/2024/texmf-dist/tex/latex/l3packages/xparse/xparse.sty
(/usr/local/texlive/2024/texmf-dist/tex/latex/l3kernel/expl3.sty
Package: expl3 2024-02-20 L3 programming layer (loader) 

(/usr/local/texlive/2024/texmf-dist/tex/latex/l3backend/l3backend-xetex.def
File: l3backend-xetex.def 2024-02-20 L3 backend support: XeTeX
\g__graphics_track_int=\count287
\l__pdf_internal_box=\box56
\g__pdf_backend_object_int=\count288
\g__pdf_backend_annotation_int=\count289
\g__pdf_backend_link_int=\count290
))
Package: xparse 2024-02-18 L3 Experimental document command parser
)
(/usr/local/texlive/2024/texmf-dist/tex/latex/zref/zref-abspage.sty
Package: zref-abspage 2023-09-14 v2.35 Module abspage for zref (HO)

(/usr/local/texlive/2024/texmf-dist/tex/latex/zref/zref-base.sty
Package: zref-base 2023-09-14 v2.35 Module base for zref (HO)

(/usr/local/texlive/2024/texmf-dist/tex/generic/etexcmds/etexcmds.sty
Package: etexcmds 2019/12/15 v1.7 Avoid name clashes with e-TeX commands (HO)
)
Package zref Info: New property list: main on input line 767.
Package zref Info: New property: default on input line 768.
Package zref Info: New property: page on input line 769.
)
\c@abspage=\count291
Package zref Info: New property: abspage on input line 67.
)
(/usr/local/texlive/2024/texmf-dist/tex/latex/needspace/needspace.sty
Package: needspace 2010/09/12 v1.3d reserve vertical space
)
(/usr/local/texlive/2024/texmf-dist/tex/latex/graphics/color.sty
Package: color 2022/01/06 v1.3d Standard LaTeX Color (DPC)

(/usr/local/texlive/2024/texmf-dist/tex/latex/graphics-cfg/color.cfg
File: color.cfg 2016/01/02 v1.6 sample color configuration
)
Package color Info: Driver file: xetex.def on input line 149.

(/usr/local/texlive/2024/texmf-dist/tex/latex/graphics/mathcolor.ltx))
\mdf@templength=\skip54
\c@mdf@globalstyle@cnt=\count292
\mdf@skipabove@length=\skip55
\mdf@skipbelow@length=\skip56
\mdf@leftmargin@length=\skip57
\mdf@rightmargin@length=\skip58
\mdf@innerleftmargin@length=\skip59
\mdf@innerrightmargin@length=\skip60
\mdf@innertopmargin@length=\skip61
\mdf@innerbottommargin@length=\skip62
\mdf@splittopskip@length=\skip63
\mdf@splitbottomskip@length=\skip64
\mdf@outermargin@length=\skip65
\mdf@innermargin@length=\skip66
\mdf@linewidth@length=\skip67
\mdf@innerlinewidth@length=\skip68
\mdf@middlelinewidth@length=\skip69
\mdf@outerlinewidth@length=\skip70
\mdf@roundcorner@length=\skip71
\mdf@footenotedistance@length=\skip72
\mdf@userdefinedwidth@length=\skip73
\mdf@needspace@length=\skip74
\mdf@frametitleaboveskip@length=\skip75
\mdf@frametitlebelowskip@length=\skip76
\mdf@frametitlerulewidth@length=\skip77
\mdf@frametitleleftmargin@length=\skip78
\mdf@frametitlerightmargin@length=\skip79
\mdf@shadowsize@length=\skip80
\mdf@extratopheight@length=\skip81
\mdf@subtitleabovelinewidth@length=\skip82
\mdf@subtitlebelowlinewidth@length=\skip83
\mdf@subtitleaboveskip@length=\skip84
\mdf@subtitlebelowskip@length=\skip85
\mdf@subtitleinneraboveskip@length=\skip86
\mdf@subtitleinnerbelowskip@length=\skip87
\mdf@subsubtitleabovelinewidth@length=\skip88
\mdf@subsubtitlebelowlinewidth@length=\skip89
\mdf@subsubtitleaboveskip@length=\skip90
\mdf@subsubtitlebelowskip@length=\skip91
\mdf@subsubtitleinneraboveskip@length=\skip92
\mdf@subsubtitleinnerbelowskip@length=\skip93

(/usr/local/texlive/2024/texmf-dist/tex/latex/mdframed/md-frame-0.mdf
File: md-frame-0.mdf 2013/07/01\ 1.9b: md-frame-0
)
\mdf@frametitlebox=\box57
\mdf@footnotebox=\box58
\mdf@splitbox@one=\box59
\mdf@splitbox@two=\box60
\mdf@splitbox@save=\box61
\mdfsplitboxwidth=\skip94
\mdfsplitboxtotalwidth=\skip95
\mdfsplitboxheight=\skip96
\mdfsplitboxdepth=\skip97
\mdfsplitboxtotalheight=\skip98
\mdfframetitleboxwidth=\skip99
\mdfframetitleboxtotalwidth=\skip100
\mdfframetitleboxheight=\skip101
\mdfframetitleboxdepth=\skip102
\mdfframetitleboxtotalheight=\skip103
\mdffootnoteboxwidth=\skip104
\mdffootnoteboxtotalwidth=\skip105
\mdffootnoteboxheight=\skip106
\mdffootnoteboxdepth=\skip107
\mdffootnoteboxtotalheight=\skip108
\mdftotallinewidth=\skip109
\mdfboundingboxwidth=\skip110
\mdfboundingboxtotalwidth=\skip111
\mdfboundingboxheight=\skip112
\mdfboundingboxdepth=\skip113
\mdfboundingboxtotalheight=\skip114
\mdf@freevspace@length=\skip115
\mdf@horizontalwidthofbox@length=\skip116
\mdf@verticalmarginwhole@length=\skip117
\mdf@horizontalspaceofbox=\skip118
\mdfsubtitleheight=\skip119
\mdfsubsubtitleheight=\skip120
\c@mdfcountframes=\count293

****** mdframed patching \endmdf@trivlist

****** -- success******

\mdf@envdepth=\count294
\c@mdf@env@i=\count295
\c@mdf@env@ii=\count296
\c@mdf@zref@counter=\count297
Package zref Info: New property: mdf@pagevalue on input line 895.
)
(/usr/local/texlive/2024/texmf-dist/tex/latex/booktabs/booktabs.sty
Package: booktabs 2020/01/12 v1.61803398 Publication quality tables
\heavyrulewidth=\dimen170
\lightrulewidth=\dimen171
\cmidrulewidth=\dimen172
\belowrulesep=\dimen173
\belowbottomsep=\dimen174
\aboverulesep=\dimen175
\abovetopsep=\dimen176
\cmidrulesep=\dimen177
\cmidrulekern=\dimen178
\defaultaddspace=\dimen179
\@cmidla=\count298
\@cmidlb=\count299
\@aboverulesep=\dimen180
\@belowrulesep=\dimen181
\@thisruleclass=\count300
\@lastruleclass=\count301
\@thisrulewidth=\dimen182
)
(/usr/local/texlive/2024/texmf-dist/tex/latex/tools/array.sty
Package: array 2023/10/16 v2.5g Tabular extension package (FMi)
\col@sep=\dimen183
\ar@mcellbox=\box62
\extrarowheight=\dimen184
\NC@list=\toks27
\extratabsurround=\skip121
\backup@length=\skip122
\ar@cellbox=\box63
)
(/usr/local/texlive/2024/texmf-dist/tex/latex/multirow/multirow.sty
Package: multirow 2021/03/15 v2.8 Span multiple rows of a table
\multirow@colwidth=\skip123
\multirow@cntb=\count302
\multirow@dima=\skip124
\bigstrutjot=\dimen185
)
(/usr/local/texlive/2024/texmf-dist/tex/latex/esint/esint.sty
Package: esint 
\symlargesymbolsA=\mathgroup7
)
(/usr/local/texlive/2024/texmf-dist/tex/xelatex/xecjk/xeCJK.sty
Package: xeCJK 2022/08/05 v3.9.1 Typesetting CJK scripts with XeLaTeX

(/usr/local/texlive/2024/texmf-dist/tex/latex/ctex/ctexhook.sty
Package: ctexhook 2022/07/14 v2.5.10 Document and package hooks (CTEX)
)
(/usr/local/texlive/2024/texmf-dist/tex/latex/l3packages/xtemplate/xtemplate.st
y
(/usr/local/texlive/2024/texmf-dist/tex/latex/l3packages/xtemplate/xtemplate-20
23-10-10.sty
Package: xtemplate 2023-10-10 L3 Experimental prototype document functions
\l__xtemplate_tmp_dim=\dimen186
\l__xtemplate_tmp_int=\count303
\l__xtemplate_tmp_muskip=\muskip18
\l__xtemplate_tmp_skip=\skip125
))
\l__xeCJK_tmp_int=\count304
\l__xeCJK_tmp_box=\box64
\l__xeCJK_tmp_dim=\dimen187
\l__xeCJK_tmp_skip=\skip126
\g__xeCJK_space_factor_int=\count305
\l__xeCJK_begin_int=\count306
\l__xeCJK_end_int=\count307
\c__xeCJK_CJK_class_int=\XeTeXcharclass1
\c__xeCJK_FullLeft_class_int=\XeTeXcharclass2
\c__xeCJK_FullRight_class_int=\XeTeXcharclass3
\c__xeCJK_HalfLeft_class_int=\XeTeXcharclass4
\c__xeCJK_HalfRight_class_int=\XeTeXcharclass5
\c__xeCJK_NormalSpace_class_int=\XeTeXcharclass6
\c__xeCJK_CM_class_int=\XeTeXcharclass7
\c__xeCJK_HangulJamo_class_int=\XeTeXcharclass8
\l__xeCJK_last_skip=\skip127
\c__xeCJK_none_node=\count308
\g__xeCJK_node_int=\count309
\c__xeCJK_CJK_node_dim=\dimen188
\c__xeCJK_CJK-space_node_dim=\dimen189
\c__xeCJK_default_node_dim=\dimen190
\c__xeCJK_CJK-widow_node_dim=\dimen191
\c__xeCJK_normalspace_node_dim=\dimen192
\c__xeCJK_default-space_node_skip=\skip128
\l__xeCJK_ccglue_skip=\skip129
\l__xeCJK_ecglue_skip=\skip130
\l__xeCJK_punct_kern_skip=\skip131
\l__xeCJK_indent_box=\box65
\l__xeCJK_last_penalty_int=\count310
\l__xeCJK_last_bound_dim=\dimen193
\l__xeCJK_last_kern_dim=\dimen194
\l__xeCJK_widow_penalty_int=\count311

Package xtemplate Info: Declaring object type 'xeCJK/punctuation' taking 0
(xtemplate)             argument(s) on line 2396.

\l__xeCJK_fixed_punct_width_dim=\dimen195
\l__xeCJK_mixed_punct_width_dim=\dimen196
\l__xeCJK_middle_punct_width_dim=\dimen197
\l__xeCJK_fixed_margin_width_dim=\dimen198
\l__xeCJK_mixed_margin_width_dim=\dimen199
\l__xeCJK_middle_margin_width_dim=\dimen256
\l__xeCJK_bound_punct_width_dim=\dimen257
\l__xeCJK_bound_margin_width_dim=\dimen258
\l__xeCJK_margin_minimum_dim=\dimen259
\l__xeCJK_kerning_total_width_dim=\dimen260
\l__xeCJK_same_align_margin_dim=\dimen261
\l__xeCJK_different_align_margin_dim=\dimen262
\l__xeCJK_kerning_margin_width_dim=\dimen263
\l__xeCJK_kerning_margin_minimum_dim=\dimen264
\l__xeCJK_bound_dim=\dimen265
\l__xeCJK_reverse_bound_dim=\dimen266
\l__xeCJK_margin_dim=\dimen267
\l__xeCJK_minimum_bound_dim=\dimen268
\l__xeCJK_kerning_margin_dim=\dimen269
\g__xeCJK_family_int=\count312
\l__xeCJK_fam_int=\count313
\g__xeCJK_fam_allocation_int=\count314
\l__xeCJK_verb_case_int=\count315
\l__xeCJK_verb_exspace_skip=\skip132

(/usr/local/texlive/2024/texmf-dist/tex/latex/fontspec/fontspec.sty
Package: fontspec 2024/02/13 v2.9a Font selection for XeLaTeX and LuaLaTeX

(/usr/local/texlive/2024/texmf-dist/tex/latex/fontspec/fontspec-xetex.sty
Package: fontspec-xetex 2024/02/13 v2.9a Font selection for XeLaTeX and LuaLaTe
X
\l__fontspec_script_int=\count316
\l__fontspec_language_int=\count317
\l__fontspec_strnum_int=\count318
\l__fontspec_tmp_int=\count319
\l__fontspec_tmpa_int=\count320
\l__fontspec_tmpb_int=\count321
\l__fontspec_tmpc_int=\count322
\l__fontspec_em_int=\count323
\l__fontspec_emdef_int=\count324
\l__fontspec_strong_int=\count325
\l__fontspec_strongdef_int=\count326
\l__fontspec_tmpa_dim=\dimen270
\l__fontspec_tmpb_dim=\dimen271
\l__fontspec_tmpc_dim=\dimen272

(/usr/local/texlive/2024/texmf-dist/tex/latex/base/fontenc.sty
Package: fontenc 2021/04/29 v2.0v Standard LaTeX package
)
(/usr/local/texlive/2024/texmf-dist/tex/latex/fontspec/fontspec.cfg)))
(/usr/local/texlive/2024/texmf-dist/tex/xelatex/xecjk/xeCJK.cfg
File: xeCJK.cfg 2022/08/05 v3.9.1 Configuration file for xeCJK package
))

Package xeCJK Warning: Fandol is being set as the default font for CJK text.
(xeCJK)                Please make sure it has been properly installed.


Package fontspec Warning: Font "FandolSong-Regular" does not contain requested
(fontspec)                Script "CJK".


Package fontspec Info: Font family 'FandolSong-Regular(0)' created for font
(fontspec)             'FandolSong-Regular' with options
(fontspec)             [Script={CJK},Extension={.otf},BoldFont={FandolSong-Bold
},ItalicFont={FandolKai-Regular}].
(fontspec)              
(fontspec)              This font family consists of the following NFSS
(fontspec)             series/shapes:
(fontspec)              
(fontspec)             - 'normal' (m/n) with NFSS spec.:
(fontspec)             <->"[FandolSong-Regular.otf]/OT:language=dflt;"
(fontspec)             - 'small caps'  (m/sc) with NFSS spec.: 
(fontspec)             - 'bold' (b/n) with NFSS spec.:
(fontspec)             <->"[FandolSong-Bold.otf]/OT:language=dflt;"
(fontspec)             - 'bold small caps'  (b/sc) with NFSS spec.: 
(fontspec)             - 'italic' (m/it) with NFSS spec.:
(fontspec)             <->"[FandolKai-Regular.otf]/OT:language=dflt;"
(fontspec)             - 'italic small caps'  (m/scit) with NFSS spec.: 

(./01910e4c-ebb8-7d2c-8f2f-2375bc1d2d12_tex.aux)
\openout1 = `01910e4c-ebb8-7d2c-8f2f-2375bc1d2d12_tex.aux'.

LaTeX Font Info:    Checking defaults for OML/cmm/m/it on input line 23.
LaTeX Font Info:    ... okay on input line 23.
LaTeX Font Info:    Checking defaults for OMS/cmsy/m/n on input line 23.
LaTeX Font Info:    ... okay on input line 23.
LaTeX Font Info:    Checking defaults for OT1/cmr/m/n on input line 23.
LaTeX Font Info:    ... okay on input line 23.
LaTeX Font Info:    Checking defaults for T1/cmr/m/n on input line 23.
LaTeX Font Info:    ... okay on input line 23.
LaTeX Font Info:    Checking defaults for TS1/cmr/m/n on input line 23.
LaTeX Font Info:    Trying to load font information for TS1+cmr on input line 2
3.

(/usr/local/texlive/2024/texmf-dist/tex/latex/base/ts1cmr.fd
File: ts1cmr.fd 2023/04/13 v2.5m Standard LaTeX font definitions
)
LaTeX Font Info:    ... okay on input line 23.
LaTeX Font Info:    Checking defaults for TU/lmr/m/n on input line 23.
LaTeX Font Info:    ... okay on input line 23.
LaTeX Font Info:    Checking defaults for OMX/cmex/m/n on input line 23.
LaTeX Font Info:    ... okay on input line 23.
LaTeX Font Info:    Checking defaults for U/cmr/m/n on input line 23.
LaTeX Font Info:    ... okay on input line 23.
LaTeX Font Info:    Checking defaults for PD1/pdf/m/n on input line 23.
LaTeX Font Info:    ... okay on input line 23.
LaTeX Font Info:    Checking defaults for PU/pdf/m/n on input line 23.
LaTeX Font Info:    ... okay on input line 23.
Package hyperref Info: Link coloring ON on input line 23.

(./01910e4c-ebb8-7d2c-8f2f-2375bc1d2d12_tex.out)
(./01910e4c-ebb8-7d2c-8f2f-2375bc1d2d12_tex.out)
\@outlinefile=\write3
\openout3 = `01910e4c-ebb8-7d2c-8f2f-2375bc1d2d12_tex.out'.


Package fontspec Info: Adjusting the maths setup (use [no-math] to avoid
(fontspec)             this).

\symlegacymaths=\mathgroup8
LaTeX Font Info:    Overwriting symbol font `legacymaths' in version `bold'
(Font)                  OT1/cmr/m/n --> OT1/cmr/bx/n on input line 23.
LaTeX Font Info:    Redeclaring math accent \acute on input line 23.
LaTeX Font Info:    Redeclaring math accent \grave on input line 23.
LaTeX Font Info:    Redeclaring math accent \ddot on input line 23.
LaTeX Font Info:    Redeclaring math accent \tilde on input line 23.
LaTeX Font Info:    Redeclaring math accent \bar on input line 23.
LaTeX Font Info:    Redeclaring math accent \breve on input line 23.
LaTeX Font Info:    Redeclaring math accent \check on input line 23.
LaTeX Font Info:    Redeclaring math accent \hat on input line 23.
LaTeX Font Info:    Redeclaring math accent \dot on input line 23.
LaTeX Font Info:    Redeclaring math accent \mathring on input line 23.
LaTeX Font Info:    Redeclaring math symbol \Gamma on input line 23.
LaTeX Font Info:    Redeclaring math symbol \Delta on input line 23.
LaTeX Font Info:    Redeclaring math symbol \Theta on input line 23.
LaTeX Font Info:    Redeclaring math symbol \Lambda on input line 23.
LaTeX Font Info:    Redeclaring math symbol \Xi on input line 23.
LaTeX Font Info:    Redeclaring math symbol \Pi on input line 23.
LaTeX Font Info:    Redeclaring math symbol \Sigma on input line 23.
LaTeX Font Info:    Redeclaring math symbol \Upsilon on input line 23.
LaTeX Font Info:    Redeclaring math symbol \Phi on input line 23.
LaTeX Font Info:    Redeclaring math symbol \Psi on input line 23.
LaTeX Font Info:    Redeclaring math symbol \Omega on input line 23.
LaTeX Font Info:    Redeclaring math symbol \mathdollar on input line 23.
LaTeX Font Info:    Redeclaring symbol font `operators' on input line 23.
LaTeX Font Info:    Encoding `OT1' has changed to `TU' for symbol font
(Font)              `operators' in the math version `normal' on input line 23.
LaTeX Font Info:    Overwriting symbol font `operators' in version `normal'
(Font)                  OT1/cmr/m/n --> TU/lmr/m/n on input line 23.
LaTeX Font Info:    Encoding `OT1' has changed to `TU' for symbol font
(Font)              `operators' in the math version `bold' on input line 23.
LaTeX Font Info:    Overwriting symbol font `operators' in version `bold'
(Font)                  OT1/cmr/bx/n --> TU/lmr/m/n on input line 23.
LaTeX Font Info:    Overwriting symbol font `operators' in version `normal'
(Font)                  TU/lmr/m/n --> TU/lmr/m/n on input line 23.
LaTeX Font Info:    Overwriting math alphabet `\mathit' in version `normal'
(Font)                  OT1/cmr/m/it --> TU/lmr/m/it on input line 23.
LaTeX Font Info:    Overwriting math alphabet `\mathbf' in version `normal'
(Font)                  OT1/cmr/bx/n --> TU/lmr/b/n on input line 23.
LaTeX Font Info:    Overwriting math alphabet `\mathsf' in version `normal'
(Font)                  OT1/cmss/m/n --> TU/lmss/m/n on input line 23.
LaTeX Font Info:    Overwriting math alphabet `\mathtt' in version `normal'
(Font)                  OT1/cmtt/m/n --> TU/lmtt/m/n on input line 23.
LaTeX Font Info:    Overwriting symbol font `operators' in version `bold'
(Font)                  TU/lmr/m/n --> TU/lmr/b/n on input line 23.
LaTeX Font Info:    Overwriting math alphabet `\mathit' in version `bold'
(Font)                  OT1/cmr/bx/it --> TU/lmr/b/it on input line 23.
LaTeX Font Info:    Overwriting math alphabet `\mathsf' in version `bold'
(Font)                  OT1/cmss/bx/n --> TU/lmss/b/n on input line 23.
LaTeX Font Info:    Overwriting math alphabet `\mathtt' in version `bold'
(Font)                  OT1/cmtt/m/n --> TU/lmtt/b/n on input line 23.
File: images/01910e4c-ebb8-7d2c-8f2f-2375bc1d2d12_1_258799.jpg Graphic file (ty
pe bmp)
<images/01910e4c-ebb8-7d2c-8f2f-2375bc1d2d12_1_258799.jpg>

Missing character: There is no 芃 (U+8283) in font [FandolSong-Regular.otf]/OT:l
anguage=dflt;!
File: images/01910e4c-ebb8-7d2c-8f2f-2375bc1d2d12_4_725324.jpg Graphic file (ty
pe bmp)
<images/01910e4c-ebb8-7d2c-8f2f-2375bc1d2d12_4_725324.jpg>
[1

]
File: images/01910e4c-ebb8-7d2c-8f2f-2375bc1d2d12_4_158038.jpg Graphic file (ty
pe bmp)
<images/01910e4c-ebb8-7d2c-8f2f-2375bc1d2d12_4_158038.jpg>
File: images/01910e4c-ebb8-7d2c-8f2f-2375bc1d2d12_4_636740.jpg Graphic file (ty
pe bmp)
<images/01910e4c-ebb8-7d2c-8f2f-2375bc1d2d12_4_636740.jpg>
 [2]
File: images/01910e4c-ebb8-7d2c-8f2f-2375bc1d2d12_4_200795.jpg Graphic file (ty
pe bmp)
<images/01910e4c-ebb8-7d2c-8f2f-2375bc1d2d12_4_200795.jpg>
LaTeX Font Info:    Trying to load font information for U+msa on input line 161
.
 (/usr/local/texlive/2024/texmf-dist/tex/latex/amsfonts/umsa.fd
File: umsa.fd 2013/01/14 v3.01 AMS symbols A
)
LaTeX Font Info:    Trying to load font information for U+msb on input line 161
.

(/usr/local/texlive/2024/texmf-dist/tex/latex/amsfonts/umsb.fd
File: umsb.fd 2013/01/14 v3.01 AMS symbols B
)
LaTeX Font Info:    Trying to load font information for U+stmry on input line 1
61.

(/usr/local/texlive/2024/texmf-dist/tex/latex/stmaryrd/Ustmry.fd)
LaTeX Font Info:    Trying to load font information for U+esint on input line 1
61.

(/usr/local/texlive/2024/texmf-dist/tex/latex/esint/uesint.fd
File: uesint.fd 
)
File: images/01910e4c-ebb8-7d2c-8f2f-2375bc1d2d12_7_343494.jpg Graphic file (ty
pe bmp)
<images/01910e4c-ebb8-7d2c-8f2f-2375bc1d2d12_7_343494.jpg>
 [3]
File: images/01910e4c-ebb8-7d2c-8f2f-2375bc1d2d12_7_178300.jpg Graphic file (ty
pe bmp)
<images/01910e4c-ebb8-7d2c-8f2f-2375bc1d2d12_7_178300.jpg>


Package hyperref Warning: Ignoring empty anchor on input line 191.

Missing character: There is no ① (U+2460) in font [lmroman8-regular]:mapping=te
x-text;!
[4]
File: images/01910e4c-ebb8-7d2c-8f2f-2375bc1d2d12_8_843249.jpg Graphic file (ty
pe bmp)
<images/01910e4c-ebb8-7d2c-8f2f-2375bc1d2d12_8_843249.jpg>
 [5]
File: images/01910e4c-ebb8-7d2c-8f2f-2375bc1d2d12_9_697683.jpg Graphic file (ty
pe bmp)
<images/01910e4c-ebb8-7d2c-8f2f-2375bc1d2d12_9_697683.jpg>
File: images/01910e4c-ebb8-7d2c-8f2f-2375bc1d2d12_10_214795.jpg Graphic file (t
ype bmp)
<images/01910e4c-ebb8-7d2c-8f2f-2375bc1d2d12_10_214795.jpg>
 [6]
File: images/01910e4c-ebb8-7d2c-8f2f-2375bc1d2d12_10_425998.jpg Graphic file (t
ype bmp)
<images/01910e4c-ebb8-7d2c-8f2f-2375bc1d2d12_10_425998.jpg>
File: images/01910e4c-ebb8-7d2c-8f2f-2375bc1d2d12_11_150618.jpg Graphic file (t
ype bmp)
<images/01910e4c-ebb8-7d2c-8f2f-2375bc1d2d12_11_150618.jpg>
 [7]
File: images/01910e4c-ebb8-7d2c-8f2f-2375bc1d2d12_11_774042.jpg Graphic file (t
ype bmp)
<images/01910e4c-ebb8-7d2c-8f2f-2375bc1d2d12_11_774042.jpg>
 [8]
File: images/01910e4c-ebb8-7d2c-8f2f-2375bc1d2d12_12_137637.jpg Graphic file (t
ype bmp)
<images/01910e4c-ebb8-7d2c-8f2f-2375bc1d2d12_12_137637.jpg>
File: images/01910e4c-ebb8-7d2c-8f2f-2375bc1d2d12_12_895594.jpg Graphic file (t
ype bmp)
<images/01910e4c-ebb8-7d2c-8f2f-2375bc1d2d12_12_895594.jpg>
 [9]
File: images/01910e4c-ebb8-7d2c-8f2f-2375bc1d2d12_13_367172.jpg Graphic file (t
ype bmp)
<images/01910e4c-ebb8-7d2c-8f2f-2375bc1d2d12_13_367172.jpg>
 [10] [11]
File: images/01910e4c-ebb8-7d2c-8f2f-2375bc1d2d12_15_862727.jpg Graphic file (t
ype bmp)
<images/01910e4c-ebb8-7d2c-8f2f-2375bc1d2d12_15_862727.jpg>
 [12]
File: images/01910e4c-ebb8-7d2c-8f2f-2375bc1d2d12_15_358424.jpg Graphic file (t
ype bmp)
<images/01910e4c-ebb8-7d2c-8f2f-2375bc1d2d12_15_358424.jpg>
File: images/01910e4c-ebb8-7d2c-8f2f-2375bc1d2d12_16_491968.jpg Graphic file (t
ype bmp)
<images/01910e4c-ebb8-7d2c-8f2f-2375bc1d2d12_16_491968.jpg>
File: images/01910e4c-ebb8-7d2c-8f2f-2375bc1d2d12_16_629759.jpg Graphic file (t
ype bmp)
<images/01910e4c-ebb8-7d2c-8f2f-2375bc1d2d12_16_629759.jpg>
 [13]
File: images/01910e4c-ebb8-7d2c-8f2f-2375bc1d2d12_17_604160.jpg Graphic file (t
ype bmp)
<images/01910e4c-ebb8-7d2c-8f2f-2375bc1d2d12_17_604160.jpg>
 [14]
File: images/01910e4c-ebb8-7d2c-8f2f-2375bc1d2d12_17_752217.jpg Graphic file (t
ype bmp)
<images/01910e4c-ebb8-7d2c-8f2f-2375bc1d2d12_17_752217.jpg>
 [15]
File: images/01910e4c-ebb8-7d2c-8f2f-2375bc1d2d12_18_708333.jpg Graphic file (t
ype bmp)
<images/01910e4c-ebb8-7d2c-8f2f-2375bc1d2d12_18_708333.jpg>
File: images/01910e4c-ebb8-7d2c-8f2f-2375bc1d2d12_19_578177.jpg Graphic file (t
ype bmp)
<images/01910e4c-ebb8-7d2c-8f2f-2375bc1d2d12_19_578177.jpg>
 [16]
File: images/01910e4c-ebb8-7d2c-8f2f-2375bc1d2d12_20_817645.jpg Graphic file (t
ype bmp)
<images/01910e4c-ebb8-7d2c-8f2f-2375bc1d2d12_20_817645.jpg>
Package mdframed Info: Not enough space on this page on input line 707.
 [17]
Package mdframed Info: Not enough space on this page on input line 707.
File: images/01910e4c-ebb8-7d2c-8f2f-2375bc1d2d12_21_997035.jpg Graphic file (t
ype bmp)
<images/01910e4c-ebb8-7d2c-8f2f-2375bc1d2d12_21_997035.jpg>
 [18] [19]
File: images/01910e4c-ebb8-7d2c-8f2f-2375bc1d2d12_23_997793.jpg Graphic file (t
ype bmp)
<images/01910e4c-ebb8-7d2c-8f2f-2375bc1d2d12_23_997793.jpg>
File: images/01910e4c-ebb8-7d2c-8f2f-2375bc1d2d12_24_482409.jpg Graphic file (t
ype bmp)
<images/01910e4c-ebb8-7d2c-8f2f-2375bc1d2d12_24_482409.jpg>

[20]
File: images/01910e4c-ebb8-7d2c-8f2f-2375bc1d2d12_24_781474.jpg Graphic file (t
ype bmp)
<images/01910e4c-ebb8-7d2c-8f2f-2375bc1d2d12_24_781474.jpg>
File: images/01910e4c-ebb8-7d2c-8f2f-2375bc1d2d12_24_959670.jpg Graphic file (t
ype bmp)
<images/01910e4c-ebb8-7d2c-8f2f-2375bc1d2d12_24_959670.jpg>
File: images/01910e4c-ebb8-7d2c-8f2f-2375bc1d2d12_24_559716.jpg Graphic file (t
ype bmp)
<images/01910e4c-ebb8-7d2c-8f2f-2375bc1d2d12_24_559716.jpg>
 [21]
File: images/01910e4c-ebb8-7d2c-8f2f-2375bc1d2d12_25_390290.jpg Graphic file (t
ype bmp)
<images/01910e4c-ebb8-7d2c-8f2f-2375bc1d2d12_25_390290.jpg>
 [22]
File: images/01910e4c-ebb8-7d2c-8f2f-2375bc1d2d12_26_351883.jpg Graphic file (t
ype bmp)
<images/01910e4c-ebb8-7d2c-8f2f-2375bc1d2d12_26_351883.jpg>
File: images/01910e4c-ebb8-7d2c-8f2f-2375bc1d2d12_26_223673.jpg Graphic file (t
ype bmp)
<images/01910e4c-ebb8-7d2c-8f2f-2375bc1d2d12_26_223673.jpg>
 [23]
File: images/01910e4c-ebb8-7d2c-8f2f-2375bc1d2d12_27_109251.jpg Graphic file (t
ype bmp)
<images/01910e4c-ebb8-7d2c-8f2f-2375bc1d2d12_27_109251.jpg>
 [24]
File: images/01910e4c-ebb8-7d2c-8f2f-2375bc1d2d12_27_832482.jpg Graphic file (t
ype bmp)
<images/01910e4c-ebb8-7d2c-8f2f-2375bc1d2d12_27_832482.jpg>
File: images/01910e4c-ebb8-7d2c-8f2f-2375bc1d2d12_27_408165.jpg Graphic file (t
ype bmp)
<images/01910e4c-ebb8-7d2c-8f2f-2375bc1d2d12_27_408165.jpg>
 [25] [26]
File: images/01910e4c-ebb8-7d2c-8f2f-2375bc1d2d12_30_552427.jpg Graphic file (t
ype bmp)
<images/01910e4c-ebb8-7d2c-8f2f-2375bc1d2d12_30_552427.jpg>
 [27]
File: images/01910e4c-ebb8-7d2c-8f2f-2375bc1d2d12_31_552231.jpg Graphic file (t
ype bmp)
<images/01910e4c-ebb8-7d2c-8f2f-2375bc1d2d12_31_552231.jpg>
 [28]
File: images/01910e4c-ebb8-7d2c-8f2f-2375bc1d2d12_31_142858.jpg Graphic file (t
ype bmp)
<images/01910e4c-ebb8-7d2c-8f2f-2375bc1d2d12_31_142858.jpg>
File: images/01910e4c-ebb8-7d2c-8f2f-2375bc1d2d12_31_480295.jpg Graphic file (t
ype bmp)
<images/01910e4c-ebb8-7d2c-8f2f-2375bc1d2d12_31_480295.jpg>
 [29]
File: images/01910e4c-ebb8-7d2c-8f2f-2375bc1d2d12_32_329104.jpg Graphic file (t
ype bmp)
<images/01910e4c-ebb8-7d2c-8f2f-2375bc1d2d12_32_329104.jpg>
 [30]
File: images/01910e4c-ebb8-7d2c-8f2f-2375bc1d2d12_33_409976.jpg Graphic file (t
ype bmp)
<images/01910e4c-ebb8-7d2c-8f2f-2375bc1d2d12_33_409976.jpg>
File: images/01910e4c-ebb8-7d2c-8f2f-2375bc1d2d12_33_313653.jpg Graphic file (t
ype bmp)
<images/01910e4c-ebb8-7d2c-8f2f-2375bc1d2d12_33_313653.jpg>
 [31]
File: images/01910e4c-ebb8-7d2c-8f2f-2375bc1d2d12_34_337287.jpg Graphic file (t
ype bmp)
<images/01910e4c-ebb8-7d2c-8f2f-2375bc1d2d12_34_337287.jpg>
 [32]
File: images/01910e4c-ebb8-7d2c-8f2f-2375bc1d2d12_34_210424.jpg Graphic file (t
ype bmp)
<images/01910e4c-ebb8-7d2c-8f2f-2375bc1d2d12_34_210424.jpg>
File: images/01910e4c-ebb8-7d2c-8f2f-2375bc1d2d12_34_996541.jpg Graphic file (t
ype bmp)
<images/01910e4c-ebb8-7d2c-8f2f-2375bc1d2d12_34_996541.jpg>
 [33]
File: images/01910e4c-ebb8-7d2c-8f2f-2375bc1d2d12_35_392532.jpg Graphic file (t
ype bmp)
<images/01910e4c-ebb8-7d2c-8f2f-2375bc1d2d12_35_392532.jpg>
File: images/01910e4c-ebb8-7d2c-8f2f-2375bc1d2d12_35_807847.jpg Graphic file (t
ype bmp)
<images/01910e4c-ebb8-7d2c-8f2f-2375bc1d2d12_35_807847.jpg>
 [34]
File: images/01910e4c-ebb8-7d2c-8f2f-2375bc1d2d12_35_671562.jpg Graphic file (t
ype bmp)
<images/01910e4c-ebb8-7d2c-8f2f-2375bc1d2d12_35_671562.jpg>
File: images/01910e4c-ebb8-7d2c-8f2f-2375bc1d2d12_36_741348.jpg Graphic file (t
ype bmp)
<images/01910e4c-ebb8-7d2c-8f2f-2375bc1d2d12_36_741348.jpg>

[35]
File: images/01910e4c-ebb8-7d2c-8f2f-2375bc1d2d12_37_921774.jpg Graphic file (t
ype bmp)
<images/01910e4c-ebb8-7d2c-8f2f-2375bc1d2d12_37_921774.jpg>
 [36]
File: images/01910e4c-ebb8-7d2c-8f2f-2375bc1d2d12_37_298397.jpg Graphic file (t
ype bmp)
<images/01910e4c-ebb8-7d2c-8f2f-2375bc1d2d12_37_298397.jpg>


Package hyperref Warning: Ignoring empty anchor on input line 1351.

Missing character: There is no ① (U+2460) in font [lmroman8-regular]:mapping=te
x-text;!
[37]
File: images/01910e4c-ebb8-7d2c-8f2f-2375bc1d2d12_38_618310.jpg Graphic file (t
ype bmp)
<images/01910e4c-ebb8-7d2c-8f2f-2375bc1d2d12_38_618310.jpg>
File: images/01910e4c-ebb8-7d2c-8f2f-2375bc1d2d12_38_170293.jpg Graphic file (t
ype bmp)
<images/01910e4c-ebb8-7d2c-8f2f-2375bc1d2d12_38_170293.jpg>
 [38]
File: images/01910e4c-ebb8-7d2c-8f2f-2375bc1d2d12_39_388810.jpg Graphic file (t
ype bmp)
<images/01910e4c-ebb8-7d2c-8f2f-2375bc1d2d12_39_388810.jpg>
 [39]
File: images/01910e4c-ebb8-7d2c-8f2f-2375bc1d2d12_40_206485.jpg Graphic file (t
ype bmp)
<images/01910e4c-ebb8-7d2c-8f2f-2375bc1d2d12_40_206485.jpg>
 [40]
File: images/01910e4c-ebb8-7d2c-8f2f-2375bc1d2d12_40_146298.jpg Graphic file (t
ype bmp)
<images/01910e4c-ebb8-7d2c-8f2f-2375bc1d2d12_40_146298.jpg>
File: images/01910e4c-ebb8-7d2c-8f2f-2375bc1d2d12_41_926576.jpg Graphic file (t
ype bmp)
<images/01910e4c-ebb8-7d2c-8f2f-2375bc1d2d12_41_926576.jpg>
File: images/01910e4c-ebb8-7d2c-8f2f-2375bc1d2d12_41_635017.jpg Graphic file (t
ype bmp)
<images/01910e4c-ebb8-7d2c-8f2f-2375bc1d2d12_41_635017.jpg>
 [41]
File: images/01910e4c-ebb8-7d2c-8f2f-2375bc1d2d12_41_771435.jpg Graphic file (t
ype bmp)
<images/01910e4c-ebb8-7d2c-8f2f-2375bc1d2d12_41_771435.jpg>
 [42]
File: images/01910e4c-ebb8-7d2c-8f2f-2375bc1d2d12_42_870812.jpg Graphic file (t
ype bmp)
<images/01910e4c-ebb8-7d2c-8f2f-2375bc1d2d12_42_870812.jpg>
 [43]
File: images/01910e4c-ebb8-7d2c-8f2f-2375bc1d2d12_43_625651.jpg Graphic file (t
ype bmp)
<images/01910e4c-ebb8-7d2c-8f2f-2375bc1d2d12_43_625651.jpg>
File: images/01910e4c-ebb8-7d2c-8f2f-2375bc1d2d12_44_575134.jpg Graphic file (t
ype bmp)
<images/01910e4c-ebb8-7d2c-8f2f-2375bc1d2d12_44_575134.jpg>
 [44]
File: images/01910e4c-ebb8-7d2c-8f2f-2375bc1d2d12_45_434197.jpg Graphic file (t
ype bmp)
<images/01910e4c-ebb8-7d2c-8f2f-2375bc1d2d12_45_434197.jpg>
 [45]
File: images/01910e4c-ebb8-7d2c-8f2f-2375bc1d2d12_45_729818.jpg Graphic file (t
ype bmp)
<images/01910e4c-ebb8-7d2c-8f2f-2375bc1d2d12_45_729818.jpg>
 [46]
File: images/01910e4c-ebb8-7d2c-8f2f-2375bc1d2d12_47_404649.jpg Graphic file (t
ype bmp)
<images/01910e4c-ebb8-7d2c-8f2f-2375bc1d2d12_47_404649.jpg>
File: images/01910e4c-ebb8-7d2c-8f2f-2375bc1d2d12_47_456079.jpg Graphic file (t
ype bmp)
<images/01910e4c-ebb8-7d2c-8f2f-2375bc1d2d12_47_456079.jpg>
 [47]
File: images/01910e4c-ebb8-7d2c-8f2f-2375bc1d2d12_48_622839.jpg Graphic file (t
ype bmp)
<images/01910e4c-ebb8-7d2c-8f2f-2375bc1d2d12_48_622839.jpg>
 [48]
File: images/01910e4c-ebb8-7d2c-8f2f-2375bc1d2d12_50_438666.jpg Graphic file (t
ype bmp)
<images/01910e4c-ebb8-7d2c-8f2f-2375bc1d2d12_50_438666.jpg>
 [49]
File: images/01910e4c-ebb8-7d2c-8f2f-2375bc1d2d12_50_352216.jpg Graphic file (t
ype bmp)
<images/01910e4c-ebb8-7d2c-8f2f-2375bc1d2d12_50_352216.jpg>
File: images/01910e4c-ebb8-7d2c-8f2f-2375bc1d2d12_50_718341.jpg Graphic file (t
ype bmp)
<images/01910e4c-ebb8-7d2c-8f2f-2375bc1d2d12_50_718341.jpg>
File: images/01910e4c-ebb8-7d2c-8f2f-2375bc1d2d12_50_342481.jpg Graphic file (t
ype bmp)
<images/01910e4c-ebb8-7d2c-8f2f-2375bc1d2d12_50_342481.jpg>
 [50]
File: images/01910e4c-ebb8-7d2c-8f2f-2375bc1d2d12_51_563239.jpg Graphic file (t
ype bmp)
<images/01910e4c-ebb8-7d2c-8f2f-2375bc1d2d12_51_563239.jpg>
 [51]
Package mdframed Info: Not enough space on this page on input line 1851.

Missing character: There is no ⏜ (U+23DC) in font [lmroman7-regular]:mapping=te
x-text;!
Missing character: There is no ⏜ (U+23DC) in font [lmroman7-regular]:mapping=te
x-text;!
File: images/01910e4c-ebb8-7d2c-8f2f-2375bc1d2d12_52_217184.jpg Graphic file (t
ype bmp)
<images/01910e4c-ebb8-7d2c-8f2f-2375bc1d2d12_52_217184.jpg>
File: images/01910e4c-ebb8-7d2c-8f2f-2375bc1d2d12_53_350292.jpg Graphic file (t
ype bmp)
<images/01910e4c-ebb8-7d2c-8f2f-2375bc1d2d12_53_350292.jpg>
[52]
File: images/01910e4c-ebb8-7d2c-8f2f-2375bc1d2d12_53_462764.jpg Graphic file (t
ype bmp)
<images/01910e4c-ebb8-7d2c-8f2f-2375bc1d2d12_53_462764.jpg>
 [53]
File: images/01910e4c-ebb8-7d2c-8f2f-2375bc1d2d12_54_412953.jpg Graphic file (t
ype bmp)
<images/01910e4c-ebb8-7d2c-8f2f-2375bc1d2d12_54_412953.jpg>
 [54]
File: images/01910e4c-ebb8-7d2c-8f2f-2375bc1d2d12_55_266789.jpg Graphic file (t
ype bmp)
<images/01910e4c-ebb8-7d2c-8f2f-2375bc1d2d12_55_266789.jpg>
File: images/01910e4c-ebb8-7d2c-8f2f-2375bc1d2d12_55_956372.jpg Graphic file (t
ype bmp)
<images/01910e4c-ebb8-7d2c-8f2f-2375bc1d2d12_55_956372.jpg>
 [55]
File: images/01910e4c-ebb8-7d2c-8f2f-2375bc1d2d12_56_160378.jpg Graphic file (t
ype bmp)
<images/01910e4c-ebb8-7d2c-8f2f-2375bc1d2d12_56_160378.jpg>
File: images/01910e4c-ebb8-7d2c-8f2f-2375bc1d2d12_57_676429.jpg Graphic file (t
ype bmp)
<images/01910e4c-ebb8-7d2c-8f2f-2375bc1d2d12_57_676429.jpg>
 [56]
File: images/01910e4c-ebb8-7d2c-8f2f-2375bc1d2d12_57_826887.jpg Graphic file (t
ype bmp)
<images/01910e4c-ebb8-7d2c-8f2f-2375bc1d2d12_57_826887.jpg>
 [57]
File: images/01910e4c-ebb8-7d2c-8f2f-2375bc1d2d12_58_708991.jpg Graphic file (t
ype bmp)
<images/01910e4c-ebb8-7d2c-8f2f-2375bc1d2d12_58_708991.jpg>
File: images/01910e4c-ebb8-7d2c-8f2f-2375bc1d2d12_59_677386.jpg Graphic file (t
ype bmp)
<images/01910e4c-ebb8-7d2c-8f2f-2375bc1d2d12_59_677386.jpg>
File: images/01910e4c-ebb8-7d2c-8f2f-2375bc1d2d12_59_194703.jpg Graphic file (t
ype bmp)
<images/01910e4c-ebb8-7d2c-8f2f-2375bc1d2d12_59_194703.jpg>
 [58]
File: images/01910e4c-ebb8-7d2c-8f2f-2375bc1d2d12_60_389982.jpg Graphic file (t
ype bmp)
<images/01910e4c-ebb8-7d2c-8f2f-2375bc1d2d12_60_389982.jpg>
 [59]
File: images/01910e4c-ebb8-7d2c-8f2f-2375bc1d2d12_60_341184.jpg Graphic file (t
ype bmp)
<images/01910e4c-ebb8-7d2c-8f2f-2375bc1d2d12_60_341184.jpg>
File: images/01910e4c-ebb8-7d2c-8f2f-2375bc1d2d12_61_527569.jpg Graphic file (t
ype bmp)
<images/01910e4c-ebb8-7d2c-8f2f-2375bc1d2d12_61_527569.jpg>
 [60]
File: images/01910e4c-ebb8-7d2c-8f2f-2375bc1d2d12_63_187144.jpg Graphic file (t
ype bmp)
<images/01910e4c-ebb8-7d2c-8f2f-2375bc1d2d12_63_187144.jpg>
 [61]
File: images/01910e4c-ebb8-7d2c-8f2f-2375bc1d2d12_63_928403.jpg Graphic file (t
ype bmp)
<images/01910e4c-ebb8-7d2c-8f2f-2375bc1d2d12_63_928403.jpg>
File: images/01910e4c-ebb8-7d2c-8f2f-2375bc1d2d12_63_874543.jpg Graphic file (t
ype bmp)
<images/01910e4c-ebb8-7d2c-8f2f-2375bc1d2d12_63_874543.jpg>
File: images/01910e4c-ebb8-7d2c-8f2f-2375bc1d2d12_63_372398.jpg Graphic file (t
ype bmp)
<images/01910e4c-ebb8-7d2c-8f2f-2375bc1d2d12_63_372398.jpg>
 [62]
File: images/01910e4c-ebb8-7d2c-8f2f-2375bc1d2d12_64_387607.jpg Graphic file (t
ype bmp)
<images/01910e4c-ebb8-7d2c-8f2f-2375bc1d2d12_64_387607.jpg>

Missing character: There is no ⏜ (U+23DC) in font [lmroman7-regular]:mapping=te
x-text;!
File: images/01910e4c-ebb8-7d2c-8f2f-2375bc1d2d12_64_519286.jpg Graphic file (t
ype bmp)
<images/01910e4c-ebb8-7d2c-8f2f-2375bc1d2d12_64_519286.jpg>
[63]
File: images/01910e4c-ebb8-7d2c-8f2f-2375bc1d2d12_65_867806.jpg Graphic file (t
ype bmp)
<images/01910e4c-ebb8-7d2c-8f2f-2375bc1d2d12_65_867806.jpg>
File: images/01910e4c-ebb8-7d2c-8f2f-2375bc1d2d12_65_497014.jpg Graphic file (t
ype bmp)
<images/01910e4c-ebb8-7d2c-8f2f-2375bc1d2d12_65_497014.jpg>
File: images/01910e4c-ebb8-7d2c-8f2f-2375bc1d2d12_65_686658.jpg Graphic file (t
ype bmp)
<images/01910e4c-ebb8-7d2c-8f2f-2375bc1d2d12_65_686658.jpg>
 [64]
File: images/01910e4c-ebb8-7d2c-8f2f-2375bc1d2d12_65_301811.jpg Graphic file (t
ype bmp)
<images/01910e4c-ebb8-7d2c-8f2f-2375bc1d2d12_65_301811.jpg>
File: images/01910e4c-ebb8-7d2c-8f2f-2375bc1d2d12_66_302224.jpg Graphic file (t
ype bmp)
<images/01910e4c-ebb8-7d2c-8f2f-2375bc1d2d12_66_302224.jpg>
 [65]
File: images/01910e4c-ebb8-7d2c-8f2f-2375bc1d2d12_67_503150.jpg Graphic file (t
ype bmp)
<images/01910e4c-ebb8-7d2c-8f2f-2375bc1d2d12_67_503150.jpg>
 [66]
File: images/01910e4c-ebb8-7d2c-8f2f-2375bc1d2d12_67_629174.jpg Graphic file (t
ype bmp)
<images/01910e4c-ebb8-7d2c-8f2f-2375bc1d2d12_67_629174.jpg>


Package hyperref Warning: Ignoring empty anchor on input line 2375.

Missing character: There is no ① (U+2460) in font [lmroman8-regular]:mapping=te
x-text;!
File: images/01910e4c-ebb8-7d2c-8f2f-2375bc1d2d12_68_432545.jpg Graphic file (t
ype bmp)
<images/01910e4c-ebb8-7d2c-8f2f-2375bc1d2d12_68_432545.jpg>
[67]
File: images/01910e4c-ebb8-7d2c-8f2f-2375bc1d2d12_68_942248.jpg Graphic file (t
ype bmp)
<images/01910e4c-ebb8-7d2c-8f2f-2375bc1d2d12_68_942248.jpg>
 [68]
File: images/01910e4c-ebb8-7d2c-8f2f-2375bc1d2d12_69_893278.jpg Graphic file (t
ype bmp)
<images/01910e4c-ebb8-7d2c-8f2f-2375bc1d2d12_69_893278.jpg>
File: images/01910e4c-ebb8-7d2c-8f2f-2375bc1d2d12_70_308945.jpg Graphic file (t
ype bmp)
<images/01910e4c-ebb8-7d2c-8f2f-2375bc1d2d12_70_308945.jpg>
 [69]
File: images/01910e4c-ebb8-7d2c-8f2f-2375bc1d2d12_71_585451.jpg Graphic file (t
ype bmp)
<images/01910e4c-ebb8-7d2c-8f2f-2375bc1d2d12_71_585451.jpg>
File: images/01910e4c-ebb8-7d2c-8f2f-2375bc1d2d12_71_932762.jpg Graphic file (t
ype bmp)
<images/01910e4c-ebb8-7d2c-8f2f-2375bc1d2d12_71_932762.jpg>
 [70]
File: images/01910e4c-ebb8-7d2c-8f2f-2375bc1d2d12_72_991675.jpg Graphic file (t
ype bmp)
<images/01910e4c-ebb8-7d2c-8f2f-2375bc1d2d12_72_991675.jpg>
File: images/01910e4c-ebb8-7d2c-8f2f-2375bc1d2d12_72_876037.jpg Graphic file (t
ype bmp)
<images/01910e4c-ebb8-7d2c-8f2f-2375bc1d2d12_72_876037.jpg>
File: images/01910e4c-ebb8-7d2c-8f2f-2375bc1d2d12_72_718742.jpg Graphic file (t
ype bmp)
<images/01910e4c-ebb8-7d2c-8f2f-2375bc1d2d12_72_718742.jpg>
 [71]
File: images/01910e4c-ebb8-7d2c-8f2f-2375bc1d2d12_73_124538.jpg Graphic file (t
ype bmp)
<images/01910e4c-ebb8-7d2c-8f2f-2375bc1d2d12_73_124538.jpg>
 [72]
File: images/01910e4c-ebb8-7d2c-8f2f-2375bc1d2d12_74_206063.jpg Graphic file (t
ype bmp)
<images/01910e4c-ebb8-7d2c-8f2f-2375bc1d2d12_74_206063.jpg>
File: images/01910e4c-ebb8-7d2c-8f2f-2375bc1d2d12_74_291623.jpg Graphic file (t
ype bmp)
<images/01910e4c-ebb8-7d2c-8f2f-2375bc1d2d12_74_291623.jpg>
 [73]
File: images/01910e4c-ebb8-7d2c-8f2f-2375bc1d2d12_75_228099.jpg Graphic file (t
ype bmp)
<images/01910e4c-ebb8-7d2c-8f2f-2375bc1d2d12_75_228099.jpg>
File: images/01910e4c-ebb8-7d2c-8f2f-2375bc1d2d12_75_935070.jpg Graphic file (t
ype bmp)
<images/01910e4c-ebb8-7d2c-8f2f-2375bc1d2d12_75_935070.jpg>
 [74]
File: images/01910e4c-ebb8-7d2c-8f2f-2375bc1d2d12_75_555361.jpg Graphic file (t
ype bmp)
<images/01910e4c-ebb8-7d2c-8f2f-2375bc1d2d12_75_555361.jpg>
File: images/01910e4c-ebb8-7d2c-8f2f-2375bc1d2d12_75_962372.jpg Graphic file (t
ype bmp)
<images/01910e4c-ebb8-7d2c-8f2f-2375bc1d2d12_75_962372.jpg>
File: images/01910e4c-ebb8-7d2c-8f2f-2375bc1d2d12_76_580141.jpg Graphic file (t
ype bmp)
<images/01910e4c-ebb8-7d2c-8f2f-2375bc1d2d12_76_580141.jpg>
 [75]
File: images/01910e4c-ebb8-7d2c-8f2f-2375bc1d2d12_76_159167.jpg Graphic file (t
ype bmp)
<images/01910e4c-ebb8-7d2c-8f2f-2375bc1d2d12_76_159167.jpg>
File: images/01910e4c-ebb8-7d2c-8f2f-2375bc1d2d12_77_919307.jpg Graphic file (t
ype bmp)
<images/01910e4c-ebb8-7d2c-8f2f-2375bc1d2d12_77_919307.jpg>
 [76]
File: images/01910e4c-ebb8-7d2c-8f2f-2375bc1d2d12_77_216945.jpg Graphic file (t
ype bmp)
<images/01910e4c-ebb8-7d2c-8f2f-2375bc1d2d12_77_216945.jpg>
File: images/01910e4c-ebb8-7d2c-8f2f-2375bc1d2d12_78_948725.jpg Graphic file (t
ype bmp)
<images/01910e4c-ebb8-7d2c-8f2f-2375bc1d2d12_78_948725.jpg>
 [77]
File: images/01910e4c-ebb8-7d2c-8f2f-2375bc1d2d12_78_791049.jpg Graphic file (t
ype bmp)
<images/01910e4c-ebb8-7d2c-8f2f-2375bc1d2d12_78_791049.jpg>


Package hyperref Warning: Ignoring empty anchor on input line 2777.

File: images/01910e4c-ebb8-7d2c-8f2f-2375bc1d2d12_79_842675.jpg Graphic file (t
ype bmp)
<images/01910e4c-ebb8-7d2c-8f2f-2375bc1d2d12_79_842675.jpg>
[78]
File: images/01910e4c-ebb8-7d2c-8f2f-2375bc1d2d12_79_467345.jpg Graphic file (t
ype bmp)
<images/01910e4c-ebb8-7d2c-8f2f-2375bc1d2d12_79_467345.jpg>
 [79]
File: images/01910e4c-ebb8-7d2c-8f2f-2375bc1d2d12_80_443295.jpg Graphic file (t
ype bmp)
<images/01910e4c-ebb8-7d2c-8f2f-2375bc1d2d12_80_443295.jpg>
File: images/01910e4c-ebb8-7d2c-8f2f-2375bc1d2d12_80_130609.jpg Graphic file (t
ype bmp)
<images/01910e4c-ebb8-7d2c-8f2f-2375bc1d2d12_80_130609.jpg>
 [80] [81]
File: images/01910e4c-ebb8-7d2c-8f2f-2375bc1d2d12_82_793053.jpg Graphic file (t
ype bmp)
<images/01910e4c-ebb8-7d2c-8f2f-2375bc1d2d12_82_793053.jpg>
File: images/01910e4c-ebb8-7d2c-8f2f-2375bc1d2d12_83_127297.jpg Graphic file (t
ype bmp)
<images/01910e4c-ebb8-7d2c-8f2f-2375bc1d2d12_83_127297.jpg>
 [82]
File: images/01910e4c-ebb8-7d2c-8f2f-2375bc1d2d12_83_642862.jpg Graphic file (t
ype bmp)
<images/01910e4c-ebb8-7d2c-8f2f-2375bc1d2d12_83_642862.jpg>
File: images/01910e4c-ebb8-7d2c-8f2f-2375bc1d2d12_83_607935.jpg Graphic file (t
ype bmp)
<images/01910e4c-ebb8-7d2c-8f2f-2375bc1d2d12_83_607935.jpg>
File: images/01910e4c-ebb8-7d2c-8f2f-2375bc1d2d12_84_750019.jpg Graphic file (t
ype bmp)
<images/01910e4c-ebb8-7d2c-8f2f-2375bc1d2d12_84_750019.jpg>
 [83]
File: images/01910e4c-ebb8-7d2c-8f2f-2375bc1d2d12_84_658542.jpg Graphic file (t
ype bmp)
<images/01910e4c-ebb8-7d2c-8f2f-2375bc1d2d12_84_658542.jpg>
 [84]
File: images/01910e4c-ebb8-7d2c-8f2f-2375bc1d2d12_85_791242.jpg Graphic file (t
ype bmp)
<images/01910e4c-ebb8-7d2c-8f2f-2375bc1d2d12_85_791242.jpg>
File: images/01910e4c-ebb8-7d2c-8f2f-2375bc1d2d12_85_608310.jpg Graphic file (t
ype bmp)
<images/01910e4c-ebb8-7d2c-8f2f-2375bc1d2d12_85_608310.jpg>
 [85]
File: images/01910e4c-ebb8-7d2c-8f2f-2375bc1d2d12_86_239349.jpg Graphic file (t
ype bmp)
<images/01910e4c-ebb8-7d2c-8f2f-2375bc1d2d12_86_239349.jpg>
File: images/01910e4c-ebb8-7d2c-8f2f-2375bc1d2d12_86_592555.jpg Graphic file (t
ype bmp)
<images/01910e4c-ebb8-7d2c-8f2f-2375bc1d2d12_86_592555.jpg>
 [86]
File: images/01910e4c-ebb8-7d2c-8f2f-2375bc1d2d12_87_990360.jpg Graphic file (t
ype bmp)
<images/01910e4c-ebb8-7d2c-8f2f-2375bc1d2d12_87_990360.jpg>
File: images/01910e4c-ebb8-7d2c-8f2f-2375bc1d2d12_87_628933.jpg Graphic file (t
ype bmp)
<images/01910e4c-ebb8-7d2c-8f2f-2375bc1d2d12_87_628933.jpg>
File: images/01910e4c-ebb8-7d2c-8f2f-2375bc1d2d12_87_514392.jpg Graphic file (t
ype bmp)
<images/01910e4c-ebb8-7d2c-8f2f-2375bc1d2d12_87_514392.jpg>
File: images/01910e4c-ebb8-7d2c-8f2f-2375bc1d2d12_87_214445.jpg Graphic file (t
ype bmp)
<images/01910e4c-ebb8-7d2c-8f2f-2375bc1d2d12_87_214445.jpg>
 [87]
File: images/01910e4c-ebb8-7d2c-8f2f-2375bc1d2d12_87_357469.jpg Graphic file (t
ype bmp)
<images/01910e4c-ebb8-7d2c-8f2f-2375bc1d2d12_87_357469.jpg>
File: images/01910e4c-ebb8-7d2c-8f2f-2375bc1d2d12_88_914921.jpg Graphic file (t
ype bmp)
<images/01910e4c-ebb8-7d2c-8f2f-2375bc1d2d12_88_914921.jpg>
File: images/01910e4c-ebb8-7d2c-8f2f-2375bc1d2d12_88_113757.jpg Graphic file (t
ype bmp)
<images/01910e4c-ebb8-7d2c-8f2f-2375bc1d2d12_88_113757.jpg>
File: images/01910e4c-ebb8-7d2c-8f2f-2375bc1d2d12_88_427693.jpg Graphic file (t
ype bmp)
<images/01910e4c-ebb8-7d2c-8f2f-2375bc1d2d12_88_427693.jpg>
 [88]
File: images/01910e4c-ebb8-7d2c-8f2f-2375bc1d2d12_88_781472.jpg Graphic file (t
ype bmp)
<images/01910e4c-ebb8-7d2c-8f2f-2375bc1d2d12_88_781472.jpg>
File: images/01910e4c-ebb8-7d2c-8f2f-2375bc1d2d12_88_267610.jpg Graphic file (t
ype bmp)
<images/01910e4c-ebb8-7d2c-8f2f-2375bc1d2d12_88_267610.jpg>
File: images/01910e4c-ebb8-7d2c-8f2f-2375bc1d2d12_88_604741.jpg Graphic file (t
ype bmp)
<images/01910e4c-ebb8-7d2c-8f2f-2375bc1d2d12_88_604741.jpg>
 [89]
File: images/01910e4c-ebb8-7d2c-8f2f-2375bc1d2d12_90_548438.jpg Graphic file (t
ype bmp)
<images/01910e4c-ebb8-7d2c-8f2f-2375bc1d2d12_90_548438.jpg>
File: images/01910e4c-ebb8-7d2c-8f2f-2375bc1d2d12_90_103386.jpg Graphic file (t
ype bmp)
<images/01910e4c-ebb8-7d2c-8f2f-2375bc1d2d12_90_103386.jpg>
 [90]
File: images/01910e4c-ebb8-7d2c-8f2f-2375bc1d2d12_90_889988.jpg Graphic file (t
ype bmp)
<images/01910e4c-ebb8-7d2c-8f2f-2375bc1d2d12_90_889988.jpg>


Package hyperref Warning: Ignoring empty anchor on input line 3175.

Missing character: There is no ① (U+2460) in font [lmroman8-regular]:mapping=te
x-text;!
[91]

Package hyperref Warning: Ignoring empty anchor on input line 3207.

Missing character: There is no ① (U+2460) in font [lmroman8-regular]:mapping=te
x-text;!
File: images/01910e4c-ebb8-7d2c-8f2f-2375bc1d2d12_92_889979.jpg Graphic file (t
ype bmp)
<images/01910e4c-ebb8-7d2c-8f2f-2375bc1d2d12_92_889979.jpg>
[92]
File: images/01910e4c-ebb8-7d2c-8f2f-2375bc1d2d12_93_556528.jpg Graphic file (t
ype bmp)
<images/01910e4c-ebb8-7d2c-8f2f-2375bc1d2d12_93_556528.jpg>
 [93]
File: images/01910e4c-ebb8-7d2c-8f2f-2375bc1d2d12_94_444329.jpg Graphic file (t
ype bmp)
<images/01910e4c-ebb8-7d2c-8f2f-2375bc1d2d12_94_444329.jpg>
File: images/01910e4c-ebb8-7d2c-8f2f-2375bc1d2d12_94_456472.jpg Graphic file (t
ype bmp)
<images/01910e4c-ebb8-7d2c-8f2f-2375bc1d2d12_94_456472.jpg>
 [94]
File: images/01910e4c-ebb8-7d2c-8f2f-2375bc1d2d12_94_963304.jpg Graphic file (t
ype bmp)
<images/01910e4c-ebb8-7d2c-8f2f-2375bc1d2d12_94_963304.jpg>
File: images/01910e4c-ebb8-7d2c-8f2f-2375bc1d2d12_94_896639.jpg Graphic file (t
ype bmp)
<images/01910e4c-ebb8-7d2c-8f2f-2375bc1d2d12_94_896639.jpg>
File: images/01910e4c-ebb8-7d2c-8f2f-2375bc1d2d12_95_416311.jpg Graphic file (t
ype bmp)
<images/01910e4c-ebb8-7d2c-8f2f-2375bc1d2d12_95_416311.jpg>
 [95]
File: images/01910e4c-ebb8-7d2c-8f2f-2375bc1d2d12_95_577406.jpg Graphic file (t
ype bmp)
<images/01910e4c-ebb8-7d2c-8f2f-2375bc1d2d12_95_577406.jpg>
 [96]
File: images/01910e4c-ebb8-7d2c-8f2f-2375bc1d2d12_96_489653.jpg Graphic file (t
ype bmp)
<images/01910e4c-ebb8-7d2c-8f2f-2375bc1d2d12_96_489653.jpg>
 [97]
File: images/01910e4c-ebb8-7d2c-8f2f-2375bc1d2d12_97_706496.jpg Graphic file (t
ype bmp)
<images/01910e4c-ebb8-7d2c-8f2f-2375bc1d2d12_97_706496.jpg>
File: images/01910e4c-ebb8-7d2c-8f2f-2375bc1d2d12_97_690247.jpg Graphic file (t
ype bmp)
<images/01910e4c-ebb8-7d2c-8f2f-2375bc1d2d12_97_690247.jpg>
File: images/01910e4c-ebb8-7d2c-8f2f-2375bc1d2d12_97_545043.jpg Graphic file (t
ype bmp)
<images/01910e4c-ebb8-7d2c-8f2f-2375bc1d2d12_97_545043.jpg>
 [98]
File: images/01910e4c-ebb8-7d2c-8f2f-2375bc1d2d12_98_797960.jpg Graphic file (t
ype bmp)
<images/01910e4c-ebb8-7d2c-8f2f-2375bc1d2d12_98_797960.jpg>

Missing character: There is no ① (U+2460) in font [lmroman10-regular]:mapping=t
ex-text;!
Missing character: There is no ① (U+2460) in font [lmroman10-regular]:mapping=t
ex-text;!
Missing character: There is no ① (U+2460) in font [lmroman7-regular]:mapping=te
x-text;!
Missing character: There is no ① (U+2460) in font [lmroman5-regular]:mapping=te
x-text;!
File: images/01910e4c-ebb8-7d2c-8f2f-2375bc1d2d12_98_101812.jpg Graphic file (t
ype bmp)
<images/01910e4c-ebb8-7d2c-8f2f-2375bc1d2d12_98_101812.jpg>
Missing character: There is no ② (U+2461) in font [lmroman10-regular]:mapping=t
ex-text;!
Missing character: There is no ② (U+2461) in font [lmroman10-regular]:mapping=t
ex-text;!
Missing character: There is no ② (U+2461) in font [lmroman7-regular]:mapping=te
x-text;!
Missing character: There is no ② (U+2461) in font [lmroman5-regular]:mapping=te
x-text;!
File: images/01910e4c-ebb8-7d2c-8f2f-2375bc1d2d12_98_938520.jpg Graphic file (t
ype bmp)
<images/01910e4c-ebb8-7d2c-8f2f-2375bc1d2d12_98_938520.jpg>
[99]
File: images/01910e4c-ebb8-7d2c-8f2f-2375bc1d2d12_98_845522.jpg Graphic file (t
ype bmp)
<images/01910e4c-ebb8-7d2c-8f2f-2375bc1d2d12_98_845522.jpg>


Package hyperref Warning: Ignoring empty anchor on input line 3493.

Missing character: There is no ① (U+2460) in font [lmroman8-regular]:mapping=te
x-text;!
Missing character: There is no ② (U+2461) in font [lmroman8-regular]:mapping=te
x-text;!
File: images/01910e4c-ebb8-7d2c-8f2f-2375bc1d2d12_99_729730.jpg Graphic file (t
ype bmp)
<images/01910e4c-ebb8-7d2c-8f2f-2375bc1d2d12_99_729730.jpg>
[100]
File: images/01910e4c-ebb8-7d2c-8f2f-2375bc1d2d12_99_715115.jpg Graphic file (t
ype bmp)
<images/01910e4c-ebb8-7d2c-8f2f-2375bc1d2d12_99_715115.jpg>
File: images/01910e4c-ebb8-7d2c-8f2f-2375bc1d2d12_99_974169.jpg Graphic file (t
ype bmp)
<images/01910e4c-ebb8-7d2c-8f2f-2375bc1d2d12_99_974169.jpg>
File: images/01910e4c-ebb8-7d2c-8f2f-2375bc1d2d12_100_566283.jpg Graphic file (
type bmp)
<images/01910e4c-ebb8-7d2c-8f2f-2375bc1d2d12_100_566283.jpg>
 [101]
File: images/01910e4c-ebb8-7d2c-8f2f-2375bc1d2d12_100_774881.jpg Graphic file (
type bmp)
<images/01910e4c-ebb8-7d2c-8f2f-2375bc1d2d12_100_774881.jpg>
File: images/01910e4c-ebb8-7d2c-8f2f-2375bc1d2d12_101_882900.jpg Graphic file (
type bmp)
<images/01910e4c-ebb8-7d2c-8f2f-2375bc1d2d12_101_882900.jpg>
File: images/01910e4c-ebb8-7d2c-8f2f-2375bc1d2d12_101_308251.jpg Graphic file (
type bmp)
<images/01910e4c-ebb8-7d2c-8f2f-2375bc1d2d12_101_308251.jpg>
 [102]
File: images/01910e4c-ebb8-7d2c-8f2f-2375bc1d2d12_102_923358.jpg Graphic file (
type bmp)
<images/01910e4c-ebb8-7d2c-8f2f-2375bc1d2d12_102_923358.jpg>
 [103]
Overfull \hbox (34.30801pt too wide) in paragraph at lines 3635--3636
[]\TU/FandolSong-Regular(0)/m/n/10 根 据 前 面 的 分 析\TU/lmr/m/n/10 , \TU/FandolSong
-Regular(0)/m/n/10 当 两 列 波 的 路 程 差 为 波 长 的 整 数 倍\TU/lmr/m/n/10 , \TU/FandolSong
-Regular(0)/m/n/10 即 $\OML/cmm/m/it/10 d[] \OT1/cmr/m/n/10 = [] []$
 []

[104]
File: images/01910e4c-ebb8-7d2c-8f2f-2375bc1d2d12_103_417125.jpg Graphic file (
type bmp)
<images/01910e4c-ebb8-7d2c-8f2f-2375bc1d2d12_103_417125.jpg>
File: images/01910e4c-ebb8-7d2c-8f2f-2375bc1d2d12_104_820542.jpg Graphic file (
type bmp)
<images/01910e4c-ebb8-7d2c-8f2f-2375bc1d2d12_104_820542.jpg>

Overfull \vbox (6.54611pt too high) detected at line 3679
 []

Package mdframed Info: Box was splittet wrong
 starting loop to iterate the splitting point
(mdframed)              on input line 3679.

Overfull \vbox (7.54611pt too high) detected at line 3679
 []


Overfull \vbox (8.54611pt too high) detected at line 3679
 []


Overfull \vbox (9.54611pt too high) detected at line 3679
 []


Overfull \vbox (10.54611pt too high) detected at line 3679
 []


Overfull \vbox (11.54611pt too high) detected at line 3679
 []


Overfull \vbox (12.54611pt too high) detected at line 3679
 []


Overfull \vbox (13.54611pt too high) detected at line 3679
 []


Overfull \vbox (14.54611pt too high) detected at line 3679
 []


Overfull \vbox (15.54611pt too high) detected at line 3679
 []


Overfull \vbox (16.54611pt too high) detected at line 3679
 []


Overfull \vbox (17.54611pt too high) detected at line 3679
 []


Overfull \vbox (18.54611pt too high) detected at line 3679
 []


Overfull \vbox (19.54611pt too high) detected at line 3679
 []


Overfull \vbox (20.54611pt too high) detected at line 3679
 []


Overfull \vbox (21.54611pt too high) detected at line 3679
 []


Overfull \vbox (22.54611pt too high) detected at line 3679
 []


Overfull \vbox (23.54611pt too high) detected at line 3679
 []


Overfull \vbox (24.54611pt too high) detected at line 3679
 []


Overfull \vbox (25.54611pt too high) detected at line 3679
 []


Overfull \vbox (26.54611pt too high) detected at line 3679
 []


Overfull \vbox (27.54611pt too high) detected at line 3679
 []


Overfull \vbox (28.54611pt too high) detected at line 3679
 []


Overfull \vbox (29.54611pt too high) detected at line 3679
 []


Overfull \vbox (30.54611pt too high) detected at line 3679
 []


Overfull \vbox (31.54611pt too high) detected at line 3679
 []


Overfull \vbox (32.54611pt too high) detected at line 3679
 []


Overfull \vbox (33.54611pt too high) detected at line 3679
 []


Overfull \vbox (34.54611pt too high) detected at line 3679
 []


Overfull \vbox (35.54611pt too high) detected at line 3679
 []


Overfull \vbox (36.54611pt too high) detected at line 3679
 []


Overfull \vbox (37.54611pt too high) detected at line 3679
 []


Overfull \vbox (38.54611pt too high) detected at line 3679
 []


Overfull \vbox (39.54611pt too high) detected at line 3679
 []


Overfull \vbox (40.54611pt too high) detected at line 3679
 []


Overfull \vbox (41.54611pt too high) detected at line 3679
 []


Overfull \vbox (42.54611pt too high) detected at line 3679
 []


Overfull \vbox (43.54611pt too high) detected at line 3679
 []


Overfull \vbox (44.54611pt too high) detected at line 3679
 []


Overfull \vbox (45.54611pt too high) detected at line 3679
 []


Overfull \vbox (46.54611pt too high) detected at line 3679
 []


Overfull \vbox (47.54611pt too high) detected at line 3679
 []


Overfull \vbox (48.54611pt too high) detected at line 3679
 []


Overfull \vbox (49.54611pt too high) detected at line 3679
 []


Overfull \vbox (50.54611pt too high) detected at line 3679
 []


Overfull \vbox (51.54611pt too high) detected at line 3679
 []


Overfull \vbox (52.54611pt too high) detected at line 3679
 []


Overfull \vbox (53.54611pt too high) detected at line 3679
 []


Overfull \vbox (54.54611pt too high) detected at line 3679
 []


Overfull \vbox (55.54611pt too high) detected at line 3679
 []


Overfull \vbox (56.54611pt too high) detected at line 3679
 []


Overfull \vbox (57.54611pt too high) detected at line 3679
 []


Overfull \vbox (58.54611pt too high) detected at line 3679
 []


Overfull \vbox (59.54611pt too high) detected at line 3679
 []


Overfull \vbox (60.54611pt too high) detected at line 3679
 []


Overfull \vbox (61.54611pt too high) detected at line 3679
 []


Overfull \vbox (62.54611pt too high) detected at line 3679
 []


Overfull \vbox (63.54611pt too high) detected at line 3679
 []


Overfull \vbox (64.54611pt too high) detected at line 3679
 []


Overfull \vbox (65.54611pt too high) detected at line 3679
 []


Overfull \vbox (66.54611pt too high) detected at line 3679
 []


Overfull \vbox (67.54611pt too high) detected at line 3679
 []


Overfull \vbox (68.54611pt too high) detected at line 3679
 []


Overfull \vbox (69.54611pt too high) detected at line 3679
 []


Overfull \vbox (70.54611pt too high) detected at line 3679
 []


Overfull \vbox (71.54611pt too high) detected at line 3679
 []


Overfull \vbox (72.54611pt too high) detected at line 3679
 []


Overfull \vbox (73.54611pt too high) detected at line 3679
 []


Overfull \vbox (74.54611pt too high) detected at line 3679
 []


Overfull \vbox (75.54611pt too high) detected at line 3679
 []


Overfull \vbox (76.54611pt too high) detected at line 3679
 []


Overfull \vbox (77.54611pt too high) detected at line 3679
 []


Overfull \vbox (78.54611pt too high) detected at line 3679
 []


Overfull \vbox (79.54611pt too high) detected at line 3679
 []


Overfull \vbox (80.54611pt too high) detected at line 3679
 []


Overfull \vbox (81.54611pt too high) detected at line 3679
 []


Overfull \vbox (82.54611pt too high) detected at line 3679
 []


Overfull \vbox (83.54611pt too high) detected at line 3679
 []


Overfull \vbox (84.54611pt too high) detected at line 3679
 []


Overfull \vbox (85.54611pt too high) detected at line 3679
 []


Overfull \vbox (86.54611pt too high) detected at line 3679
 []


Overfull \vbox (87.54611pt too high) detected at line 3679
 []


Overfull \vbox (88.54611pt too high) detected at line 3679
 []


Overfull \vbox (89.54611pt too high) detected at line 3679
 []


Overfull \vbox (90.54611pt too high) detected at line 3679
 []


Overfull \vbox (91.54611pt too high) detected at line 3679
 []


Overfull \vbox (92.54611pt too high) detected at line 3679
 []


Overfull \vbox (93.54611pt too high) detected at line 3679
 []


Overfull \vbox (94.54611pt too high) detected at line 3679
 []


Overfull \vbox (95.54611pt too high) detected at line 3679
 []


Overfull \vbox (96.54611pt too high) detected at line 3679
 []


Overfull \vbox (97.54611pt too high) detected at line 3679
 []


Overfull \vbox (98.54611pt too high) detected at line 3679
 []


Overfull \vbox (99.54611pt too high) detected at line 3679
 []


Overfull \vbox (100.54611pt too high) detected at line 3679
 []


Overfull \vbox (101.54611pt too high) detected at line 3679
 []


Overfull \vbox (102.54611pt too high) detected at line 3679
 []


Overfull \vbox (103.54611pt too high) detected at line 3679
 []


Overfull \vbox (104.54611pt too high) detected at line 3679
 []


Overfull \vbox (105.54611pt too high) detected at line 3679
 []


Overfull \vbox (106.54611pt too high) detected at line 3679
 []


Overfull \vbox (107.54611pt too high) detected at line 3679
 []


Package mdframed Warning: correct box splittet fails
 It seems you are using a non splittable contents
(mdframed)                 on input line 3679.

Package mdframed Info: You first box width is to small
 mdframed fixed it
(mdframed)              on input line 3679.
[105] [106]
File: images/01910e4c-ebb8-7d2c-8f2f-2375bc1d2d12_105_471367.jpg Graphic file (
type bmp)
<images/01910e4c-ebb8-7d2c-8f2f-2375bc1d2d12_105_471367.jpg>
File: images/01910e4c-ebb8-7d2c-8f2f-2375bc1d2d12_106_157676.jpg Graphic file (
type bmp)
<images/01910e4c-ebb8-7d2c-8f2f-2375bc1d2d12_106_157676.jpg>
File: images/01910e4c-ebb8-7d2c-8f2f-2375bc1d2d12_106_373584.jpg Graphic file (
type bmp)
<images/01910e4c-ebb8-7d2c-8f2f-2375bc1d2d12_106_373584.jpg>
 [107]
File: images/01910e4c-ebb8-7d2c-8f2f-2375bc1d2d12_107_297689.jpg Graphic file (
type bmp)
<images/01910e4c-ebb8-7d2c-8f2f-2375bc1d2d12_107_297689.jpg>
File: images/01910e4c-ebb8-7d2c-8f2f-2375bc1d2d12_107_213798.jpg Graphic file (
type bmp)
<images/01910e4c-ebb8-7d2c-8f2f-2375bc1d2d12_107_213798.jpg>
File: images/01910e4c-ebb8-7d2c-8f2f-2375bc1d2d12_107_573277.jpg Graphic file (
type bmp)
<images/01910e4c-ebb8-7d2c-8f2f-2375bc1d2d12_107_573277.jpg>
File: images/01910e4c-ebb8-7d2c-8f2f-2375bc1d2d12_107_320527.jpg Graphic file (
type bmp)
<images/01910e4c-ebb8-7d2c-8f2f-2375bc1d2d12_107_320527.jpg>
 [108]
File: images/01910e4c-ebb8-7d2c-8f2f-2375bc1d2d12_108_785097.jpg Graphic file (
type bmp)
<images/01910e4c-ebb8-7d2c-8f2f-2375bc1d2d12_108_785097.jpg>
 [109]
File: images/01910e4c-ebb8-7d2c-8f2f-2375bc1d2d12_108_920608.jpg Graphic file (
type bmp)
<images/01910e4c-ebb8-7d2c-8f2f-2375bc1d2d12_108_920608.jpg>
 [110]
File: images/01910e4c-ebb8-7d2c-8f2f-2375bc1d2d12_109_889390.jpg Graphic file (
type bmp)
<images/01910e4c-ebb8-7d2c-8f2f-2375bc1d2d12_109_889390.jpg>
File: images/01910e4c-ebb8-7d2c-8f2f-2375bc1d2d12_109_468213.jpg Graphic file (
type bmp)
<images/01910e4c-ebb8-7d2c-8f2f-2375bc1d2d12_109_468213.jpg>
File: images/01910e4c-ebb8-7d2c-8f2f-2375bc1d2d12_109_846335.jpg Graphic file (
type bmp)
<images/01910e4c-ebb8-7d2c-8f2f-2375bc1d2d12_109_846335.jpg>
 [111]
File: images/01910e4c-ebb8-7d2c-8f2f-2375bc1d2d12_110_332656.jpg Graphic file (
type bmp)
<images/01910e4c-ebb8-7d2c-8f2f-2375bc1d2d12_110_332656.jpg>
File: images/01910e4c-ebb8-7d2c-8f2f-2375bc1d2d12_110_247690.jpg Graphic file (
type bmp)
<images/01910e4c-ebb8-7d2c-8f2f-2375bc1d2d12_110_247690.jpg>
File: images/01910e4c-ebb8-7d2c-8f2f-2375bc1d2d12_110_180787.jpg Graphic file (
type bmp)
<images/01910e4c-ebb8-7d2c-8f2f-2375bc1d2d12_110_180787.jpg>
 [112]
File: images/01910e4c-ebb8-7d2c-8f2f-2375bc1d2d12_111_879365.jpg Graphic file (
type bmp)
<images/01910e4c-ebb8-7d2c-8f2f-2375bc1d2d12_111_879365.jpg>
File: images/01910e4c-ebb8-7d2c-8f2f-2375bc1d2d12_111_985517.jpg Graphic file (
type bmp)
<images/01910e4c-ebb8-7d2c-8f2f-2375bc1d2d12_111_985517.jpg>
 [113]
File: images/01910e4c-ebb8-7d2c-8f2f-2375bc1d2d12_112_290574.jpg Graphic file (
type bmp)
<images/01910e4c-ebb8-7d2c-8f2f-2375bc1d2d12_112_290574.jpg>
 [114]
File: images/01910e4c-ebb8-7d2c-8f2f-2375bc1d2d12_113_406212.jpg Graphic file (
type bmp)
<images/01910e4c-ebb8-7d2c-8f2f-2375bc1d2d12_113_406212.jpg>
File: images/01910e4c-ebb8-7d2c-8f2f-2375bc1d2d12_113_959154.jpg Graphic file (
type bmp)
<images/01910e4c-ebb8-7d2c-8f2f-2375bc1d2d12_113_959154.jpg>
 [115]
File: images/01910e4c-ebb8-7d2c-8f2f-2375bc1d2d12_113_725289.jpg Graphic file (
type bmp)
<images/01910e4c-ebb8-7d2c-8f2f-2375bc1d2d12_113_725289.jpg>
 [116]
File: images/01910e4c-ebb8-7d2c-8f2f-2375bc1d2d12_114_187052.jpg Graphic file (
type bmp)
<images/01910e4c-ebb8-7d2c-8f2f-2375bc1d2d12_114_187052.jpg>


Package hyperref Warning: Ignoring empty anchor on input line 4011.

Missing character: There is no ① (U+2460) in font [lmroman8-regular]:mapping=te
x-text;!
File: images/01910e4c-ebb8-7d2c-8f2f-2375bc1d2d12_115_308423.jpg Graphic file (
type bmp)
<images/01910e4c-ebb8-7d2c-8f2f-2375bc1d2d12_115_308423.jpg>
[117]
Package mdframed Info: Not enough space on this page on input line 4029.
File: images/01910e4c-ebb8-7d2c-8f2f-2375bc1d2d12_115_876151.jpg Graphic file (
type bmp)
<images/01910e4c-ebb8-7d2c-8f2f-2375bc1d2d12_115_876151.jpg>
File: images/01910e4c-ebb8-7d2c-8f2f-2375bc1d2d12_115_882647.jpg Graphic file (
type bmp)
<images/01910e4c-ebb8-7d2c-8f2f-2375bc1d2d12_115_882647.jpg>
 [118]
File: images/01910e4c-ebb8-7d2c-8f2f-2375bc1d2d12_116_555542.jpg Graphic file (
type bmp)
<images/01910e4c-ebb8-7d2c-8f2f-2375bc1d2d12_116_555542.jpg>
File: images/01910e4c-ebb8-7d2c-8f2f-2375bc1d2d12_117_562669.jpg Graphic file (
type bmp)
<images/01910e4c-ebb8-7d2c-8f2f-2375bc1d2d12_117_562669.jpg>
 [119]
File: images/01910e4c-ebb8-7d2c-8f2f-2375bc1d2d12_117_566791.jpg Graphic file (
type bmp)
<images/01910e4c-ebb8-7d2c-8f2f-2375bc1d2d12_117_566791.jpg>
 [120]
File: images/01910e4c-ebb8-7d2c-8f2f-2375bc1d2d12_118_209345.jpg Graphic file (
type bmp)
<images/01910e4c-ebb8-7d2c-8f2f-2375bc1d2d12_118_209345.jpg>
 [121]
File: images/01910e4c-ebb8-7d2c-8f2f-2375bc1d2d12_119_349396.jpg Graphic file (
type bmp)
<images/01910e4c-ebb8-7d2c-8f2f-2375bc1d2d12_119_349396.jpg>
File: images/01910e4c-ebb8-7d2c-8f2f-2375bc1d2d12_119_175704.jpg Graphic file (
type bmp)
<images/01910e4c-ebb8-7d2c-8f2f-2375bc1d2d12_119_175704.jpg>
File: images/01910e4c-ebb8-7d2c-8f2f-2375bc1d2d12_119_718190.jpg Graphic file (
type bmp)
<images/01910e4c-ebb8-7d2c-8f2f-2375bc1d2d12_119_718190.jpg>
 [122]
File: images/01910e4c-ebb8-7d2c-8f2f-2375bc1d2d12_120_191402.jpg Graphic file (
type bmp)
<images/01910e4c-ebb8-7d2c-8f2f-2375bc1d2d12_120_191402.jpg>
File: images/01910e4c-ebb8-7d2c-8f2f-2375bc1d2d12_120_639576.jpg Graphic file (
type bmp)
<images/01910e4c-ebb8-7d2c-8f2f-2375bc1d2d12_120_639576.jpg>
File: images/01910e4c-ebb8-7d2c-8f2f-2375bc1d2d12_120_201401.jpg Graphic file (
type bmp)
<images/01910e4c-ebb8-7d2c-8f2f-2375bc1d2d12_120_201401.jpg>
 [123]
Missing character: There is no ⏜ (U+23DC) in font [lmroman7-regular]:mapping=te
x-text;!
Missing character: There is no ⏜ (U+23DC) in font [lmroman7-regular]:mapping=te
x-text;!
Missing character: There is no ⏜ (U+23DC) in font [lmroman7-regular]:mapping=te
x-text;!
Missing character: There is no ⏜ (U+23DC) in font [lmroman7-regular]:mapping=te
x-text;!
File: images/01910e4c-ebb8-7d2c-8f2f-2375bc1d2d12_120_783303.jpg Graphic file (
type bmp)
<images/01910e4c-ebb8-7d2c-8f2f-2375bc1d2d12_120_783303.jpg>
[124]
File: images/01910e4c-ebb8-7d2c-8f2f-2375bc1d2d12_122_960585.jpg Graphic file (
type bmp)
<images/01910e4c-ebb8-7d2c-8f2f-2375bc1d2d12_122_960585.jpg>
 [125]
File: images/01910e4c-ebb8-7d2c-8f2f-2375bc1d2d12_122_859096.jpg Graphic file (
type bmp)
<images/01910e4c-ebb8-7d2c-8f2f-2375bc1d2d12_122_859096.jpg>
File: images/01910e4c-ebb8-7d2c-8f2f-2375bc1d2d12_122_311971.jpg Graphic file (
type bmp)
<images/01910e4c-ebb8-7d2c-8f2f-2375bc1d2d12_122_311971.jpg>
File: images/01910e4c-ebb8-7d2c-8f2f-2375bc1d2d12_123_773431.jpg Graphic file (
type bmp)
<images/01910e4c-ebb8-7d2c-8f2f-2375bc1d2d12_123_773431.jpg>
File: images/01910e4c-ebb8-7d2c-8f2f-2375bc1d2d12_123_826923.jpg Graphic file (
type bmp)
<images/01910e4c-ebb8-7d2c-8f2f-2375bc1d2d12_123_826923.jpg>
 [126] [127]
File: images/01910e4c-ebb8-7d2c-8f2f-2375bc1d2d12_124_161975.jpg Graphic file (
type bmp)
<images/01910e4c-ebb8-7d2c-8f2f-2375bc1d2d12_124_161975.jpg>
File: images/01910e4c-ebb8-7d2c-8f2f-2375bc1d2d12_125_263796.jpg Graphic file (
type bmp)
<images/01910e4c-ebb8-7d2c-8f2f-2375bc1d2d12_125_263796.jpg>
 [128]
Missing character: There is no 橫 (U+6A6B) in font [FandolSong-Regular.otf]/OT:l
anguage=dflt;!
[129]
File: images/01910e4c-ebb8-7d2c-8f2f-2375bc1d2d12_130_849513.jpg Graphic file (
type bmp)
<images/01910e4c-ebb8-7d2c-8f2f-2375bc1d2d12_130_849513.jpg>
 [130] (./01910e4c-ebb8-7d2c-8f2f-2375bc1d2d12_tex.aux)
 ***********
LaTeX2e <2023-11-01> patch level 1
L3 programming layer <2022/08/05>
 ***********
Package rerunfilecheck Info: File `01910e4c-ebb8-7d2c-8f2f-2375bc1d2d12_tex.out
' has not changed.
(rerunfilecheck)             Checksum: D41D8CD98F00B204E9800998ECF8427E;0.
 ) 
Here is how much of TeX's memory you used:
 18570 strings out of 474773
 487068 string characters out of 5757724
 1944839 words of memory out of 5000000
 40236 multiletter control sequences out of 15000+600000
 570083 words of font info for 95 fonts, out of 8000000 for 9000
 1348 hyphenation exceptions out of 8191
 79i,11n,93p,653b,470s stack positions out of 10000i,1000n,20000p,200000b,200000s

Output written on 01910e4c-ebb8-7d2c-8f2f-2375bc1d2d12_tex.pdf (130 pages).
